<?xml version="1.0" encoding="UTF-8"?>
<testsuite xmlns:xsi="http://www.w3.org/2001/XMLSchema-instance" xsi:noNamespaceSchemaLocation="https://maven.apache.org/surefire/maven-surefire-plugin/xsd/surefire-test-report-3.0.xsd" version="3.0" name="Smoke steps" time="55.768" tests="18" errors="18" skipped="0" failures="0">
  <properties>
    <property name="java.specification.version" value="19"/>
    <property name="webdriver.chrome.driver" value="C:\Users\ilyas\.cache\selenium\chromedriver\win32\109.0.5414.74\chromedriver.exe"/>
    <property name="cucumber" value="true"/>
    <property name="sun.cpu.isalist" value="amd64"/>
    <property name="sun.jnu.encoding" value="Cp1252"/>
    <property name="java.class.path" value="C:\Users\ilyas\IdeaProjects\java-webdriver-cucumber\target\test-classes;C:\Users\ilyas\IdeaProjects\java-webdriver-cucumber\target\classes;C:\Users\ilyas\.m2\repository\junit\junit\4.13.2\junit-4.13.2.jar;C:\Users\ilyas\.m2\repository\org\hamcrest\hamcrest-core\1.3\hamcrest-core-1.3.jar;C:\Users\ilyas\.m2\repository\org\apache\maven\surefire\surefire-junit47\3.0.0-M6\surefire-junit47-3.0.0-M6.jar;C:\Users\ilyas\.m2\repository\org\apache\maven\surefire\common-junit48\3.0.0-M6\common-junit48-3.0.0-M6.jar;C:\Users\ilyas\.m2\repository\org\apache\maven\surefire\common-junit4\3.0.0-M6\common-junit4-3.0.0-M6.jar;C:\Users\ilyas\.m2\repository\org\apache\maven\surefire\common-junit3\3.0.0-M6\common-junit3-3.0.0-M6.jar;C:\Users\ilyas\.m2\repository\org\apache\maven\surefire\common-java5\3.0.0-M6\common-java5-3.0.0-M6.jar;C:\Users\ilyas\.m2\repository\org\apache\maven\surefire\surefire-grouper\3.0.0-M6\surefire-grouper-3.0.0-M6.jar;C:\Users\ilyas\.m2\repository\org\apache\maven\surefire\surefire-api\3.0.0-M6\surefire-api-3.0.0-M6.jar;C:\Users\ilyas\.m2\repository\org\apache\maven\surefire\surefire-logger-api\3.0.0-M6\surefire-logger-api-3.0.0-M6.jar;C:\Users\ilyas\.m2\repository\org\apache\maven\surefire\surefire-shared-utils\3.0.0-M6\surefire-shared-utils-3.0.0-M6.jar;C:\Users\ilyas\.m2\repository\org\testng\testng\7.6.0\testng-7.6.0.jar;C:\Users\ilyas\.m2\repository\com\google\code\findbugs\jsr305\3.0.2\jsr305-3.0.2.jar;C:\Users\ilyas\.m2\repository\org\slf4j\slf4j-api\1.7.36\slf4j-api-1.7.36.jar;C:\Users\ilyas\.m2\repository\com\beust\jcommander\1.82\jcommander-1.82.jar;C:\Users\ilyas\.m2\repository\org\webjars\jquery\3.6.0\jquery-3.6.0.jar;C:\Users\ilyas\.m2\repository\io\github\bonigarcia\webdrivermanager\5.2.0\webdrivermanager-5.2.0.jar;C:\Users\ilyas\.m2\repository\com\google\code\gson\gson\2.9.0\gson-2.9.0.jar;C:\Users\ilyas\.m2\repository\com\github\docker-java\docker-java\3.2.13\docker-java-3.2.13.jar;C:\Users\ilyas\.m2\repository\com\github\docker-java\docker-java-core\3.2.13\docker-java-core-3.2.13.jar;C:\Users\ilyas\.m2\repository\com\github\docker-java\docker-java-api\3.2.13\docker-java-api-3.2.13.jar;C:\Users\ilyas\.m2\repository\org\apache\commons\commons-compress\1.21\commons-compress-1.21.jar;C:\Users\ilyas\.m2\repository\org\bouncycastle\bcpkix-jdk15on\1.64\bcpkix-jdk15on-1.64.jar;C:\Users\ilyas\.m2\repository\org\bouncycastle\bcprov-jdk15on\1.64\bcprov-jdk15on-1.64.jar;C:\Users\ilyas\.m2\repository\org\slf4j\jcl-over-slf4j\1.7.30\jcl-over-slf4j-1.7.30.jar;C:\Users\ilyas\.m2\repository\com\github\docker-java\docker-java-transport-httpclient5\3.2.13\docker-java-transport-httpclient5-3.2.13.jar;C:\Users\ilyas\.m2\repository\com\github\docker-java\docker-java-transport\3.2.13\docker-java-transport-3.2.13.jar;C:\Users\ilyas\.m2\repository\net\java\dev\jna\jna\5.8.0\jna-5.8.0.jar;C:\Users\ilyas\.m2\repository\org\brotli\dec\0.1.2\dec-0.1.2.jar;C:\Users\ilyas\.m2\repository\org\apache\commons\commons-lang3\3.12.0\commons-lang3-3.12.0.jar;C:\Users\ilyas\.m2\repository\org\apache\httpcomponents\client5\httpclient5\5.1.3\httpclient5-5.1.3.jar;C:\Users\ilyas\.m2\repository\org\apache\httpcomponents\core5\httpcore5\5.1.3\httpcore5-5.1.3.jar;C:\Users\ilyas\.m2\repository\org\apache\httpcomponents\core5\httpcore5-h2\5.1.3\httpcore5-h2-5.1.3.jar;C:\Users\ilyas\.m2\repository\org\seleniumhq\selenium\selenium-java\4.2.1\selenium-java-4.2.1.jar;C:\Users\ilyas\.m2\repository\org\seleniumhq\selenium\selenium-devtools-v100\4.2.1\selenium-devtools-v100-4.2.1.jar;C:\Users\ilyas\.m2\repository\org\seleniumhq\selenium\selenium-devtools-v101\4.2.1\selenium-devtools-v101-4.2.1.jar;C:\Users\ilyas\.m2\repository\org\seleniumhq\selenium\selenium-devtools-v102\4.2.1\selenium-devtools-v102-4.2.1.jar;C:\Users\ilyas\.m2\repository\org\seleniumhq\selenium\selenium-devtools-v85\4.2.1\selenium-devtools-v85-4.2.1.jar;C:\Users\ilyas\.m2\repository\org\seleniumhq\selenium\selenium-edge-driver\4.2.1\selenium-edge-driver-4.2.1.jar;C:\Users\ilyas\.m2\repository\org\seleniumhq\selenium\selenium-ie-driver\4.2.1\selenium-ie-driver-4.2.1.jar;C:\Users\ilyas\.m2\repository\org\seleniumhq\selenium\selenium-opera-driver\4.2.1\selenium-opera-driver-4.2.1.jar;C:\Users\ilyas\.m2\repository\org\seleniumhq\selenium\selenium-api\4.2.1\selenium-api-4.2.1.jar;C:\Users\ilyas\.m2\repository\org\seleniumhq\selenium\selenium-support\4.2.1\selenium-support-4.2.1.jar;C:\Users\ilyas\.m2\repository\com\google\auto\service\auto-service-annotations\1.0.1\auto-service-annotations-1.0.1.jar;C:\Users\ilyas\.m2\repository\com\google\auto\service\auto-service\1.0.1\auto-service-1.0.1.jar;C:\Users\ilyas\.m2\repository\com\google\auto\auto-common\1.2\auto-common-1.2.jar;C:\Users\ilyas\.m2\repository\com\google\guava\guava\31.1-jre\guava-31.1-jre.jar;C:\Users\ilyas\.m2\repository\com\google\guava\failureaccess\1.0.1\failureaccess-1.0.1.jar;C:\Users\ilyas\.m2\repository\com\google\guava\listenablefuture\9999.0-empty-to-avoid-conflict-with-guava\listenablefuture-9999.0-empty-to-avoid-conflict-with-guava.jar;C:\Users\ilyas\.m2\repository\org\checkerframework\checker-qual\3.12.0\checker-qual-3.12.0.jar;C:\Users\ilyas\.m2\repository\com\google\errorprone\error_prone_annotations\2.11.0\error_prone_annotations-2.11.0.jar;C:\Users\ilyas\.m2\repository\com\google\j2objc\j2objc-annotations\1.3\j2objc-annotations-1.3.jar;C:\Users\ilyas\.m2\repository\net\bytebuddy\byte-buddy\1.12.10\byte-buddy-1.12.10.jar;C:\Users\ilyas\.m2\repository\org\seleniumhq\selenium\selenium-json\4.2.1\selenium-json-4.2.1.jar;C:\Users\ilyas\.m2\repository\org\seleniumhq\selenium\selenium-chrome-driver\4.2.1\selenium-chrome-driver-4.2.1.jar;C:\Users\ilyas\.m2\repository\org\seleniumhq\selenium\selenium-chromium-driver\4.2.1\selenium-chromium-driver-4.2.1.jar;C:\Users\ilyas\.m2\repository\org\seleniumhq\selenium\selenium-safari-driver\4.2.1\selenium-safari-driver-4.2.1.jar;C:\Users\ilyas\.m2\repository\org\seleniumhq\selenium\selenium-firefox-driver\4.2.1\selenium-firefox-driver-4.2.1.jar;C:\Users\ilyas\.m2\repository\org\seleniumhq\selenium\selenium-remote-driver\4.2.1\selenium-remote-driver-4.2.1.jar;C:\Users\ilyas\.m2\repository\io\netty\netty-buffer\4.1.77.Final\netty-buffer-4.1.77.Final.jar;C:\Users\ilyas\.m2\repository\io\netty\netty-codec-http\4.1.77.Final\netty-codec-http-4.1.77.Final.jar;C:\Users\ilyas\.m2\repository\io\netty\netty-codec\4.1.77.Final\netty-codec-4.1.77.Final.jar;C:\Users\ilyas\.m2\repository\io\netty\netty-handler\4.1.77.Final\netty-handler-4.1.77.Final.jar;C:\Users\ilyas\.m2\repository\io\netty\netty-common\4.1.77.Final\netty-common-4.1.77.Final.jar;C:\Users\ilyas\.m2\repository\io\netty\netty-transport-classes-epoll\4.1.77.Final\netty-transport-classes-epoll-4.1.77.Final.jar;C:\Users\ilyas\.m2\repository\io\netty\netty-transport-classes-kqueue\4.1.77.Final\netty-transport-classes-kqueue-4.1.77.Final.jar;C:\Users\ilyas\.m2\repository\io\netty\netty-transport-native-epoll\4.1.77.Final\netty-transport-native-epoll-4.1.77.Final.jar;C:\Users\ilyas\.m2\repository\io\netty\netty-transport-native-kqueue\4.1.77.Final\netty-transport-native-kqueue-4.1.77.Final.jar;C:\Users\ilyas\.m2\repository\io\netty\netty-transport-native-unix-common\4.1.77.Final\netty-transport-native-unix-common-4.1.77.Final.jar;C:\Users\ilyas\.m2\repository\io\netty\netty-transport\4.1.77.Final\netty-transport-4.1.77.Final.jar;C:\Users\ilyas\.m2\repository\io\netty\netty-resolver\4.1.77.Final\netty-resolver-4.1.77.Final.jar;C:\Users\ilyas\.m2\repository\io\opentelemetry\opentelemetry-api\1.14.0\opentelemetry-api-1.14.0.jar;C:\Users\ilyas\.m2\repository\io\opentelemetry\opentelemetry-context\1.14.0\opentelemetry-context-1.14.0.jar;C:\Users\ilyas\.m2\repository\io\opentelemetry\opentelemetry-exporter-logging\1.14.0\opentelemetry-exporter-logging-1.14.0.jar;C:\Users\ilyas\.m2\repository\io\opentelemetry\opentelemetry-sdk-metrics\1.14.0\opentelemetry-sdk-metrics-1.14.0.jar;C:\Users\ilyas\.m2\repository\io\opentelemetry\opentelemetry-sdk-logs\1.14.0-alpha\opentelemetry-sdk-logs-1.14.0-alpha.jar;C:\Users\ilyas\.m2\repository\io\opentelemetry\opentelemetry-sdk-common\1.14.0\opentelemetry-sdk-common-1.14.0.jar;C:\Users\ilyas\.m2\repository\io\opentelemetry\opentelemetry-sdk-extension-autoconfigure-spi\1.14.0\opentelemetry-sdk-extension-autoconfigure-spi-1.14.0.jar;C:\Users\ilyas\.m2\repository\io\opentelemetry\opentelemetry-sdk-extension-autoconfigure\1.14.0-alpha\opentelemetry-sdk-extension-autoconfigure-1.14.0-alpha.jar;C:\Users\ilyas\.m2\repository\io\opentelemetry\opentelemetry-sdk-trace\1.14.0\opentelemetry-sdk-trace-1.14.0.jar;C:\Users\ilyas\.m2\repository\io\opentelemetry\opentelemetry-sdk\1.14.0\opentelemetry-sdk-1.14.0.jar;C:\Users\ilyas\.m2\repository\io\opentelemetry\opentelemetry-semconv\1.14.0-alpha\opentelemetry-semconv-1.14.0-alpha.jar;C:\Users\ilyas\.m2\repository\io\ous\jtoml\2.0.0\jtoml-2.0.0.jar;C:\Users\ilyas\.m2\repository\org\apache\commons\commons-exec\1.3\commons-exec-1.3.jar;C:\Users\ilyas\.m2\repository\org\asynchttpclient\async-http-client\2.12.3\async-http-client-2.12.3.jar;C:\Users\ilyas\.m2\repository\org\asynchttpclient\async-http-client-netty-utils\2.12.3\async-http-client-netty-utils-2.12.3.jar;C:\Users\ilyas\.m2\repository\io\netty\netty-codec-socks\4.1.60.Final\netty-codec-socks-4.1.60.Final.jar;C:\Users\ilyas\.m2\repository\io\netty\netty-handler-proxy\4.1.60.Final\netty-handler-proxy-4.1.60.Final.jar;C:\Users\ilyas\.m2\repository\io\netty\netty-transport-native-epoll\4.1.60.Final\netty-transport-native-epoll-4.1.60.Final-linux-x86_64.jar;C:\Users\ilyas\.m2\repository\io\netty\netty-transport-native-kqueue\4.1.60.Final\netty-transport-native-kqueue-4.1.60.Final-osx-x86_64.jar;C:\Users\ilyas\.m2\repository\org\reactivestreams\reactive-streams\1.0.3\reactive-streams-1.0.3.jar;C:\Users\ilyas\.m2\repository\com\typesafe\netty\netty-reactive-streams\2.0.4\netty-reactive-streams-2.0.4.jar;C:\Users\ilyas\.m2\repository\com\sun\activation\jakarta.activation\1.2.2\jakarta.activation-1.2.2.jar;C:\Users\ilyas\.m2\repository\org\seleniumhq\selenium\selenium-http\4.2.1\selenium-http-4.2.1.jar;C:\Users\ilyas\.m2\repository\dev\failsafe\failsafe\3.2.4\failsafe-3.2.4.jar;C:\Users\ilyas\.m2\repository\org\seleniumhq\selenium\selenium-server\4.0.0-alpha-2\selenium-server-4.0.0-alpha-2.jar;C:\Users\ilyas\.m2\repository\org\seleniumhq\selenium\grid\4.0.0-alpha-2\grid-4.0.0-alpha-2.jar;C:\Users\ilyas\.m2\repository\org\seleniumhq\selenium\selenium-edgehtml-driver\4.0.0-alpha-2\selenium-edgehtml-driver-4.0.0-alpha-2.jar;C:\Users\ilyas\.m2\repository\org\seleniumhq\selenium\jetty-repacked\9.4.12.v20180830.1\jetty-repacked-9.4.12.v20180830.1.jar;C:\Users\ilyas\.m2\repository\javax\servlet\javax.servlet-api\3.1.0\javax.servlet-api-3.1.0.jar;C:\Users\ilyas\.m2\repository\org\zeromq\jeromq\0.5.1\jeromq-0.5.1.jar;C:\Users\ilyas\.m2\repository\eu\neilalexander\jnacl\1.0.0\jnacl-1.0.0.jar;C:\Users\ilyas\.m2\repository\net\jcip\jcip-annotations\1.0\jcip-annotations-1.0.jar;C:\Users\ilyas\.m2\repository\net\sourceforge\htmlunit\htmlunit\2.61.0\htmlunit-2.61.0.jar;C:\Users\ilyas\.m2\repository\xalan\xalan\2.7.2\xalan-2.7.2.jar;C:\Users\ilyas\.m2\repository\xalan\serializer\2.7.2\serializer-2.7.2.jar;C:\Users\ilyas\.m2\repository\org\apache\httpcomponents\httpmime\4.5.13\httpmime-4.5.13.jar;C:\Users\ilyas\.m2\repository\net\sourceforge\htmlunit\htmlunit-core-js\2.61.1\htmlunit-core-js-2.61.1.jar;C:\Users\ilyas\.m2\repository\net\sourceforge\htmlunit\neko-htmlunit\2.61.0\neko-htmlunit-2.61.0.jar;C:\Users\ilyas\.m2\repository\xerces\xercesImpl\2.12.2\xercesImpl-2.12.2.jar;C:\Users\ilyas\.m2\repository\xml-apis\xml-apis\1.4.01\xml-apis-1.4.01.jar;C:\Users\ilyas\.m2\repository\net\sourceforge\htmlunit\htmlunit-cssparser\1.12.0\htmlunit-cssparser-1.12.0.jar;C:\Users\ilyas\.m2\repository\org\apache\commons\commons-text\1.9\commons-text-1.9.jar;C:\Users\ilyas\.m2\repository\commons-logging\commons-logging\1.2\commons-logging-1.2.jar;C:\Users\ilyas\.m2\repository\commons-net\commons-net\3.8.0\commons-net-3.8.0.jar;C:\Users\ilyas\.m2\repository\commons-codec\commons-codec\1.15\commons-codec-1.15.jar;C:\Users\ilyas\.m2\repository\com\shapesecurity\salvation2\3.0.0\salvation2-3.0.0.jar;C:\Users\ilyas\.m2\repository\org\eclipse\jetty\websocket\websocket-client\9.4.46.v20220331\websocket-client-9.4.46.v20220331.jar;C:\Users\ilyas\.m2\repository\org\eclipse\jetty\jetty-client\9.4.46.v20220331\jetty-client-9.4.46.v20220331.jar;C:\Users\ilyas\.m2\repository\org\eclipse\jetty\jetty-http\9.4.46.v20220331\jetty-http-9.4.46.v20220331.jar;C:\Users\ilyas\.m2\repository\org\eclipse\jetty\jetty-util\9.4.46.v20220331\jetty-util-9.4.46.v20220331.jar;C:\Users\ilyas\.m2\repository\org\eclipse\jetty\jetty-io\9.4.46.v20220331\jetty-io-9.4.46.v20220331.jar;C:\Users\ilyas\.m2\repository\org\eclipse\jetty\websocket\websocket-common\9.4.46.v20220331\websocket-common-9.4.46.v20220331.jar;C:\Users\ilyas\.m2\repository\org\eclipse\jetty\websocket\websocket-api\9.4.46.v20220331\websocket-api-9.4.46.v20220331.jar;C:\Users\ilyas\.m2\repository\org\seleniumhq\selenium\htmlunit-driver\3.61.0\htmlunit-driver-3.61.0.jar;C:\Users\ilyas\.m2\repository\io\cucumber\cucumber-java\7.3.4\cucumber-java-7.3.4.jar;C:\Users\ilyas\.m2\repository\io\cucumber\cucumber-core\7.3.4\cucumber-core-7.3.4.jar;C:\Users\ilyas\.m2\repository\io\cucumber\cucumber-gherkin\7.3.4\cucumber-gherkin-7.3.4.jar;C:\Users\ilyas\.m2\repository\io\cucumber\cucumber-gherkin-messages\7.3.4\cucumber-gherkin-messages-7.3.4.jar;C:\Users\ilyas\.m2\repository\io\cucumber\gherkin\23.0.1\gherkin-23.0.1.jar;C:\Users\ilyas\.m2\repository\io\cucumber\messages\18.0.0\messages-18.0.0.jar;C:\Users\ilyas\.m2\repository\io\cucumber\tag-expressions\4.1.0\tag-expressions-4.1.0.jar;C:\Users\ilyas\.m2\repository\io\cucumber\cucumber-plugin\7.3.4\cucumber-plugin-7.3.4.jar;C:\Users\ilyas\.m2\repository\io\cucumber\docstring\7.3.4\docstring-7.3.4.jar;C:\Users\ilyas\.m2\repository\io\cucumber\html-formatter\19.1.0\html-formatter-19.1.0.jar;C:\Users\ilyas\.m2\repository\io\cucumber\ci-environment\9.0.4\ci-environment-9.0.4.jar;C:\Users\ilyas\.m2\repository\org\apiguardian\apiguardian-api\1.1.2\apiguardian-api-1.1.2.jar;C:\Users\ilyas\.m2\repository\io\cucumber\cucumber-java8\7.3.4\cucumber-java8-7.3.4.jar;C:\Users\ilyas\.m2\repository\net\jodah\typetools\0.6.3\typetools-0.6.3.jar;C:\Users\ilyas\.m2\repository\io\cucumber\cucumber-junit\7.3.4\cucumber-junit-7.3.4.jar;C:\Users\ilyas\.m2\repository\io\cucumber\cucumber-testng\7.3.4\cucumber-testng-7.3.4.jar;C:\Users\ilyas\.m2\repository\io\cucumber\datatable\7.3.4\datatable-7.3.4.jar;C:\Users\ilyas\.m2\repository\io\cucumber\cucumber-expressions\15.2.0\cucumber-expressions-15.2.0.jar;C:\Users\ilyas\.m2\repository\org\assertj\assertj-core\3.23.1\assertj-core-3.23.1.jar;C:\Users\ilyas\.m2\repository\commons-io\commons-io\2.11.0\commons-io-2.11.0.jar;C:\Users\ilyas\.m2\repository\io\rest-assured\rest-assured\5.1.0\rest-assured-5.1.0.jar;C:\Users\ilyas\.m2\repository\org\apache\groovy\groovy\4.0.1\groovy-4.0.1.jar;C:\Users\ilyas\.m2\repository\org\apache\groovy\groovy-xml\4.0.1\groovy-xml-4.0.1.jar;C:\Users\ilyas\.m2\repository\org\apache\httpcomponents\httpclient\4.5.13\httpclient-4.5.13.jar;C:\Users\ilyas\.m2\repository\org\apache\httpcomponents\httpcore\4.4.13\httpcore-4.4.13.jar;C:\Users\ilyas\.m2\repository\org\hamcrest\hamcrest\2.1\hamcrest-2.1.jar;C:\Users\ilyas\.m2\repository\org\ccil\cowan\tagsoup\tagsoup\1.2.1\tagsoup-1.2.1.jar;C:\Users\ilyas\.m2\repository\io\rest-assured\json-path\5.1.0\json-path-5.1.0.jar;C:\Users\ilyas\.m2\repository\org\apache\groovy\groovy-json\4.0.1\groovy-json-4.0.1.jar;C:\Users\ilyas\.m2\repository\io\rest-assured\rest-assured-common\5.1.0\rest-assured-common-5.1.0.jar;C:\Users\ilyas\.m2\repository\io\rest-assured\xml-path\5.1.0\xml-path-5.1.0.jar;C:\Users\ilyas\.m2\repository\com\fasterxml\jackson\core\jackson-databind\2.13.3\jackson-databind-2.13.3.jar;C:\Users\ilyas\.m2\repository\com\fasterxml\jackson\core\jackson-annotations\2.13.3\jackson-annotations-2.13.3.jar;C:\Users\ilyas\.m2\repository\com\fasterxml\jackson\core\jackson-core\2.13.3\jackson-core-2.13.3.jar;C:\Users\ilyas\.m2\repository\org\hamcrest\hamcrest-all\1.3\hamcrest-all-1.3.jar;C:\Users\ilyas\.m2\repository\org\apache\logging\log4j\log4j-core\2.17.2\log4j-core-2.17.2.jar;C:\Users\ilyas\.m2\repository\org\apache\logging\log4j\log4j-api\2.17.2\log4j-api-2.17.2.jar;C:\Users\ilyas\.m2\repository\org\apache\logging\log4j\log4j-slf4j-impl\2.17.2\log4j-slf4j-impl-2.17.2.jar;C:\Users\ilyas\.m2\repository\org\yaml\snakeyaml\1.30\snakeyaml-1.30.jar;"/>
    <property name="java.vm.vendor" value="Oracle Corporation"/>
    <property name="sun.arch.data.model" value="64"/>
    <property name="user.variant" value=""/>
    <property name="java.vendor.url" value="https://java.oracle.com/"/>
    <property name="user.timezone" value="Europe/Budapest"/>
    <property name="os.name" value="Windows 11"/>
    <property name="java.vm.specification.version" value="19"/>
    <property name="webdriver.chrome.silentOutput" value="true"/>
    <property name="sun.java.launcher" value="SUN_STANDARD"/>
    <property name="user.country" value="GB"/>
    <property name="sun.boot.library.path" value="C:\Program Files\Java\jdk-19\bin"/>
    <property name="sun.java.command" value="C:\Users\ilyas\AppData\Local\Temp\surefire7767681785551708554\surefirebooter17850773190519687161.jar C:\Users\ilyas\AppData\Local\Temp\surefire7767681785551708554 2023-02-01T10-09-25_098-jvmRun1 surefire9104691190755406396tmp surefire_011610646047226671558tmp"/>
    <property name="jdk.debug" value="release"/>
    <property name="surefire.test.class.path" value="C:\Users\ilyas\IdeaProjects\java-webdriver-cucumber\target\test-classes;C:\Users\ilyas\IdeaProjects\java-webdriver-cucumber\target\classes;C:\Users\ilyas\.m2\repository\junit\junit\4.13.2\junit-4.13.2.jar;C:\Users\ilyas\.m2\repository\org\hamcrest\hamcrest-core\1.3\hamcrest-core-1.3.jar;C:\Users\ilyas\.m2\repository\org\apache\maven\surefire\surefire-junit47\3.0.0-M6\surefire-junit47-3.0.0-M6.jar;C:\Users\ilyas\.m2\repository\org\apache\maven\surefire\common-junit48\3.0.0-M6\common-junit48-3.0.0-M6.jar;C:\Users\ilyas\.m2\repository\org\apache\maven\surefire\common-junit4\3.0.0-M6\common-junit4-3.0.0-M6.jar;C:\Users\ilyas\.m2\repository\org\apache\maven\surefire\common-junit3\3.0.0-M6\common-junit3-3.0.0-M6.jar;C:\Users\ilyas\.m2\repository\org\apache\maven\surefire\common-java5\3.0.0-M6\common-java5-3.0.0-M6.jar;C:\Users\ilyas\.m2\repository\org\apache\maven\surefire\surefire-grouper\3.0.0-M6\surefire-grouper-3.0.0-M6.jar;C:\Users\ilyas\.m2\repository\org\apache\maven\surefire\surefire-api\3.0.0-M6\surefire-api-3.0.0-M6.jar;C:\Users\ilyas\.m2\repository\org\apache\maven\surefire\surefire-logger-api\3.0.0-M6\surefire-logger-api-3.0.0-M6.jar;C:\Users\ilyas\.m2\repository\org\apache\maven\surefire\surefire-shared-utils\3.0.0-M6\surefire-shared-utils-3.0.0-M6.jar;C:\Users\ilyas\.m2\repository\org\testng\testng\7.6.0\testng-7.6.0.jar;C:\Users\ilyas\.m2\repository\com\google\code\findbugs\jsr305\3.0.2\jsr305-3.0.2.jar;C:\Users\ilyas\.m2\repository\org\slf4j\slf4j-api\1.7.36\slf4j-api-1.7.36.jar;C:\Users\ilyas\.m2\repository\com\beust\jcommander\1.82\jcommander-1.82.jar;C:\Users\ilyas\.m2\repository\org\webjars\jquery\3.6.0\jquery-3.6.0.jar;C:\Users\ilyas\.m2\repository\io\github\bonigarcia\webdrivermanager\5.2.0\webdrivermanager-5.2.0.jar;C:\Users\ilyas\.m2\repository\com\google\code\gson\gson\2.9.0\gson-2.9.0.jar;C:\Users\ilyas\.m2\repository\com\github\docker-java\docker-java\3.2.13\docker-java-3.2.13.jar;C:\Users\ilyas\.m2\repository\com\github\docker-java\docker-java-core\3.2.13\docker-java-core-3.2.13.jar;C:\Users\ilyas\.m2\repository\com\github\docker-java\docker-java-api\3.2.13\docker-java-api-3.2.13.jar;C:\Users\ilyas\.m2\repository\org\apache\commons\commons-compress\1.21\commons-compress-1.21.jar;C:\Users\ilyas\.m2\repository\org\bouncycastle\bcpkix-jdk15on\1.64\bcpkix-jdk15on-1.64.jar;C:\Users\ilyas\.m2\repository\org\bouncycastle\bcprov-jdk15on\1.64\bcprov-jdk15on-1.64.jar;C:\Users\ilyas\.m2\repository\org\slf4j\jcl-over-slf4j\1.7.30\jcl-over-slf4j-1.7.30.jar;C:\Users\ilyas\.m2\repository\com\github\docker-java\docker-java-transport-httpclient5\3.2.13\docker-java-transport-httpclient5-3.2.13.jar;C:\Users\ilyas\.m2\repository\com\github\docker-java\docker-java-transport\3.2.13\docker-java-transport-3.2.13.jar;C:\Users\ilyas\.m2\repository\net\java\dev\jna\jna\5.8.0\jna-5.8.0.jar;C:\Users\ilyas\.m2\repository\org\brotli\dec\0.1.2\dec-0.1.2.jar;C:\Users\ilyas\.m2\repository\org\apache\commons\commons-lang3\3.12.0\commons-lang3-3.12.0.jar;C:\Users\ilyas\.m2\repository\org\apache\httpcomponents\client5\httpclient5\5.1.3\httpclient5-5.1.3.jar;C:\Users\ilyas\.m2\repository\org\apache\httpcomponents\core5\httpcore5\5.1.3\httpcore5-5.1.3.jar;C:\Users\ilyas\.m2\repository\org\apache\httpcomponents\core5\httpcore5-h2\5.1.3\httpcore5-h2-5.1.3.jar;C:\Users\ilyas\.m2\repository\org\seleniumhq\selenium\selenium-java\4.2.1\selenium-java-4.2.1.jar;C:\Users\ilyas\.m2\repository\org\seleniumhq\selenium\selenium-devtools-v100\4.2.1\selenium-devtools-v100-4.2.1.jar;C:\Users\ilyas\.m2\repository\org\seleniumhq\selenium\selenium-devtools-v101\4.2.1\selenium-devtools-v101-4.2.1.jar;C:\Users\ilyas\.m2\repository\org\seleniumhq\selenium\selenium-devtools-v102\4.2.1\selenium-devtools-v102-4.2.1.jar;C:\Users\ilyas\.m2\repository\org\seleniumhq\selenium\selenium-devtools-v85\4.2.1\selenium-devtools-v85-4.2.1.jar;C:\Users\ilyas\.m2\repository\org\seleniumhq\selenium\selenium-edge-driver\4.2.1\selenium-edge-driver-4.2.1.jar;C:\Users\ilyas\.m2\repository\org\seleniumhq\selenium\selenium-ie-driver\4.2.1\selenium-ie-driver-4.2.1.jar;C:\Users\ilyas\.m2\repository\org\seleniumhq\selenium\selenium-opera-driver\4.2.1\selenium-opera-driver-4.2.1.jar;C:\Users\ilyas\.m2\repository\org\seleniumhq\selenium\selenium-api\4.2.1\selenium-api-4.2.1.jar;C:\Users\ilyas\.m2\repository\org\seleniumhq\selenium\selenium-support\4.2.1\selenium-support-4.2.1.jar;C:\Users\ilyas\.m2\repository\com\google\auto\service\auto-service-annotations\1.0.1\auto-service-annotations-1.0.1.jar;C:\Users\ilyas\.m2\repository\com\google\auto\service\auto-service\1.0.1\auto-service-1.0.1.jar;C:\Users\ilyas\.m2\repository\com\google\auto\auto-common\1.2\auto-common-1.2.jar;C:\Users\ilyas\.m2\repository\com\google\guava\guava\31.1-jre\guava-31.1-jre.jar;C:\Users\ilyas\.m2\repository\com\google\guava\failureaccess\1.0.1\failureaccess-1.0.1.jar;C:\Users\ilyas\.m2\repository\com\google\guava\listenablefuture\9999.0-empty-to-avoid-conflict-with-guava\listenablefuture-9999.0-empty-to-avoid-conflict-with-guava.jar;C:\Users\ilyas\.m2\repository\org\checkerframework\checker-qual\3.12.0\checker-qual-3.12.0.jar;C:\Users\ilyas\.m2\repository\com\google\errorprone\error_prone_annotations\2.11.0\error_prone_annotations-2.11.0.jar;C:\Users\ilyas\.m2\repository\com\google\j2objc\j2objc-annotations\1.3\j2objc-annotations-1.3.jar;C:\Users\ilyas\.m2\repository\net\bytebuddy\byte-buddy\1.12.10\byte-buddy-1.12.10.jar;C:\Users\ilyas\.m2\repository\org\seleniumhq\selenium\selenium-json\4.2.1\selenium-json-4.2.1.jar;C:\Users\ilyas\.m2\repository\org\seleniumhq\selenium\selenium-chrome-driver\4.2.1\selenium-chrome-driver-4.2.1.jar;C:\Users\ilyas\.m2\repository\org\seleniumhq\selenium\selenium-chromium-driver\4.2.1\selenium-chromium-driver-4.2.1.jar;C:\Users\ilyas\.m2\repository\org\seleniumhq\selenium\selenium-safari-driver\4.2.1\selenium-safari-driver-4.2.1.jar;C:\Users\ilyas\.m2\repository\org\seleniumhq\selenium\selenium-firefox-driver\4.2.1\selenium-firefox-driver-4.2.1.jar;C:\Users\ilyas\.m2\repository\org\seleniumhq\selenium\selenium-remote-driver\4.2.1\selenium-remote-driver-4.2.1.jar;C:\Users\ilyas\.m2\repository\io\netty\netty-buffer\4.1.77.Final\netty-buffer-4.1.77.Final.jar;C:\Users\ilyas\.m2\repository\io\netty\netty-codec-http\4.1.77.Final\netty-codec-http-4.1.77.Final.jar;C:\Users\ilyas\.m2\repository\io\netty\netty-codec\4.1.77.Final\netty-codec-4.1.77.Final.jar;C:\Users\ilyas\.m2\repository\io\netty\netty-handler\4.1.77.Final\netty-handler-4.1.77.Final.jar;C:\Users\ilyas\.m2\repository\io\netty\netty-common\4.1.77.Final\netty-common-4.1.77.Final.jar;C:\Users\ilyas\.m2\repository\io\netty\netty-transport-classes-epoll\4.1.77.Final\netty-transport-classes-epoll-4.1.77.Final.jar;C:\Users\ilyas\.m2\repository\io\netty\netty-transport-classes-kqueue\4.1.77.Final\netty-transport-classes-kqueue-4.1.77.Final.jar;C:\Users\ilyas\.m2\repository\io\netty\netty-transport-native-epoll\4.1.77.Final\netty-transport-native-epoll-4.1.77.Final.jar;C:\Users\ilyas\.m2\repository\io\netty\netty-transport-native-kqueue\4.1.77.Final\netty-transport-native-kqueue-4.1.77.Final.jar;C:\Users\ilyas\.m2\repository\io\netty\netty-transport-native-unix-common\4.1.77.Final\netty-transport-native-unix-common-4.1.77.Final.jar;C:\Users\ilyas\.m2\repository\io\netty\netty-transport\4.1.77.Final\netty-transport-4.1.77.Final.jar;C:\Users\ilyas\.m2\repository\io\netty\netty-resolver\4.1.77.Final\netty-resolver-4.1.77.Final.jar;C:\Users\ilyas\.m2\repository\io\opentelemetry\opentelemetry-api\1.14.0\opentelemetry-api-1.14.0.jar;C:\Users\ilyas\.m2\repository\io\opentelemetry\opentelemetry-context\1.14.0\opentelemetry-context-1.14.0.jar;C:\Users\ilyas\.m2\repository\io\opentelemetry\opentelemetry-exporter-logging\1.14.0\opentelemetry-exporter-logging-1.14.0.jar;C:\Users\ilyas\.m2\repository\io\opentelemetry\opentelemetry-sdk-metrics\1.14.0\opentelemetry-sdk-metrics-1.14.0.jar;C:\Users\ilyas\.m2\repository\io\opentelemetry\opentelemetry-sdk-logs\1.14.0-alpha\opentelemetry-sdk-logs-1.14.0-alpha.jar;C:\Users\ilyas\.m2\repository\io\opentelemetry\opentelemetry-sdk-common\1.14.0\opentelemetry-sdk-common-1.14.0.jar;C:\Users\ilyas\.m2\repository\io\opentelemetry\opentelemetry-sdk-extension-autoconfigure-spi\1.14.0\opentelemetry-sdk-extension-autoconfigure-spi-1.14.0.jar;C:\Users\ilyas\.m2\repository\io\opentelemetry\opentelemetry-sdk-extension-autoconfigure\1.14.0-alpha\opentelemetry-sdk-extension-autoconfigure-1.14.0-alpha.jar;C:\Users\ilyas\.m2\repository\io\opentelemetry\opentelemetry-sdk-trace\1.14.0\opentelemetry-sdk-trace-1.14.0.jar;C:\Users\ilyas\.m2\repository\io\opentelemetry\opentelemetry-sdk\1.14.0\opentelemetry-sdk-1.14.0.jar;C:\Users\ilyas\.m2\repository\io\opentelemetry\opentelemetry-semconv\1.14.0-alpha\opentelemetry-semconv-1.14.0-alpha.jar;C:\Users\ilyas\.m2\repository\io\ous\jtoml\2.0.0\jtoml-2.0.0.jar;C:\Users\ilyas\.m2\repository\org\apache\commons\commons-exec\1.3\commons-exec-1.3.jar;C:\Users\ilyas\.m2\repository\org\asynchttpclient\async-http-client\2.12.3\async-http-client-2.12.3.jar;C:\Users\ilyas\.m2\repository\org\asynchttpclient\async-http-client-netty-utils\2.12.3\async-http-client-netty-utils-2.12.3.jar;C:\Users\ilyas\.m2\repository\io\netty\netty-codec-socks\4.1.60.Final\netty-codec-socks-4.1.60.Final.jar;C:\Users\ilyas\.m2\repository\io\netty\netty-handler-proxy\4.1.60.Final\netty-handler-proxy-4.1.60.Final.jar;C:\Users\ilyas\.m2\repository\io\netty\netty-transport-native-epoll\4.1.60.Final\netty-transport-native-epoll-4.1.60.Final-linux-x86_64.jar;C:\Users\ilyas\.m2\repository\io\netty\netty-transport-native-kqueue\4.1.60.Final\netty-transport-native-kqueue-4.1.60.Final-osx-x86_64.jar;C:\Users\ilyas\.m2\repository\org\reactivestreams\reactive-streams\1.0.3\reactive-streams-1.0.3.jar;C:\Users\ilyas\.m2\repository\com\typesafe\netty\netty-reactive-streams\2.0.4\netty-reactive-streams-2.0.4.jar;C:\Users\ilyas\.m2\repository\com\sun\activation\jakarta.activation\1.2.2\jakarta.activation-1.2.2.jar;C:\Users\ilyas\.m2\repository\org\seleniumhq\selenium\selenium-http\4.2.1\selenium-http-4.2.1.jar;C:\Users\ilyas\.m2\repository\dev\failsafe\failsafe\3.2.4\failsafe-3.2.4.jar;C:\Users\ilyas\.m2\repository\org\seleniumhq\selenium\selenium-server\4.0.0-alpha-2\selenium-server-4.0.0-alpha-2.jar;C:\Users\ilyas\.m2\repository\org\seleniumhq\selenium\grid\4.0.0-alpha-2\grid-4.0.0-alpha-2.jar;C:\Users\ilyas\.m2\repository\org\seleniumhq\selenium\selenium-edgehtml-driver\4.0.0-alpha-2\selenium-edgehtml-driver-4.0.0-alpha-2.jar;C:\Users\ilyas\.m2\repository\org\seleniumhq\selenium\jetty-repacked\9.4.12.v20180830.1\jetty-repacked-9.4.12.v20180830.1.jar;C:\Users\ilyas\.m2\repository\javax\servlet\javax.servlet-api\3.1.0\javax.servlet-api-3.1.0.jar;C:\Users\ilyas\.m2\repository\org\zeromq\jeromq\0.5.1\jeromq-0.5.1.jar;C:\Users\ilyas\.m2\repository\eu\neilalexander\jnacl\1.0.0\jnacl-1.0.0.jar;C:\Users\ilyas\.m2\repository\net\jcip\jcip-annotations\1.0\jcip-annotations-1.0.jar;C:\Users\ilyas\.m2\repository\net\sourceforge\htmlunit\htmlunit\2.61.0\htmlunit-2.61.0.jar;C:\Users\ilyas\.m2\repository\xalan\xalan\2.7.2\xalan-2.7.2.jar;C:\Users\ilyas\.m2\repository\xalan\serializer\2.7.2\serializer-2.7.2.jar;C:\Users\ilyas\.m2\repository\org\apache\httpcomponents\httpmime\4.5.13\httpmime-4.5.13.jar;C:\Users\ilyas\.m2\repository\net\sourceforge\htmlunit\htmlunit-core-js\2.61.1\htmlunit-core-js-2.61.1.jar;C:\Users\ilyas\.m2\repository\net\sourceforge\htmlunit\neko-htmlunit\2.61.0\neko-htmlunit-2.61.0.jar;C:\Users\ilyas\.m2\repository\xerces\xercesImpl\2.12.2\xercesImpl-2.12.2.jar;C:\Users\ilyas\.m2\repository\xml-apis\xml-apis\1.4.01\xml-apis-1.4.01.jar;C:\Users\ilyas\.m2\repository\net\sourceforge\htmlunit\htmlunit-cssparser\1.12.0\htmlunit-cssparser-1.12.0.jar;C:\Users\ilyas\.m2\repository\org\apache\commons\commons-text\1.9\commons-text-1.9.jar;C:\Users\ilyas\.m2\repository\commons-logging\commons-logging\1.2\commons-logging-1.2.jar;C:\Users\ilyas\.m2\repository\commons-net\commons-net\3.8.0\commons-net-3.8.0.jar;C:\Users\ilyas\.m2\repository\commons-codec\commons-codec\1.15\commons-codec-1.15.jar;C:\Users\ilyas\.m2\repository\com\shapesecurity\salvation2\3.0.0\salvation2-3.0.0.jar;C:\Users\ilyas\.m2\repository\org\eclipse\jetty\websocket\websocket-client\9.4.46.v20220331\websocket-client-9.4.46.v20220331.jar;C:\Users\ilyas\.m2\repository\org\eclipse\jetty\jetty-client\9.4.46.v20220331\jetty-client-9.4.46.v20220331.jar;C:\Users\ilyas\.m2\repository\org\eclipse\jetty\jetty-http\9.4.46.v20220331\jetty-http-9.4.46.v20220331.jar;C:\Users\ilyas\.m2\repository\org\eclipse\jetty\jetty-util\9.4.46.v20220331\jetty-util-9.4.46.v20220331.jar;C:\Users\ilyas\.m2\repository\org\eclipse\jetty\jetty-io\9.4.46.v20220331\jetty-io-9.4.46.v20220331.jar;C:\Users\ilyas\.m2\repository\org\eclipse\jetty\websocket\websocket-common\9.4.46.v20220331\websocket-common-9.4.46.v20220331.jar;C:\Users\ilyas\.m2\repository\org\eclipse\jetty\websocket\websocket-api\9.4.46.v20220331\websocket-api-9.4.46.v20220331.jar;C:\Users\ilyas\.m2\repository\org\seleniumhq\selenium\htmlunit-driver\3.61.0\htmlunit-driver-3.61.0.jar;C:\Users\ilyas\.m2\repository\io\cucumber\cucumber-java\7.3.4\cucumber-java-7.3.4.jar;C:\Users\ilyas\.m2\repository\io\cucumber\cucumber-core\7.3.4\cucumber-core-7.3.4.jar;C:\Users\ilyas\.m2\repository\io\cucumber\cucumber-gherkin\7.3.4\cucumber-gherkin-7.3.4.jar;C:\Users\ilyas\.m2\repository\io\cucumber\cucumber-gherkin-messages\7.3.4\cucumber-gherkin-messages-7.3.4.jar;C:\Users\ilyas\.m2\repository\io\cucumber\gherkin\23.0.1\gherkin-23.0.1.jar;C:\Users\ilyas\.m2\repository\io\cucumber\messages\18.0.0\messages-18.0.0.jar;C:\Users\ilyas\.m2\repository\io\cucumber\tag-expressions\4.1.0\tag-expressions-4.1.0.jar;C:\Users\ilyas\.m2\repository\io\cucumber\cucumber-plugin\7.3.4\cucumber-plugin-7.3.4.jar;C:\Users\ilyas\.m2\repository\io\cucumber\docstring\7.3.4\docstring-7.3.4.jar;C:\Users\ilyas\.m2\repository\io\cucumber\html-formatter\19.1.0\html-formatter-19.1.0.jar;C:\Users\ilyas\.m2\repository\io\cucumber\ci-environment\9.0.4\ci-environment-9.0.4.jar;C:\Users\ilyas\.m2\repository\org\apiguardian\apiguardian-api\1.1.2\apiguardian-api-1.1.2.jar;C:\Users\ilyas\.m2\repository\io\cucumber\cucumber-java8\7.3.4\cucumber-java8-7.3.4.jar;C:\Users\ilyas\.m2\repository\net\jodah\typetools\0.6.3\typetools-0.6.3.jar;C:\Users\ilyas\.m2\repository\io\cucumber\cucumber-junit\7.3.4\cucumber-junit-7.3.4.jar;C:\Users\ilyas\.m2\repository\io\cucumber\cucumber-testng\7.3.4\cucumber-testng-7.3.4.jar;C:\Users\ilyas\.m2\repository\io\cucumber\datatable\7.3.4\datatable-7.3.4.jar;C:\Users\ilyas\.m2\repository\io\cucumber\cucumber-expressions\15.2.0\cucumber-expressions-15.2.0.jar;C:\Users\ilyas\.m2\repository\org\assertj\assertj-core\3.23.1\assertj-core-3.23.1.jar;C:\Users\ilyas\.m2\repository\commons-io\commons-io\2.11.0\commons-io-2.11.0.jar;C:\Users\ilyas\.m2\repository\io\rest-assured\rest-assured\5.1.0\rest-assured-5.1.0.jar;C:\Users\ilyas\.m2\repository\org\apache\groovy\groovy\4.0.1\groovy-4.0.1.jar;C:\Users\ilyas\.m2\repository\org\apache\groovy\groovy-xml\4.0.1\groovy-xml-4.0.1.jar;C:\Users\ilyas\.m2\repository\org\apache\httpcomponents\httpclient\4.5.13\httpclient-4.5.13.jar;C:\Users\ilyas\.m2\repository\org\apache\httpcomponents\httpcore\4.4.13\httpcore-4.4.13.jar;C:\Users\ilyas\.m2\repository\org\hamcrest\hamcrest\2.1\hamcrest-2.1.jar;C:\Users\ilyas\.m2\repository\org\ccil\cowan\tagsoup\tagsoup\1.2.1\tagsoup-1.2.1.jar;C:\Users\ilyas\.m2\repository\io\rest-assured\json-path\5.1.0\json-path-5.1.0.jar;C:\Users\ilyas\.m2\repository\org\apache\groovy\groovy-json\4.0.1\groovy-json-4.0.1.jar;C:\Users\ilyas\.m2\repository\io\rest-assured\rest-assured-common\5.1.0\rest-assured-common-5.1.0.jar;C:\Users\ilyas\.m2\repository\io\rest-assured\xml-path\5.1.0\xml-path-5.1.0.jar;C:\Users\ilyas\.m2\repository\com\fasterxml\jackson\core\jackson-databind\2.13.3\jackson-databind-2.13.3.jar;C:\Users\ilyas\.m2\repository\com\fasterxml\jackson\core\jackson-annotations\2.13.3\jackson-annotations-2.13.3.jar;C:\Users\ilyas\.m2\repository\com\fasterxml\jackson\core\jackson-core\2.13.3\jackson-core-2.13.3.jar;C:\Users\ilyas\.m2\repository\org\hamcrest\hamcrest-all\1.3\hamcrest-all-1.3.jar;C:\Users\ilyas\.m2\repository\org\apache\logging\log4j\log4j-core\2.17.2\log4j-core-2.17.2.jar;C:\Users\ilyas\.m2\repository\org\apache\logging\log4j\log4j-api\2.17.2\log4j-api-2.17.2.jar;C:\Users\ilyas\.m2\repository\org\apache\logging\log4j\log4j-slf4j-impl\2.17.2\log4j-slf4j-impl-2.17.2.jar;C:\Users\ilyas\.m2\repository\org\yaml\snakeyaml\1.30\snakeyaml-1.30.jar;"/>
    <property name="sun.cpu.endian" value="little"/>
    <property name="user.home" value="C:\Users\ilyas"/>
    <property name="user.language" value="en"/>
    <property name="java.specification.vendor" value="Oracle Corporation"/>
    <property name="java.version.date" value="2023-01-17"/>
    <property name="java.home" value="C:\Program Files\Java\jdk-19"/>
    <property name="file.separator" value="\"/>
    <property name="basedir" value="C:\Users\ilyas\IdeaProjects\java-webdriver-cucumber"/>
    <property name="java.vm.compressedOopsMode" value="Zero based"/>
    <property name="line.separator" value="&#10;"/>
    <property name="java.vm.specification.vendor" value="Oracle Corporation"/>
    <property name="java.specification.name" value="Java Platform API Specification"/>
    <property name="surefire.real.class.path" value="C:\Users\ilyas\AppData\Local\Temp\surefire7767681785551708554\surefirebooter17850773190519687161.jar"/>
    <property name="user.script" value=""/>
    <property name="sun.management.compiler" value="HotSpot 64-Bit Tiered Compilers"/>
    <property name="java.runtime.version" value="19.0.2+7-44"/>
    <property name="user.name" value="ilyas"/>
    <property name="stdout.encoding" value="Cp1252"/>
    <property name="path.separator" value=";"/>
    <property name="os.version" value="10.0"/>
    <property name="java.runtime.name" value="Java(TM) SE Runtime Environment"/>
    <property name="file.encoding" value="UTF-8"/>
    <property name="java.vm.name" value="Java HotSpot(TM) 64-Bit Server VM"/>
    <property name="localRepository" value="C:\Users\ilyas\.m2\repository"/>
    <property name="java.vendor.url.bug" value="https://bugreport.java.com/bugreport/"/>
    <property name="java.io.tmpdir" value="C:\Users\ilyas\AppData\Local\Temp\"/>
    <property name="java.version" value="19.0.2"/>
    <property name="user.dir" value="C:\Users\ilyas\IdeaProjects\java-webdriver-cucumber"/>
    <property name="os.arch" value="amd64"/>
    <property name="java.vm.specification.name" value="Java Virtual Machine Specification"/>
    <property name="sun.os.patch.level" value=""/>
    <property name="native.encoding" value="Cp1252"/>
    <property name="java.library.path" value="C:\Program Files\Java\jdk-19\bin;C:\WINDOWS\Sun\Java\bin;C:\WINDOWS\system32;C:\WINDOWS;C:\Python310\Scripts\;C:\Python310\;C:\Program Files\Common Files\Oracle\Java\javapath;C:\Program Files (x86)\Intel\Intel(R) Management Engine Components\iCLS\;C:\Program Files\Intel\Intel(R) Management Engine Components\iCLS\;C:\Windows\system32;C:\Windows;C:\Windows\System32\Wbem;C:\Windows\System32\WindowsPowerShell\v1.0\;C:\Windows\System32\OpenSSH\;C:\Program Files (x86)\NVIDIA Corporation\PhysX\Common;C:\Program Files (x86)\Intel\Intel(R) Management Engine Components\DAL;C:\Program Files\Intel\Intel(R) Management Engine Components\DAL;C:\Program Files (x86)\Intel\Intel(R) Management Engine Components\IPT;C:\Program Files\Intel\Intel(R) Management Engine Components\IPT;C:\Program Files\Intel\WiFi\bin\;C:\Program Files\Common Files\Intel\WirelessCommon\;C:\WINDOWS\system32;C:\WINDOWS;C:\WINDOWS\System32\Wbem;C:\WINDOWS\System32\WindowsPowerShell\v1.0\;C:\WINDOWS\System32\OpenSSH\;C:\Program Files\NVIDIA Corporation\NVIDIA NvDLISR;C:\Program Files (x86)\Microsoft SQL Server\100\Tools\Binn\;C:\Program Files\Microsoft SQL Server\100\Tools\Binn\;C:\Program Files (x86)\Microsoft SQL Server\100\Tools\Binn\VSShell\Common7\IDE\;C:\Program Files (x86)\Microsoft SQL Server\100\DTS\Binn\;C:\WINDOWS\system32;C:\WINDOWS;C:\WINDOWS\System32\Wbem;C:\WINDOWS\System32\WindowsPowerShell\v1.0\;C:\WINDOWS\System32\OpenSSH\;C:\Program Files (x86)\IVI Foundation\VISA\WinNT\Bin\;C:\Program Files\IVI Foundation\VISA\Win64\Bin\;C:\Program Files (x86)\IVI Foundation\IVI\bin;C:\Program Files\IVI Foundation\IVI\bin;C:\Program Files (x86)\IVI Foundation\VISA\WinNT\Bin;C:\Program Files (x86)\Microsoft SQL Server\150\DTS\Binn\;C:\Program Files\Azure Data Studio\bin;C:\Program Files\dotnet\;C:\Program Files\Microsoft SQL Server\Client SDK\ODBC\170\Tools\Binn\;C:\Program Files (x86)\Microsoft SQL Server\150\Tools\Binn\;C:\Program Files\Microsoft SQL Server\150\Tools\Binn\;C:\Program Files\Microsoft SQL Server\150\DTS\Binn\;C:\ProgramData\chocolatey\bin;C:\Program Files (x86)\Windows Kits\10\Windows Performance Toolkit\;C:\Program Files (x86)\nodejs\;C:\Program Files\Git\cmd;C:\Program Files\MySQL\MySQL Shell 8.0\bin\;C:\Users\ilyas\AppData\Local\Microsoft\WindowsApps;C:\Program Files\Azure Data Studio\bin;C:\Users\ilyas\.dotnet\tools;C:\Users\ilyas\AppData\Local\gitkraken\bin;C:\Users\ilyas\AppData\Local\Microsoft\WindowsApps;C:\Users\ilyas\.dotnet\tools;C:\Users\ilyas\AppData\Roaming\npm;C:\Users\ilyas\apache-maven-3.8.7-bin\bin;;."/>
    <property name="java.vm.info" value="mixed mode, sharing"/>
    <property name="stderr.encoding" value="Cp1252"/>
    <property name="java.vendor" value="Oracle Corporation"/>
    <property name="java.vm.version" value="19.0.2+7-44"/>
    <property name="sun.io.unicode.encoding" value="UnicodeLittle"/>
    <property name="java.class.version" value="63.0"/>
  </properties>
  <testcase name="Predefined steps for Google" classname="Smoke steps" time="6.283">
    <error message="The step &apos;I open url &quot;https://google.com&quot;&apos; and 6 other step(s) are undefined.&#10;You can implement these steps using the snippet(s) below:&#10;&#10;@Given(&quot;I open url {string}&quot;)&#10;public void i_open_url(String string) {&#10;    // Write code here that turns the phrase above into concrete actions&#10;    throw new io.cucumber.java.PendingException();&#10;}&#10;Given(&quot;I open url {string}&quot;, (String string) -&gt; {&#10;    // Write code here that turns the phrase above into concrete actions&#10;    throw new io.cucumber.java8.PendingException();&#10;});&#10;@Then(&quot;I should see page title as {string}&quot;)&#10;public void i_should_see_page_title_as(String string) {&#10;    // Write code here that turns the phrase above into concrete actions&#10;    throw new io.cucumber.java.PendingException();&#10;}&#10;Then(&quot;I should see page title as {string}&quot;, (String string) -&gt; {&#10;    // Write code here that turns the phrase above into concrete actions&#10;    throw new io.cucumber.java8.PendingException();&#10;});&#10;@Then(&quot;element with xpath {string} should be present&quot;)&#10;public void element_with_xpath_should_be_present(String string) {&#10;    // Write code here that turns the phrase above into concrete actions&#10;    throw new io.cucumber.java.PendingException();&#10;}&#10;Then(&quot;element with xpath {string} should be present&quot;, (String string) -&gt; {&#10;    // Write code here that turns the phrase above into concrete actions&#10;    throw new io.cucumber.java8.PendingException();&#10;});&#10;@When(&quot;I type {string} into element with xpath {string}&quot;)&#10;public void i_type_into_element_with_xpath(String string, String string2) {&#10;    // Write code here that turns the phrase above into concrete actions&#10;    throw new io.cucumber.java.PendingException();&#10;}&#10;When(&quot;I type {string} into element with xpath {string}&quot;, (String string, String string2) -&gt; {&#10;    // Write code here that turns the phrase above into concrete actions&#10;    throw new io.cucumber.java8.PendingException();&#10;});&#10;@Then(&quot;I click on element using JavaScript with xpath {string}&quot;)&#10;public void i_click_on_element_using_java_script_with_xpath(String string) {&#10;    // Write code here that turns the phrase above into concrete actions&#10;    throw new io.cucumber.java.PendingException();&#10;}&#10;Then(&quot;I click on element using JavaScript with xpath {string}&quot;, (String string) -&gt; {&#10;    // Write code here that turns the phrase above into concrete actions&#10;    throw new io.cucumber.java8.PendingException();&#10;});&#10;@Then(&quot;I wait for element with xpath {string} to be present&quot;)&#10;public void i_wait_for_element_with_xpath_to_be_present(String string) {&#10;    // Write code here that turns the phrase above into concrete actions&#10;    throw new io.cucumber.java.PendingException();&#10;}&#10;Then(&quot;I wait for element with xpath {string} to be present&quot;, (String string) -&gt; {&#10;    // Write code here that turns the phrase above into concrete actions&#10;    throw new io.cucumber.java8.PendingException();&#10;});&#10;@Then(&quot;element with xpath {string} should contain text {string}&quot;)&#10;public void element_with_xpath_should_contain_text(String string, String string2) {&#10;    // Write code here that turns the phrase above into concrete actions&#10;    throw new io.cucumber.java.PendingException();&#10;}&#10;Then(&quot;element with xpath {string} should contain text {string}&quot;, (String string, String string2) -&gt; {&#10;    // Write code here that turns the phrase above into concrete actions&#10;    throw new io.cucumber.java8.PendingException();&#10;});&#10;" type="io.cucumber.junit.UndefinedStepException"><![CDATA[io.cucumber.junit.UndefinedStepException: 
The step 'I open url "https://google.com"' and 6 other step(s) are undefined.
You can implement these steps using the snippet(s) below:

@Given("I open url {string}")
public void i_open_url(String string) {
    // Write code here that turns the phrase above into concrete actions
    throw new io.cucumber.java.PendingException();
}
Given("I open url {string}", (String string) -> {
    // Write code here that turns the phrase above into concrete actions
    throw new io.cucumber.java8.PendingException();
});
@Then("I should see page title as {string}")
public void i_should_see_page_title_as(String string) {
    // Write code here that turns the phrase above into concrete actions
    throw new io.cucumber.java.PendingException();
}
Then("I should see page title as {string}", (String string) -> {
    // Write code here that turns the phrase above into concrete actions
    throw new io.cucumber.java8.PendingException();
});
@Then("element with xpath {string} should be present")
public void element_with_xpath_should_be_present(String string) {
    // Write code here that turns the phrase above into concrete actions
    throw new io.cucumber.java.PendingException();
}
Then("element with xpath {string} should be present", (String string) -> {
    // Write code here that turns the phrase above into concrete actions
    throw new io.cucumber.java8.PendingException();
});
@When("I type {string} into element with xpath {string}")
public void i_type_into_element_with_xpath(String string, String string2) {
    // Write code here that turns the phrase above into concrete actions
    throw new io.cucumber.java.PendingException();
}
When("I type {string} into element with xpath {string}", (String string, String string2) -> {
    // Write code here that turns the phrase above into concrete actions
    throw new io.cucumber.java8.PendingException();
});
@Then("I click on element using JavaScript with xpath {string}")
public void i_click_on_element_using_java_script_with_xpath(String string) {
    // Write code here that turns the phrase above into concrete actions
    throw new io.cucumber.java.PendingException();
}
Then("I click on element using JavaScript with xpath {string}", (String string) -> {
    // Write code here that turns the phrase above into concrete actions
    throw new io.cucumber.java8.PendingException();
});
@Then("I wait for element with xpath {string} to be present")
public void i_wait_for_element_with_xpath_to_be_present(String string) {
    // Write code here that turns the phrase above into concrete actions
    throw new io.cucumber.java.PendingException();
}
Then("I wait for element with xpath {string} to be present", (String string) -> {
    // Write code here that turns the phrase above into concrete actions
    throw new io.cucumber.java8.PendingException();
});
@Then("element with xpath {string} should contain text {string}")
public void element_with_xpath_should_contain_text(String string, String string2) {
    // Write code here that turns the phrase above into concrete actions
    throw new io.cucumber.java.PendingException();
}
Then("element with xpath {string} should contain text {string}", (String string, String string2) -> {
    // Write code here that turns the phrase above into concrete actions
    throw new io.cucumber.java8.PendingException();
});

]]></error>
    <system-out><![CDATA[INFO 10:09:29:908 wdm.WebDriverManager resolveDriverVersion:1197 Using chromedriver 109.0.5414.74 (resolved driver for Chrome 109)
INFO 10:09:30:001 wdm.WebDriverManager exportDriver:1252 Exporting webdriver.chrome.driver as C:\Users\ilyas\.cache\selenium\chromedriver\win32\109.0.5414.74\chromedriver.exe

@predefined @predefined1
Scenario: Predefined steps for Google                                                    &amp#27;[90m# src/test/resources/features/predefined.feature:5&amp#27;[0m
  &amp#27;[33mGiven &amp#27;[0m&amp#27;[33mI open url "https://google.com"&amp#27;[0m
  &amp#27;[36mThen &amp#27;[0m&amp#27;[36mI should see page title as "Google"&amp#27;[0m
  &amp#27;[36mThen &amp#27;[0m&amp#27;[36melement with xpath "//input[@name='q']" should be present&amp#27;[0m
  &amp#27;[36mWhen &amp#27;[0m&amp#27;[36mI type "Behavior Driven Development" into element with xpath "//input[@name='q']"&amp#27;[0m
  &amp#27;[36mThen &amp#27;[0m&amp#27;[36mI clickWARN 10:09:33:706 handler.WebSocketHandler handleException:142 onError
java.net.SocketException: Connection reset
	at sun.nio.ch.SocketChannelImpl.throwConnectionReset(SocketChannelImpl.java:401) ~[?:?]
	at sun.nio.ch.SocketChannelImpl.read(SocketChannelImpl.java:434) ~[?:?]
	at io.netty.buffer.PooledByteBuf.setBytes(PooledByteBuf.java:258) ~[netty-buffer-4.1.77.Final.jar:4.1.77.Final]
	at io.netty.buffer.AbstractByteBuf.writeBytes(AbstractByteBuf.java:1132) ~[netty-buffer-4.1.77.Final.jar:4.1.77.Final]
	at io.netty.channel.socket.nio.NioSocketChannel.doReadBytes(NioSocketChannel.java:357) ~[netty-transport-4.1.77.Final.jar:4.1.77.Final]
	at io.netty.channel.nio.AbstractNioByteChannel$NioByteUnsafe.read(AbstractNioByteChannel.java:151) ~[netty-transport-4.1.77.Final.jar:4.1.77.Final]
	at io.netty.channel.nio.NioEventLoop.processSelectedKey(NioEventLoop.java:722) ~[netty-transport-4.1.77.Final.jar:4.1.77.Final]
	at io.netty.channel.nio.NioEventLoop.processSelectedKeysOptimized(NioEventLoop.java:658) ~[netty-transport-4.1.77.Final.jar:4.1.77.Final]
	at io.netty.channel.nio.NioEventLoop.processSelectedKeys(NioEventLoop.java:584) ~[netty-transport-4.1.77.Final.jar:4.1.77.Final]
	at io.netty.channel.nio.NioEventLoop.run(NioEventLoop.java:496) ~[netty-transport-4.1.77.Final.jar:4.1.77.Final]
	at io.netty.util.concurrent.SingleThreadEventExecutor$4.run(SingleThreadEventExecutor.java:995) ~[netty-common-4.1.77.Final.jar:4.1.77.Final]
	at io.netty.util.internal.ThreadExecutorMap$2.run(ThreadExecutorMap.java:74) ~[netty-common-4.1.77.Final.jar:4.1.77.Final]
	at io.netty.util.concurrent.FastThreadLocalRunnable.run(FastThreadLocalRunnable.java:30) ~[netty-common-4.1.77.Final.jar:4.1.77.Final]
	at java.lang.Thread.run(Thread.java:1589) ~[?:?]
]]></system-out>
    <system-err><![CDATA[ChromeDriver was started successfully.
Feb 01, 2023 10:09:33 AM org.openqa.selenium.remote.ProtocolHandshake createSession
INFO: Detected upstream dialect: W3C
Feb 01, 2023 10:09:33 AM org.openqa.selenium.devtools.CdpVersionFinder findNearestMatch
WARNING: Unable to find an exact match for CDP version 109, so returning the closest version found: a no-op implementation
Feb 01, 2023 10:09:33 AM org.openqa.selenium.devtools.CdpVersionFinder findNearestMatch
INFO: Unable to find CDP implementation matching 109.
Feb 01, 2023 10:09:33 AM org.openqa.selenium.chromium.ChromiumDriver lambda$new$3
WARNING: Unable to find version of CDP to use for . You may need to include a dependency on a specific version of the CDP using something similar to `org.seleniumhq.selenium:selenium-devtools-v86:4.2.1` where the version ("v86") matches the version of the chromium-based browser you're using and the version number of the artifact is the same as Selenium's.
Feb 01, 2023 10:09:33 AM org.openqa.selenium.remote.http.WebSocket$Listener onError
WARNING: Connection reset
java.net.SocketException: Connection reset
	at java.base/sun.nio.ch.SocketChannelImpl.throwConnectionReset(SocketChannelImpl.java:401)
	at java.base/sun.nio.ch.SocketChannelImpl.read(SocketChannelImpl.java:434)
	at io.netty.buffer.PooledByteBuf.setBytes(PooledByteBuf.java:258)
	at io.netty.buffer.AbstractByteBuf.writeBytes(AbstractByteBuf.java:1132)
	at io.netty.channel.socket.nio.NioSocketChannel.doReadBytes(NioSocketChannel.java:357)
	at io.netty.channel.nio.AbstractNioByteChannel$NioByteUnsafe.read(AbstractNioByteChannel.java:151)
	at io.netty.channel.nio.NioEventLoop.processSelectedKey(NioEventLoop.java:722)
	at io.netty.channel.nio.NioEventLoop.processSelectedKeysOptimized(NioEventLoop.java:658)
	at io.netty.channel.nio.NioEventLoop.processSelectedKeys(NioEventLoop.java:584)
	at io.netty.channel.nio.NioEventLoop.run(NioEventLoop.java:496)
	at io.netty.util.concurrent.SingleThreadEventExecutor$4.run(SingleThreadEventExecutor.java:995)
	at io.netty.util.internal.ThreadExecutorMap$2.run(ThreadExecutorMap.java:74)
	at io.netty.util.concurrent.FastThreadLocalRunnable.run(FastThreadLocalRunnable.java:30)
	at java.base/java.lang.Thread.run(Thread.java:1589)

]]></system-err>
  </testcase>
  <testcase name="Predefined steps for Yahoo" classname="Smoke steps" time="2.857">
    <error message="The step &apos;I open url &quot;https://www.yahoo.com&quot;&apos; and 8 other step(s) are undefined.&#10;You can implement these steps using the snippet(s) below:&#10;&#10;@Given(&quot;I open url {string}&quot;)&#10;public void i_open_url(String string) {&#10;    // Write code here that turns the phrase above into concrete actions&#10;    throw new io.cucumber.java.PendingException();&#10;}&#10;Given(&quot;I open url {string}&quot;, (String string) -&gt; {&#10;    // Write code here that turns the phrase above into concrete actions&#10;    throw new io.cucumber.java8.PendingException();&#10;});&#10;@Then(&quot;element with xpath {string} should be present&quot;)&#10;public void element_with_xpath_should_be_present(String string) {&#10;    // Write code here that turns the phrase above into concrete actions&#10;    throw new io.cucumber.java.PendingException();&#10;}&#10;Then(&quot;element with xpath {string} should be present&quot;, (String string) -&gt; {&#10;    // Write code here that turns the phrase above into concrete actions&#10;    throw new io.cucumber.java8.PendingException();&#10;});&#10;@When(&quot;I click on element with xpath {string}&quot;)&#10;public void i_click_on_element_with_xpath(String string) {&#10;    // Write code here that turns the phrase above into concrete actions&#10;    throw new io.cucumber.java.PendingException();&#10;}&#10;When(&quot;I click on element with xpath {string}&quot;, (String string) -&gt; {&#10;    // Write code here that turns the phrase above into concrete actions&#10;    throw new io.cucumber.java8.PendingException();&#10;});&#10;@Then(&quot;I should see page title as {string}&quot;)&#10;public void i_should_see_page_title_as(String string) {&#10;    // Write code here that turns the phrase above into concrete actions&#10;    throw new io.cucumber.java.PendingException();&#10;}&#10;Then(&quot;I should see page title as {string}&quot;, (String string) -&gt; {&#10;    // Write code here that turns the phrase above into concrete actions&#10;    throw new io.cucumber.java8.PendingException();&#10;});&#10;@When(&quot;I type {string} into element with xpath {string}&quot;)&#10;public void i_type_into_element_with_xpath(String string, String string2) {&#10;    // Write code here that turns the phrase above into concrete actions&#10;    throw new io.cucumber.java.PendingException();&#10;}&#10;When(&quot;I type {string} into element with xpath {string}&quot;, (String string, String string2) -&gt; {&#10;    // Write code here that turns the phrase above into concrete actions&#10;    throw new io.cucumber.java8.PendingException();&#10;});&#10;@Then(&quot;I click on element with xpath {string}&quot;)&#10;public void i_click_on_element_with_xpath(String string) {&#10;    // Write code here that turns the phrase above into concrete actions&#10;    throw new io.cucumber.java.PendingException();&#10;}&#10;Then(&quot;I click on element with xpath {string}&quot;, (String string) -&gt; {&#10;    // Write code here that turns the phrase above into concrete actions&#10;    throw new io.cucumber.java8.PendingException();&#10;});&#10;@Then(&quot;I wait for element with xpath {string} to be present&quot;)&#10;public void i_wait_for_element_with_xpath_to_be_present(String string) {&#10;    // Write code here that turns the phrase above into concrete actions&#10;    throw new io.cucumber.java.PendingException();&#10;}&#10;Then(&quot;I wait for element with xpath {string} to be present&quot;, (String string) -&gt; {&#10;    // Write code here that turns the phrase above into concrete actions&#10;    throw new io.cucumber.java8.PendingException();&#10;});&#10;@Then(&quot;element with xpath {string} should contain text {string}&quot;)&#10;public void element_with_xpath_should_contain_text(String string, String string2) {&#10;    // Write code here that turns the phrase above into concrete actions&#10;    throw new io.cucumber.java.PendingException();&#10;}&#10;Then(&quot;element with xpath {string} should contain text {string}&quot;, (String string, String string2) -&gt; {&#10;    // Write code here that turns the phrase above into concrete actions&#10;    throw new io.cucumber.java8.PendingException();&#10;});&#10;" type="io.cucumber.junit.UndefinedStepException"><![CDATA[io.cucumber.junit.UndefinedStepException: 
The step 'I open url "https://www.yahoo.com"' and 8 other step(s) are undefined.
You can implement these steps using the snippet(s) below:

@Given("I open url {string}")
public void i_open_url(String string) {
    // Write code here that turns the phrase above into concrete actions
    throw new io.cucumber.java.PendingException();
}
Given("I open url {string}", (String string) -> {
    // Write code here that turns the phrase above into concrete actions
    throw new io.cucumber.java8.PendingException();
});
@Then("element with xpath {string} should be present")
public void element_with_xpath_should_be_present(String string) {
    // Write code here that turns the phrase above into concrete actions
    throw new io.cucumber.java.PendingException();
}
Then("element with xpath {string} should be present", (String string) -> {
    // Write code here that turns the phrase above into concrete actions
    throw new io.cucumber.java8.PendingException();
});
@When("I click on element with xpath {string}")
public void i_click_on_element_with_xpath(String string) {
    // Write code here that turns the phrase above into concrete actions
    throw new io.cucumber.java.PendingException();
}
When("I click on element with xpath {string}", (String string) -> {
    // Write code here that turns the phrase above into concrete actions
    throw new io.cucumber.java8.PendingException();
});
@Then("I should see page title as {string}")
public void i_should_see_page_title_as(String string) {
    // Write code here that turns the phrase above into concrete actions
    throw new io.cucumber.java.PendingException();
}
Then("I should see page title as {string}", (String string) -> {
    // Write code here that turns the phrase above into concrete actions
    throw new io.cucumber.java8.PendingException();
});
@When("I type {string} into element with xpath {string}")
public void i_type_into_element_with_xpath(String string, String string2) {
    // Write code here that turns the phrase above into concrete actions
    throw new io.cucumber.java.PendingException();
}
When("I type {string} into element with xpath {string}", (String string, String string2) -> {
    // Write code here that turns the phrase above into concrete actions
    throw new io.cucumber.java8.PendingException();
});
@Then("I click on element with xpath {string}")
public void i_click_on_element_with_xpath(String string) {
    // Write code here that turns the phrase above into concrete actions
    throw new io.cucumber.java.PendingException();
}
Then("I click on element with xpath {string}", (String string) -> {
    // Write code here that turns the phrase above into concrete actions
    throw new io.cucumber.java8.PendingException();
});
@Then("I wait for element with xpath {string} to be present")
public void i_wait_for_element_with_xpath_to_be_present(String string) {
    // Write code here that turns the phrase above into concrete actions
    throw new io.cucumber.java.PendingException();
}
Then("I wait for element with xpath {string} to be present", (String string) -> {
    // Write code here that turns the phrase above into concrete actions
    throw new io.cucumber.java8.PendingException();
});
@Then("element with xpath {string} should contain text {string}")
public void element_with_xpath_should_contain_text(String string, String string2) {
    // Write code here that turns the phrase above into concrete actions
    throw new io.cucumber.java.PendingException();
}
Then("element with xpath {string} should contain text {string}", (String string, String string2) -> {
    // Write code here that turns the phrase above into concrete actions
    throw new io.cucumber.java8.PendingException();
});

]]></error>
    <system-out><![CDATA[INFO 10:09:33:986 wdm.WebDriverManager resolveDriverVersion:1197 Using chromedriver 109.0.5414.74 (resolved driver for Chrome 109)
INFO 10:09:33:998 wdm.WebDriverManager exportDriver:1252 Exporting webdriver.chrome.driver as C:\Users\ilyas\.cache\selenium\chromedriver\win32\109.0.5414.74\chromedriver.exe
 on element using JavaScript with xpath "(//input[@name='btnK'])[1]"&amp#27;[0m
  &amp#27;[36mThen &amp#27;[0m&amp#27;[36mI wait for element with xpath "//*[@id='res']" to be present&amp#27;[0m
  &amp#27;[36mThen &amp#27;[0m&amp#27;[36melement with xpath "//*[@id='res']" should contain text "Cucumber"&amp#27;[0m

@predefined @predefined3
Scenario: Predefined steps for Yahoo                                                                        &amp#27;[90m# src/test/resources/features/predefined.feature:16&amp#27;[0m
  &amp#27;[33mGiven &amp#27;[0m&amp#27;[33mI open url "https://www.yahoo.com"&amp#27;[0m
  &amp#27;[36mThen &amp#27;[0m&amp#27;[36melement with xpath "//button[@class='btn primary']" should be present&amp#27;[0m
  &amp#27;[36mWhen &amp#27;[0m&amp#27;[36mI click on element with xpath "//button[@class='btn primary']"&amp#27;[0m
  &amp#27;[36mThen &amp#27;[0m&amp#27;[36mI should see page title as "Yahoo | Mail, Weather, Search, Politics, News, Finance, Sports & Videos"&amp#27;[0m
  &amp#27;[36mThen &amp#27;[0m&amp#27;[36melement with xpath "//input[@name='p']" should be present&amp#27;[0m
  &amp#27;[36mWhen &amp#27;[0m&amp#27;[36mI type "Behavior Driven Development" into element with xpath "//input[@name='p']"&amp#27;[0m
  &amp#27;[36mThen &amp#27;[0m&amp#27;[]]></system-out>
    <system-err><![CDATA[ChromeDriver was started successfully.
Feb 01, 2023 10:09:36 AM org.openqa.selenium.remote.ProtocolHandshake createSession
INFO: Detected upstream dialect: W3C
Feb 01, 2023 10:09:36 AM org.openqa.selenium.devtools.CdpVersionFinder findNearestMatch
WARNING: Unable to find an exact match for CDP version 109, so returning the closest version found: a no-op implementation
Feb 01, 2023 10:09:36 AM org.openqa.selenium.devtools.CdpVersionFinder findNearestMatch
INFO: Unable to find CDP implementation matching 109.
Feb 01, 2023 10:09:36 AM org.openqa.selenium.chromium.ChromiumDriver lambda$new$3
WARNING: Unable to find version of CDP to use for . You may need to include a dependency on a specific version of the CDP using something similar to `org.seleniumhq.selenium:selenium-devtools-v86:4.2.1` where the version ("v86") matches the version of the chromium-based browser you're using and the version number of the artifact is the same as Selenium's.
]]></system-err>
  </testcase>
  <testcase name="Predefined steps for Gibiru" classname="Smoke steps" time="2.964">
    <error message="The step &apos;I open url &quot;https://gibiru.com&quot;&apos; and 6 other step(s) are undefined.&#10;You can implement these steps using the snippet(s) below:&#10;&#10;@Given(&quot;I open url {string}&quot;)&#10;public void i_open_url(String string) {&#10;    // Write code here that turns the phrase above into concrete actions&#10;    throw new io.cucumber.java.PendingException();&#10;}&#10;Given(&quot;I open url {string}&quot;, (String string) -&gt; {&#10;    // Write code here that turns the phrase above into concrete actions&#10;    throw new io.cucumber.java8.PendingException();&#10;});&#10;@Then(&quot;I should see page title contains {string}&quot;)&#10;public void i_should_see_page_title_contains(String string) {&#10;    // Write code here that turns the phrase above into concrete actions&#10;    throw new io.cucumber.java.PendingException();&#10;}&#10;Then(&quot;I should see page title contains {string}&quot;, (String string) -&gt; {&#10;    // Write code here that turns the phrase above into concrete actions&#10;    throw new io.cucumber.java8.PendingException();&#10;});&#10;@Then(&quot;element with xpath {string} should be present&quot;)&#10;public void element_with_xpath_should_be_present(String string) {&#10;    // Write code here that turns the phrase above into concrete actions&#10;    throw new io.cucumber.java.PendingException();&#10;}&#10;Then(&quot;element with xpath {string} should be present&quot;, (String string) -&gt; {&#10;    // Write code here that turns the phrase above into concrete actions&#10;    throw new io.cucumber.java8.PendingException();&#10;});&#10;@When(&quot;I type {string} into element with xpath {string}&quot;)&#10;public void i_type_into_element_with_xpath(String string, String string2) {&#10;    // Write code here that turns the phrase above into concrete actions&#10;    throw new io.cucumber.java.PendingException();&#10;}&#10;When(&quot;I type {string} into element with xpath {string}&quot;, (String string, String string2) -&gt; {&#10;    // Write code here that turns the phrase above into concrete actions&#10;    throw new io.cucumber.java8.PendingException();&#10;});&#10;@Then(&quot;I click on element with xpath {string}&quot;)&#10;public void i_click_on_element_with_xpath(String string) {&#10;    // Write code here that turns the phrase above into concrete actions&#10;    throw new io.cucumber.java.PendingException();&#10;}&#10;Then(&quot;I click on element with xpath {string}&quot;, (String string) -&gt; {&#10;    // Write code here that turns the phrase above into concrete actions&#10;    throw new io.cucumber.java8.PendingException();&#10;});&#10;@Then(&quot;I wait for element with xpath {string} to be present&quot;)&#10;public void i_wait_for_element_with_xpath_to_be_present(String string) {&#10;    // Write code here that turns the phrase above into concrete actions&#10;    throw new io.cucumber.java.PendingException();&#10;}&#10;Then(&quot;I wait for element with xpath {string} to be present&quot;, (String string) -&gt; {&#10;    // Write code here that turns the phrase above into concrete actions&#10;    throw new io.cucumber.java8.PendingException();&#10;});&#10;@Then(&quot;element with xpath {string} should contain text {string}&quot;)&#10;public void element_with_xpath_should_contain_text(String string, String string2) {&#10;    // Write code here that turns the phrase above into concrete actions&#10;    throw new io.cucumber.java.PendingException();&#10;}&#10;Then(&quot;element with xpath {string} should contain text {string}&quot;, (String string, String string2) -&gt; {&#10;    // Write code here that turns the phrase above into concrete actions&#10;    throw new io.cucumber.java8.PendingException();&#10;});&#10;" type="io.cucumber.junit.UndefinedStepException"><![CDATA[io.cucumber.junit.UndefinedStepException: 
The step 'I open url "https://gibiru.com"' and 6 other step(s) are undefined.
You can implement these steps using the snippet(s) below:

@Given("I open url {string}")
public void i_open_url(String string) {
    // Write code here that turns the phrase above into concrete actions
    throw new io.cucumber.java.PendingException();
}
Given("I open url {string}", (String string) -> {
    // Write code here that turns the phrase above into concrete actions
    throw new io.cucumber.java8.PendingException();
});
@Then("I should see page title contains {string}")
public void i_should_see_page_title_contains(String string) {
    // Write code here that turns the phrase above into concrete actions
    throw new io.cucumber.java.PendingException();
}
Then("I should see page title contains {string}", (String string) -> {
    // Write code here that turns the phrase above into concrete actions
    throw new io.cucumber.java8.PendingException();
});
@Then("element with xpath {string} should be present")
public void element_with_xpath_should_be_present(String string) {
    // Write code here that turns the phrase above into concrete actions
    throw new io.cucumber.java.PendingException();
}
Then("element with xpath {string} should be present", (String string) -> {
    // Write code here that turns the phrase above into concrete actions
    throw new io.cucumber.java8.PendingException();
});
@When("I type {string} into element with xpath {string}")
public void i_type_into_element_with_xpath(String string, String string2) {
    // Write code here that turns the phrase above into concrete actions
    throw new io.cucumber.java.PendingException();
}
When("I type {string} into element with xpath {string}", (String string, String string2) -> {
    // Write code here that turns the phrase above into concrete actions
    throw new io.cucumber.java8.PendingException();
});
@Then("I click on element with xpath {string}")
public void i_click_on_element_with_xpath(String string) {
    // Write code here that turns the phrase above into concrete actions
    throw new io.cucumber.java.PendingException();
}
Then("I click on element with xpath {string}", (String string) -> {
    // Write code here that turns the phrase above into concrete actions
    throw new io.cucumber.java8.PendingException();
});
@Then("I wait for element with xpath {string} to be present")
public void i_wait_for_element_with_xpath_to_be_present(String string) {
    // Write code here that turns the phrase above into concrete actions
    throw new io.cucumber.java.PendingException();
}
Then("I wait for element with xpath {string} to be present", (String string) -> {
    // Write code here that turns the phrase above into concrete actions
    throw new io.cucumber.java8.PendingException();
});
@Then("element with xpath {string} should contain text {string}")
public void element_with_xpath_should_contain_text(String string, String string2) {
    // Write code here that turns the phrase above into concrete actions
    throw new io.cucumber.java.PendingException();
}
Then("element with xpath {string} should contain text {string}", (String string, String string2) -> {
    // Write code here that turns the phrase above into concrete actions
    throw new io.cucumber.java8.PendingException();
});

]]></error>
    <system-out><![CDATA[INFO 10:09:36:828 wdm.WebDriverManager resolveDriverVersion:1197 Using chromedriver 109.0.5414.74 (resolved driver for Chrome 109)
INFO 10:09:36:834 wdm.WebDriverManager exportDriver:1252 Exporting webdriver.chrome.driver as C:\Users\ilyas\.cache\selenium\chromedriver\win32\109.0.5414.74\chromedriver.exe
36mI click on element with xpath "//button[@type='submit']"&amp#27;[0m
  &amp#27;[36mAnd &amp#27;[0m&amp#27;[36mI wait for element with xpath "//ol[@class=' reg searchCenterMiddle']" to be present&amp#27;[0m
  &amp#27;[36mThen &amp#27;[0m&amp#27;[36melement with xpath "//ol[@class=' reg searchCenterMiddle']" should contain text "Cucumber"&amp#27;[0m

@predefined @predefined4
Scenario: Predefined steps for Gibiru                                                                       &amp#27;[90m# src/test/resources/features/predefined.feature:29&amp#27;[0m
  &amp#27;[33mGiven &amp#27;[0m&amp#27;[33mI open url "https://gibiru.com"&amp#27;[0m
  &amp#27;[36mThen &amp#27;[0m&amp#27;[36mI should see page title contains "Gibiru"&amp#27;[0m
  &amp#27;[36mThen &amp#27;[0m&amp#27;[36melement with xpath "//input[@name='q']" should be present&amp#27;[0m
  &amp#27;[36mWhen &amp#27;[0m&amp#27;[36mI type "Behavior Driven Development" into element with xpath "//input[@name='q']"&amp#27;[0m
  &amp#27;[36mThen &amp#27;[0m&amp#27;[36mI click on element with xpath "//button[@type='submit']"&amp#27;[0m
  &amp#27;[36mThen &amp#27;[0m&amp#27;[36mI wait for element with xpath "//*[@class='gsc-control-cse gsc-control-cse-en']" to be present&amp#27;[0m
  &amp#27;[36mThen &amp#27;[0m&amp#27;[36mel]]></system-out>
    <system-err><![CDATA[ChromeDriver was started successfully.
Feb 01, 2023 10:09:39 AM org.openqa.selenium.remote.ProtocolHandshake createSession
INFO: Detected upstream dialect: W3C
Feb 01, 2023 10:09:39 AM org.openqa.selenium.devtools.CdpVersionFinder findNearestMatch
WARNING: Unable to find an exact match for CDP version 109, so returning the closest version found: a no-op implementation
Feb 01, 2023 10:09:39 AM org.openqa.selenium.devtools.CdpVersionFinder findNearestMatch
INFO: Unable to find CDP implementation matching 109.
Feb 01, 2023 10:09:39 AM org.openqa.selenium.chromium.ChromiumDriver lambda$new$3
WARNING: Unable to find version of CDP to use for . You may need to include a dependency on a specific version of the CDP using something similar to `org.seleniumhq.selenium:selenium-devtools-v86:4.2.1` where the version ("v86") matches the version of the chromium-based browser you're using and the version number of the artifact is the same as Selenium's.
]]></system-err>
  </testcase>
  <testcase name="Predefined steps for DuckDuckGo" classname="Smoke steps" time="2.921">
    <error message="The step &apos;I open url &quot;https://duckduckgo.com&quot;&apos; and 6 other step(s) are undefined.&#10;You can implement these steps using the snippet(s) below:&#10;&#10;@Given(&quot;I open url {string}&quot;)&#10;public void i_open_url(String string) {&#10;    // Write code here that turns the phrase above into concrete actions&#10;    throw new io.cucumber.java.PendingException();&#10;}&#10;Given(&quot;I open url {string}&quot;, (String string) -&gt; {&#10;    // Write code here that turns the phrase above into concrete actions&#10;    throw new io.cucumber.java8.PendingException();&#10;});&#10;@Then(&quot;I should see page title contains {string}&quot;)&#10;public void i_should_see_page_title_contains(String string) {&#10;    // Write code here that turns the phrase above into concrete actions&#10;    throw new io.cucumber.java.PendingException();&#10;}&#10;Then(&quot;I should see page title contains {string}&quot;, (String string) -&gt; {&#10;    // Write code here that turns the phrase above into concrete actions&#10;    throw new io.cucumber.java8.PendingException();&#10;});&#10;@Then(&quot;element with xpath {string} should be present&quot;)&#10;public void element_with_xpath_should_be_present(String string) {&#10;    // Write code here that turns the phrase above into concrete actions&#10;    throw new io.cucumber.java.PendingException();&#10;}&#10;Then(&quot;element with xpath {string} should be present&quot;, (String string) -&gt; {&#10;    // Write code here that turns the phrase above into concrete actions&#10;    throw new io.cucumber.java8.PendingException();&#10;});&#10;@When(&quot;I type {string} into element with xpath {string}&quot;)&#10;public void i_type_into_element_with_xpath(String string, String string2) {&#10;    // Write code here that turns the phrase above into concrete actions&#10;    throw new io.cucumber.java.PendingException();&#10;}&#10;When(&quot;I type {string} into element with xpath {string}&quot;, (String string, String string2) -&gt; {&#10;    // Write code here that turns the phrase above into concrete actions&#10;    throw new io.cucumber.java8.PendingException();&#10;});&#10;@Then(&quot;I click on element with xpath {string}&quot;)&#10;public void i_click_on_element_with_xpath(String string) {&#10;    // Write code here that turns the phrase above into concrete actions&#10;    throw new io.cucumber.java.PendingException();&#10;}&#10;Then(&quot;I click on element with xpath {string}&quot;, (String string) -&gt; {&#10;    // Write code here that turns the phrase above into concrete actions&#10;    throw new io.cucumber.java8.PendingException();&#10;});&#10;@Then(&quot;I wait for element with xpath {string} to be present&quot;)&#10;public void i_wait_for_element_with_xpath_to_be_present(String string) {&#10;    // Write code here that turns the phrase above into concrete actions&#10;    throw new io.cucumber.java.PendingException();&#10;}&#10;Then(&quot;I wait for element with xpath {string} to be present&quot;, (String string) -&gt; {&#10;    // Write code here that turns the phrase above into concrete actions&#10;    throw new io.cucumber.java8.PendingException();&#10;});&#10;@Then(&quot;element with xpath {string} should contain text {string}&quot;)&#10;public void element_with_xpath_should_contain_text(String string, String string2) {&#10;    // Write code here that turns the phrase above into concrete actions&#10;    throw new io.cucumber.java.PendingException();&#10;}&#10;Then(&quot;element with xpath {string} should contain text {string}&quot;, (String string, String string2) -&gt; {&#10;    // Write code here that turns the phrase above into concrete actions&#10;    throw new io.cucumber.java8.PendingException();&#10;});&#10;" type="io.cucumber.junit.UndefinedStepException"><![CDATA[io.cucumber.junit.UndefinedStepException: 
The step 'I open url "https://duckduckgo.com"' and 6 other step(s) are undefined.
You can implement these steps using the snippet(s) below:

@Given("I open url {string}")
public void i_open_url(String string) {
    // Write code here that turns the phrase above into concrete actions
    throw new io.cucumber.java.PendingException();
}
Given("I open url {string}", (String string) -> {
    // Write code here that turns the phrase above into concrete actions
    throw new io.cucumber.java8.PendingException();
});
@Then("I should see page title contains {string}")
public void i_should_see_page_title_contains(String string) {
    // Write code here that turns the phrase above into concrete actions
    throw new io.cucumber.java.PendingException();
}
Then("I should see page title contains {string}", (String string) -> {
    // Write code here that turns the phrase above into concrete actions
    throw new io.cucumber.java8.PendingException();
});
@Then("element with xpath {string} should be present")
public void element_with_xpath_should_be_present(String string) {
    // Write code here that turns the phrase above into concrete actions
    throw new io.cucumber.java.PendingException();
}
Then("element with xpath {string} should be present", (String string) -> {
    // Write code here that turns the phrase above into concrete actions
    throw new io.cucumber.java8.PendingException();
});
@When("I type {string} into element with xpath {string}")
public void i_type_into_element_with_xpath(String string, String string2) {
    // Write code here that turns the phrase above into concrete actions
    throw new io.cucumber.java.PendingException();
}
When("I type {string} into element with xpath {string}", (String string, String string2) -> {
    // Write code here that turns the phrase above into concrete actions
    throw new io.cucumber.java8.PendingException();
});
@Then("I click on element with xpath {string}")
public void i_click_on_element_with_xpath(String string) {
    // Write code here that turns the phrase above into concrete actions
    throw new io.cucumber.java.PendingException();
}
Then("I click on element with xpath {string}", (String string) -> {
    // Write code here that turns the phrase above into concrete actions
    throw new io.cucumber.java8.PendingException();
});
@Then("I wait for element with xpath {string} to be present")
public void i_wait_for_element_with_xpath_to_be_present(String string) {
    // Write code here that turns the phrase above into concrete actions
    throw new io.cucumber.java.PendingException();
}
Then("I wait for element with xpath {string} to be present", (String string) -> {
    // Write code here that turns the phrase above into concrete actions
    throw new io.cucumber.java8.PendingException();
});
@Then("element with xpath {string} should contain text {string}")
public void element_with_xpath_should_contain_text(String string, String string2) {
    // Write code here that turns the phrase above into concrete actions
    throw new io.cucumber.java.PendingException();
}
Then("element with xpath {string} should contain text {string}", (String string, String string2) -> {
    // Write code here that turns the phrase above into concrete actions
    throw new io.cucumber.java8.PendingException();
});

]]></error>
    <system-out><![CDATA[INFO 10:09:39:778 wdm.WebDriverManager resolveDriverVersion:1197 Using chromedriver 109.0.5414.74 (resolved driver for Chrome 109)
INFO 10:09:39:790 wdm.WebDriverManager exportDriver:1252 Exporting webdriver.chrome.driver as C:\Users\ilyas\.cache\selenium\chromedriver\win32\109.0.5414.74\chromedriver.exe
ement with xpath "//*[@class='gsc-control-cse gsc-control-cse-en']" should contain text "Behavior"&amp#27;[0m

@predefined @predefined5
Scenario: Predefined steps for DuckDuckGo                                                            &amp#27;[90m# src/test/resources/features/predefined.feature:41&amp#27;[0m
  &amp#27;[33mGiven &amp#27;[0m&amp#27;[33mI open url "https://duckduckgo.com"&amp#27;[0m
  &amp#27;[36mThen &amp#27;[0m&amp#27;[36mI should see page title contains "DuckDuckGo"&amp#27;[0m
  &amp#27;[36mAnd &amp#27;[0m&amp#27;[36melement with xpath "//input[@id='searchbox_input']" should be presen]]></system-out>
    <system-err><![CDATA[ChromeDriver was started successfully.
Feb 01, 2023 10:09:42 AM org.openqa.selenium.remote.ProtocolHandshake createSession
INFO: Detected upstream dialect: W3C
Feb 01, 2023 10:09:42 AM org.openqa.selenium.devtools.CdpVersionFinder findNearestMatch
WARNING: Unable to find an exact match for CDP version 109, so returning the closest version found: a no-op implementation
Feb 01, 2023 10:09:42 AM org.openqa.selenium.devtools.CdpVersionFinder findNearestMatch
INFO: Unable to find CDP implementation matching 109.
Feb 01, 2023 10:09:42 AM org.openqa.selenium.chromium.ChromiumDriver lambda$new$3
WARNING: Unable to find version of CDP to use for . You may need to include a dependency on a specific version of the CDP using something similar to `org.seleniumhq.selenium:selenium-devtools-v86:4.2.1` where the version ("v86") matches the version of the chromium-based browser you're using and the version number of the artifact is the same as Selenium's.
]]></system-err>
  </testcase>
  <testcase name="Predefined steps for Swisscows" classname="Smoke steps" time="3.056">
    <error message="The step &apos;I open url &quot;https://swisscows.com/en&quot;&apos; and 6 other step(s) are undefined.&#10;You can implement these steps using the snippet(s) below:&#10;&#10;@Given(&quot;I open url {string}&quot;)&#10;public void i_open_url(String string) {&#10;    // Write code here that turns the phrase above into concrete actions&#10;    throw new io.cucumber.java.PendingException();&#10;}&#10;Given(&quot;I open url {string}&quot;, (String string) -&gt; {&#10;    // Write code here that turns the phrase above into concrete actions&#10;    throw new io.cucumber.java8.PendingException();&#10;});&#10;@Then(&quot;I should see page title contains {string}&quot;)&#10;public void i_should_see_page_title_contains(String string) {&#10;    // Write code here that turns the phrase above into concrete actions&#10;    throw new io.cucumber.java.PendingException();&#10;}&#10;Then(&quot;I should see page title contains {string}&quot;, (String string) -&gt; {&#10;    // Write code here that turns the phrase above into concrete actions&#10;    throw new io.cucumber.java8.PendingException();&#10;});&#10;@Then(&quot;element with xpath {string} should be present&quot;)&#10;public void element_with_xpath_should_be_present(String string) {&#10;    // Write code here that turns the phrase above into concrete actions&#10;    throw new io.cucumber.java.PendingException();&#10;}&#10;Then(&quot;element with xpath {string} should be present&quot;, (String string) -&gt; {&#10;    // Write code here that turns the phrase above into concrete actions&#10;    throw new io.cucumber.java8.PendingException();&#10;});&#10;@When(&quot;I type {string} into element with xpath {string}&quot;)&#10;public void i_type_into_element_with_xpath(String string, String string2) {&#10;    // Write code here that turns the phrase above into concrete actions&#10;    throw new io.cucumber.java.PendingException();&#10;}&#10;When(&quot;I type {string} into element with xpath {string}&quot;, (String string, String string2) -&gt; {&#10;    // Write code here that turns the phrase above into concrete actions&#10;    throw new io.cucumber.java8.PendingException();&#10;});&#10;@Then(&quot;I click on element with xpath {string}&quot;)&#10;public void i_click_on_element_with_xpath(String string) {&#10;    // Write code here that turns the phrase above into concrete actions&#10;    throw new io.cucumber.java.PendingException();&#10;}&#10;Then(&quot;I click on element with xpath {string}&quot;, (String string) -&gt; {&#10;    // Write code here that turns the phrase above into concrete actions&#10;    throw new io.cucumber.java8.PendingException();&#10;});&#10;@Then(&quot;I wait for element with xpath {string} to be present&quot;)&#10;public void i_wait_for_element_with_xpath_to_be_present(String string) {&#10;    // Write code here that turns the phrase above into concrete actions&#10;    throw new io.cucumber.java.PendingException();&#10;}&#10;Then(&quot;I wait for element with xpath {string} to be present&quot;, (String string) -&gt; {&#10;    // Write code here that turns the phrase above into concrete actions&#10;    throw new io.cucumber.java8.PendingException();&#10;});&#10;@Then(&quot;element with xpath {string} should contain text {string}&quot;)&#10;public void element_with_xpath_should_contain_text(String string, String string2) {&#10;    // Write code here that turns the phrase above into concrete actions&#10;    throw new io.cucumber.java.PendingException();&#10;}&#10;Then(&quot;element with xpath {string} should contain text {string}&quot;, (String string, String string2) -&gt; {&#10;    // Write code here that turns the phrase above into concrete actions&#10;    throw new io.cucumber.java8.PendingException();&#10;});&#10;" type="io.cucumber.junit.UndefinedStepException"><![CDATA[io.cucumber.junit.UndefinedStepException: 
The step 'I open url "https://swisscows.com/en"' and 6 other step(s) are undefined.
You can implement these steps using the snippet(s) below:

@Given("I open url {string}")
public void i_open_url(String string) {
    // Write code here that turns the phrase above into concrete actions
    throw new io.cucumber.java.PendingException();
}
Given("I open url {string}", (String string) -> {
    // Write code here that turns the phrase above into concrete actions
    throw new io.cucumber.java8.PendingException();
});
@Then("I should see page title contains {string}")
public void i_should_see_page_title_contains(String string) {
    // Write code here that turns the phrase above into concrete actions
    throw new io.cucumber.java.PendingException();
}
Then("I should see page title contains {string}", (String string) -> {
    // Write code here that turns the phrase above into concrete actions
    throw new io.cucumber.java8.PendingException();
});
@Then("element with xpath {string} should be present")
public void element_with_xpath_should_be_present(String string) {
    // Write code here that turns the phrase above into concrete actions
    throw new io.cucumber.java.PendingException();
}
Then("element with xpath {string} should be present", (String string) -> {
    // Write code here that turns the phrase above into concrete actions
    throw new io.cucumber.java8.PendingException();
});
@When("I type {string} into element with xpath {string}")
public void i_type_into_element_with_xpath(String string, String string2) {
    // Write code here that turns the phrase above into concrete actions
    throw new io.cucumber.java.PendingException();
}
When("I type {string} into element with xpath {string}", (String string, String string2) -> {
    // Write code here that turns the phrase above into concrete actions
    throw new io.cucumber.java8.PendingException();
});
@Then("I click on element with xpath {string}")
public void i_click_on_element_with_xpath(String string) {
    // Write code here that turns the phrase above into concrete actions
    throw new io.cucumber.java.PendingException();
}
Then("I click on element with xpath {string}", (String string) -> {
    // Write code here that turns the phrase above into concrete actions
    throw new io.cucumber.java8.PendingException();
});
@Then("I wait for element with xpath {string} to be present")
public void i_wait_for_element_with_xpath_to_be_present(String string) {
    // Write code here that turns the phrase above into concrete actions
    throw new io.cucumber.java.PendingException();
}
Then("I wait for element with xpath {string} to be present", (String string) -> {
    // Write code here that turns the phrase above into concrete actions
    throw new io.cucumber.java8.PendingException();
});
@Then("element with xpath {string} should contain text {string}")
public void element_with_xpath_should_contain_text(String string, String string2) {
    // Write code here that turns the phrase above into concrete actions
    throw new io.cucumber.java.PendingException();
}
Then("element with xpath {string} should contain text {string}", (String string, String string2) -> {
    // Write code here that turns the phrase above into concrete actions
    throw new io.cucumber.java8.PendingException();
});

]]></error>
    <system-out><![CDATA[t&amp#27;[0m
  &amp#27;[36mWhen &amp#27;[0m&amp#27;[36mI type "Behavior Driven Development" into element with xpath "//input[@id='searchbox_input']"&amp#27;[0m
  &amp#27;[36mThen &amp#27;[0m&amp#27;[36mI click on element with xpath "//button[@type='submit']"&amp#27;[0m
  &amp#27;[36mAnd &amp#27;[0m&amp#27;[36mI wait for element with xpath "//*[@class='results--main']" to be present&amp#27;[0m
  &amp#27;[36mThen &amp#27;[0m&amp#27;[36melement with xpath "//*[@class='results--main']" should contain text "Behavior"&amp#27;[0m

@predefined @predefined6
Scenario: Predefined steps for Swisscows                                    INFO 10:09:42:707 wdm.WebDriverManager resolveDriverVersion:1197 Using chromedriver 109.0.5414.74 (resolved driver for Chrome 109)
INFO 10:09:42:718 wdm.WebDriverManager exportDriver:1252 Exporting webdriver.chrome.driver as C:\Users\ilyas\.cache\selenium\chromedriver\win32\109.0.5414.74\chromedriver.exe
                         &amp#27;[90m# src/test/resources/features/predefined.feature:51&amp#27;[0m
  &amp#27;[33mGiven &amp#27;[0m&amp#27;[33mI open url "https://swisscows.com/en"&amp#27;[0m
  &amp#27;[36mThen &amp#27;[0m&amp#27;[36mI should see page title contains "Swisscows"&amp#27;[0m
  &amp#27;[36mAnd &amp#27;[0m&amp#27;[36melement with xpath "//input[@class='input-search']" should be present&amp#27;[0m
  &amp#27;[36mWhen &amp#27;[0m&amp#27;[36mI type "Behavior Driven Development" into element with xpath "//input[@class='input-search']"&amp#27;[0m
  &amp#27;[36mThen &amp#27;[0m&amp#27;[36mI click on element with xpath "//button[@class='search-sub]]></system-out>
    <system-err><![CDATA[ChromeDriver was started successfully.
Feb 01, 2023 10:09:45 AM org.openqa.selenium.remote.ProtocolHandshake createSession
INFO: Detected upstream dialect: W3C
Feb 01, 2023 10:09:45 AM org.openqa.selenium.devtools.CdpVersionFinder findNearestMatch
WARNING: Unable to find an exact match for CDP version 109, so returning the closest version found: a no-op implementation
Feb 01, 2023 10:09:45 AM org.openqa.selenium.devtools.CdpVersionFinder findNearestMatch
INFO: Unable to find CDP implementation matching 109.
Feb 01, 2023 10:09:45 AM org.openqa.selenium.chromium.ChromiumDriver lambda$new$3
WARNING: Unable to find version of CDP to use for . You may need to include a dependency on a specific version of the CDP using something similar to `org.seleniumhq.selenium:selenium-devtools-v86:4.2.1` where the version ("v86") matches the version of the chromium-based browser you're using and the version number of the artifact is the same as Selenium's.
]]></system-err>
  </testcase>
  <testcase name="Predefined steps for Search Encrypt" classname="Smoke steps" time="2.918">
    <error message="The step &apos;I open url &quot;https://www.searchencrypt.com/home&quot;&apos; and 6 other step(s) are undefined.&#10;You can implement these steps using the snippet(s) below:&#10;&#10;@Given(&quot;I open url {string}&quot;)&#10;public void i_open_url(String string) {&#10;    // Write code here that turns the phrase above into concrete actions&#10;    throw new io.cucumber.java.PendingException();&#10;}&#10;Given(&quot;I open url {string}&quot;, (String string) -&gt; {&#10;    // Write code here that turns the phrase above into concrete actions&#10;    throw new io.cucumber.java8.PendingException();&#10;});&#10;@Then(&quot;I should see page title contains {string}&quot;)&#10;public void i_should_see_page_title_contains(String string) {&#10;    // Write code here that turns the phrase above into concrete actions&#10;    throw new io.cucumber.java.PendingException();&#10;}&#10;Then(&quot;I should see page title contains {string}&quot;, (String string) -&gt; {&#10;    // Write code here that turns the phrase above into concrete actions&#10;    throw new io.cucumber.java8.PendingException();&#10;});&#10;@Then(&quot;element with xpath {string} should be present&quot;)&#10;public void element_with_xpath_should_be_present(String string) {&#10;    // Write code here that turns the phrase above into concrete actions&#10;    throw new io.cucumber.java.PendingException();&#10;}&#10;Then(&quot;element with xpath {string} should be present&quot;, (String string) -&gt; {&#10;    // Write code here that turns the phrase above into concrete actions&#10;    throw new io.cucumber.java8.PendingException();&#10;});&#10;@When(&quot;I type {string} into element with xpath {string}&quot;)&#10;public void i_type_into_element_with_xpath(String string, String string2) {&#10;    // Write code here that turns the phrase above into concrete actions&#10;    throw new io.cucumber.java.PendingException();&#10;}&#10;When(&quot;I type {string} into element with xpath {string}&quot;, (String string, String string2) -&gt; {&#10;    // Write code here that turns the phrase above into concrete actions&#10;    throw new io.cucumber.java8.PendingException();&#10;});&#10;@Then(&quot;I click on element with xpath {string}&quot;)&#10;public void i_click_on_element_with_xpath(String string) {&#10;    // Write code here that turns the phrase above into concrete actions&#10;    throw new io.cucumber.java.PendingException();&#10;}&#10;Then(&quot;I click on element with xpath {string}&quot;, (String string) -&gt; {&#10;    // Write code here that turns the phrase above into concrete actions&#10;    throw new io.cucumber.java8.PendingException();&#10;});&#10;@Then(&quot;I wait for element with xpath {string} to be present&quot;)&#10;public void i_wait_for_element_with_xpath_to_be_present(String string) {&#10;    // Write code here that turns the phrase above into concrete actions&#10;    throw new io.cucumber.java.PendingException();&#10;}&#10;Then(&quot;I wait for element with xpath {string} to be present&quot;, (String string) -&gt; {&#10;    // Write code here that turns the phrase above into concrete actions&#10;    throw new io.cucumber.java8.PendingException();&#10;});&#10;@Then(&quot;element with xpath {string} should contain text {string}&quot;)&#10;public void element_with_xpath_should_contain_text(String string, String string2) {&#10;    // Write code here that turns the phrase above into concrete actions&#10;    throw new io.cucumber.java.PendingException();&#10;}&#10;Then(&quot;element with xpath {string} should contain text {string}&quot;, (String string, String string2) -&gt; {&#10;    // Write code here that turns the phrase above into concrete actions&#10;    throw new io.cucumber.java8.PendingException();&#10;});&#10;" type="io.cucumber.junit.UndefinedStepException"><![CDATA[io.cucumber.junit.UndefinedStepException: 
The step 'I open url "https://www.searchencrypt.com/home"' and 6 other step(s) are undefined.
You can implement these steps using the snippet(s) below:

@Given("I open url {string}")
public void i_open_url(String string) {
    // Write code here that turns the phrase above into concrete actions
    throw new io.cucumber.java.PendingException();
}
Given("I open url {string}", (String string) -> {
    // Write code here that turns the phrase above into concrete actions
    throw new io.cucumber.java8.PendingException();
});
@Then("I should see page title contains {string}")
public void i_should_see_page_title_contains(String string) {
    // Write code here that turns the phrase above into concrete actions
    throw new io.cucumber.java.PendingException();
}
Then("I should see page title contains {string}", (String string) -> {
    // Write code here that turns the phrase above into concrete actions
    throw new io.cucumber.java8.PendingException();
});
@Then("element with xpath {string} should be present")
public void element_with_xpath_should_be_present(String string) {
    // Write code here that turns the phrase above into concrete actions
    throw new io.cucumber.java.PendingException();
}
Then("element with xpath {string} should be present", (String string) -> {
    // Write code here that turns the phrase above into concrete actions
    throw new io.cucumber.java8.PendingException();
});
@When("I type {string} into element with xpath {string}")
public void i_type_into_element_with_xpath(String string, String string2) {
    // Write code here that turns the phrase above into concrete actions
    throw new io.cucumber.java.PendingException();
}
When("I type {string} into element with xpath {string}", (String string, String string2) -> {
    // Write code here that turns the phrase above into concrete actions
    throw new io.cucumber.java8.PendingException();
});
@Then("I click on element with xpath {string}")
public void i_click_on_element_with_xpath(String string) {
    // Write code here that turns the phrase above into concrete actions
    throw new io.cucumber.java.PendingException();
}
Then("I click on element with xpath {string}", (String string) -> {
    // Write code here that turns the phrase above into concrete actions
    throw new io.cucumber.java8.PendingException();
});
@Then("I wait for element with xpath {string} to be present")
public void i_wait_for_element_with_xpath_to_be_present(String string) {
    // Write code here that turns the phrase above into concrete actions
    throw new io.cucumber.java.PendingException();
}
Then("I wait for element with xpath {string} to be present", (String string) -> {
    // Write code here that turns the phrase above into concrete actions
    throw new io.cucumber.java8.PendingException();
});
@Then("element with xpath {string} should contain text {string}")
public void element_with_xpath_should_contain_text(String string, String string2) {
    // Write code here that turns the phrase above into concrete actions
    throw new io.cucumber.java.PendingException();
}
Then("element with xpath {string} should contain text {string}", (String string, String string2) -> {
    // Write code here that turns the phrase above into concrete actions
    throw new io.cucumber.java8.PendingException();
});

]]></error>
    <system-out><![CDATA[INFO 10:09:45:756 wdm.WebDriverManager resolveDriverVersion:1197 Using chromedriver 109.0.5414.74 (resolved driver for Chrome 109)
INFO 10:09:45:764 wdm.WebDriverManager exportDriver:1252 Exporting webdriver.chrome.driver as C:\Users\ilyas\.cache\selenium\chromedriver\win32\109.0.5414.74\chromedriver.exe
mit']"&amp#27;[0m
  &amp#27;[36mAnd &amp#27;[0m&amp#27;[36mI wait for element with xpath "//div[@class='web-results']" to be present&amp#27;[0m
  &amp#27;[36mThen &amp#27;[0m&amp#27;[36melement with xpath "//div[@class='web-results']" should contain text "Cucumber"&amp#27;[0m

@predefined @predefined7
Scenario: Predefined steps for Search Encrypt                                                              &amp#27;[90m# src/test/resources/features/predefined.feature:61&amp#27;[0m
  &amp#27;[33mGiven &amp#27;[0m&amp#27;[33mI open url "https://www.searchencrypt.com/home"&amp#27;[0m
  &amp#27;[36mThen &amp#27;[0m&amp#27;[36mI should see page title contains "Search Encrypt"&amp#27;[0m
  &amp#27;[36mAnd &amp#27;[0m&amp#27;[36melement with xpath "//input[@class='search-bar__search']" should be present&amp#27;[0m
  &amp#27;[36mWhen &amp#27;[0m&amp#27;[36mI type "Behavior Driven Development" into element with xpath "//input[@class='search-bar__search']"&amp#27;[0m
  &amp#27;[36mThen &amp#27;[0m&amp#27;[36mI click on element with xpath "//button[@class='search-bar__submit']"&amp#27;[0m
  &amp#27;[36mAnd &amp#27;[0m&amp#27;[36mI wait for element with xpath "//section[@class='serp__results container']" to be present&amp#27;[0m
  &amp#27;[36mThen &amp#27;[0m&amp#27;[36melement with]]></system-out>
    <system-err><![CDATA[ChromeDriver was started successfully.
Feb 01, 2023 10:09:48 AM org.openqa.selenium.remote.ProtocolHandshake createSession
INFO: Detected upstream dialect: W3C
Feb 01, 2023 10:09:48 AM org.openqa.selenium.devtools.CdpVersionFinder findNearestMatch
WARNING: Unable to find an exact match for CDP version 109, so returning the closest version found: a no-op implementation
Feb 01, 2023 10:09:48 AM org.openqa.selenium.devtools.CdpVersionFinder findNearestMatch
INFO: Unable to find CDP implementation matching 109.
Feb 01, 2023 10:09:48 AM org.openqa.selenium.chromium.ChromiumDriver lambda$new$3
WARNING: Unable to find version of CDP to use for . You may need to include a dependency on a specific version of the CDP using something similar to `org.seleniumhq.selenium:selenium-devtools-v86:4.2.1` where the version ("v86") matches the version of the chromium-based browser you're using and the version number of the artifact is the same as Selenium's.
]]></system-err>
  </testcase>
  <testcase name="Predefined steps for Start Page" classname="Smoke steps" time="3.141">
    <error message="The step &apos;I open url &quot;https://www.startpage.com&quot;&apos; and 6 other step(s) are undefined.&#10;You can implement these steps using the snippet(s) below:&#10;&#10;@Given(&quot;I open url {string}&quot;)&#10;public void i_open_url(String string) {&#10;    // Write code here that turns the phrase above into concrete actions&#10;    throw new io.cucumber.java.PendingException();&#10;}&#10;Given(&quot;I open url {string}&quot;, (String string) -&gt; {&#10;    // Write code here that turns the phrase above into concrete actions&#10;    throw new io.cucumber.java8.PendingException();&#10;});&#10;@Then(&quot;I should see page title contains {string}&quot;)&#10;public void i_should_see_page_title_contains(String string) {&#10;    // Write code here that turns the phrase above into concrete actions&#10;    throw new io.cucumber.java.PendingException();&#10;}&#10;Then(&quot;I should see page title contains {string}&quot;, (String string) -&gt; {&#10;    // Write code here that turns the phrase above into concrete actions&#10;    throw new io.cucumber.java8.PendingException();&#10;});&#10;@Then(&quot;element with xpath {string} should be present&quot;)&#10;public void element_with_xpath_should_be_present(String string) {&#10;    // Write code here that turns the phrase above into concrete actions&#10;    throw new io.cucumber.java.PendingException();&#10;}&#10;Then(&quot;element with xpath {string} should be present&quot;, (String string) -&gt; {&#10;    // Write code here that turns the phrase above into concrete actions&#10;    throw new io.cucumber.java8.PendingException();&#10;});&#10;@When(&quot;I type {string} into element with xpath {string}&quot;)&#10;public void i_type_into_element_with_xpath(String string, String string2) {&#10;    // Write code here that turns the phrase above into concrete actions&#10;    throw new io.cucumber.java.PendingException();&#10;}&#10;When(&quot;I type {string} into element with xpath {string}&quot;, (String string, String string2) -&gt; {&#10;    // Write code here that turns the phrase above into concrete actions&#10;    throw new io.cucumber.java8.PendingException();&#10;});&#10;@Then(&quot;I click on element with xpath {string}&quot;)&#10;public void i_click_on_element_with_xpath(String string) {&#10;    // Write code here that turns the phrase above into concrete actions&#10;    throw new io.cucumber.java.PendingException();&#10;}&#10;Then(&quot;I click on element with xpath {string}&quot;, (String string) -&gt; {&#10;    // Write code here that turns the phrase above into concrete actions&#10;    throw new io.cucumber.java8.PendingException();&#10;});&#10;@Then(&quot;I wait for element with xpath {string} to be present&quot;)&#10;public void i_wait_for_element_with_xpath_to_be_present(String string) {&#10;    // Write code here that turns the phrase above into concrete actions&#10;    throw new io.cucumber.java.PendingException();&#10;}&#10;Then(&quot;I wait for element with xpath {string} to be present&quot;, (String string) -&gt; {&#10;    // Write code here that turns the phrase above into concrete actions&#10;    throw new io.cucumber.java8.PendingException();&#10;});&#10;@Then(&quot;element with xpath {string} should contain text {string}&quot;)&#10;public void element_with_xpath_should_contain_text(String string, String string2) {&#10;    // Write code here that turns the phrase above into concrete actions&#10;    throw new io.cucumber.java.PendingException();&#10;}&#10;Then(&quot;element with xpath {string} should contain text {string}&quot;, (String string, String string2) -&gt; {&#10;    // Write code here that turns the phrase above into concrete actions&#10;    throw new io.cucumber.java8.PendingException();&#10;});&#10;" type="io.cucumber.junit.UndefinedStepException"><![CDATA[io.cucumber.junit.UndefinedStepException: 
The step 'I open url "https://www.startpage.com"' and 6 other step(s) are undefined.
You can implement these steps using the snippet(s) below:

@Given("I open url {string}")
public void i_open_url(String string) {
    // Write code here that turns the phrase above into concrete actions
    throw new io.cucumber.java.PendingException();
}
Given("I open url {string}", (String string) -> {
    // Write code here that turns the phrase above into concrete actions
    throw new io.cucumber.java8.PendingException();
});
@Then("I should see page title contains {string}")
public void i_should_see_page_title_contains(String string) {
    // Write code here that turns the phrase above into concrete actions
    throw new io.cucumber.java.PendingException();
}
Then("I should see page title contains {string}", (String string) -> {
    // Write code here that turns the phrase above into concrete actions
    throw new io.cucumber.java8.PendingException();
});
@Then("element with xpath {string} should be present")
public void element_with_xpath_should_be_present(String string) {
    // Write code here that turns the phrase above into concrete actions
    throw new io.cucumber.java.PendingException();
}
Then("element with xpath {string} should be present", (String string) -> {
    // Write code here that turns the phrase above into concrete actions
    throw new io.cucumber.java8.PendingException();
});
@When("I type {string} into element with xpath {string}")
public void i_type_into_element_with_xpath(String string, String string2) {
    // Write code here that turns the phrase above into concrete actions
    throw new io.cucumber.java.PendingException();
}
When("I type {string} into element with xpath {string}", (String string, String string2) -> {
    // Write code here that turns the phrase above into concrete actions
    throw new io.cucumber.java8.PendingException();
});
@Then("I click on element with xpath {string}")
public void i_click_on_element_with_xpath(String string) {
    // Write code here that turns the phrase above into concrete actions
    throw new io.cucumber.java.PendingException();
}
Then("I click on element with xpath {string}", (String string) -> {
    // Write code here that turns the phrase above into concrete actions
    throw new io.cucumber.java8.PendingException();
});
@Then("I wait for element with xpath {string} to be present")
public void i_wait_for_element_with_xpath_to_be_present(String string) {
    // Write code here that turns the phrase above into concrete actions
    throw new io.cucumber.java.PendingException();
}
Then("I wait for element with xpath {string} to be present", (String string) -> {
    // Write code here that turns the phrase above into concrete actions
    throw new io.cucumber.java8.PendingException();
});
@Then("element with xpath {string} should contain text {string}")
public void element_with_xpath_should_contain_text(String string, String string2) {
    // Write code here that turns the phrase above into concrete actions
    throw new io.cucumber.java.PendingException();
}
Then("element with xpath {string} should contain text {string}", (String string, String string2) -> {
    // Write code here that turns the phrase above into concrete actions
    throw new io.cucumber.java8.PendingException();
});

]]></error>
    <system-out><![CDATA[INFO 10:09:48:672 wdm.WebDriverManager resolveDriverVersion:1197 Using chromedriver 109.0.5414.74 (resolved driver for Chrome 109)
INFO 10:09:48:681 wdm.WebDriverManager exportDriver:1252 Exporting webdriver.chrome.driver as C:\Users\ilyas\.cache\selenium\chromedriver\win32\109.0.5414.74\chromedriver.exe
 xpath "//section[@class='serp__results container']" should contain text "BDD"&amp#27;[0m

@predefined @predefined8
Scenario: Predefined steps for Start Page                                                           &amp#27;[90m# src/test/resources/features/predefined.feature:72&amp#27;[0m
  &amp#27;[33mGiven &amp#27;[0m&amp#27;[33mI open url "https://www.startpage.com"&amp#27;[0m
  &amp#27;[36mThen &amp#27;[0m&amp#27;[36mI should see page title contains "Startpage"&amp#27;[0m
  &amp#27;[36mThen &amp#27;[0m&amp#27;[36melement with xpath "//input[@id='q']" should be present&amp#27;[0m
  &amp#27;[36mWhen &amp#27;[0m&amp#27;[36mI typ]]></system-out>
    <system-err><![CDATA[ChromeDriver was started successfully.
Feb 01, 2023 10:09:51 AM org.openqa.selenium.remote.ProtocolHandshake createSession
INFO: Detected upstream dialect: W3C
Feb 01, 2023 10:09:51 AM org.openqa.selenium.devtools.CdpVersionFinder findNearestMatch
WARNING: Unable to find an exact match for CDP version 109, so returning the closest version found: a no-op implementation
Feb 01, 2023 10:09:51 AM org.openqa.selenium.devtools.CdpVersionFinder findNearestMatch
INFO: Unable to find CDP implementation matching 109.
Feb 01, 2023 10:09:51 AM org.openqa.selenium.chromium.ChromiumDriver lambda$new$3
WARNING: Unable to find version of CDP to use for . You may need to include a dependency on a specific version of the CDP using something similar to `org.seleniumhq.selenium:selenium-devtools-v86:4.2.1` where the version ("v86") matches the version of the chromium-based browser you're using and the version number of the artifact is the same as Selenium's.
]]></system-err>
  </testcase>
  <testcase name="Predefined steps for Yandex" classname="Smoke steps" time="2.757">
    <error message="The step &apos;I open url &quot;https://yandex.com&quot;&apos; and 9 other step(s) are undefined.&#10;You can implement these steps using the snippet(s) below:&#10;&#10;@Given(&quot;I open url {string}&quot;)&#10;public void i_open_url(String string) {&#10;    // Write code here that turns the phrase above into concrete actions&#10;    throw new io.cucumber.java.PendingException();&#10;}&#10;Given(&quot;I open url {string}&quot;, (String string) -&gt; {&#10;    // Write code here that turns the phrase above into concrete actions&#10;    throw new io.cucumber.java8.PendingException();&#10;});&#10;@Then(&quot;I should see page title contains {string}&quot;)&#10;public void i_should_see_page_title_contains(String string) {&#10;    // Write code here that turns the phrase above into concrete actions&#10;    throw new io.cucumber.java.PendingException();&#10;}&#10;Then(&quot;I should see page title contains {string}&quot;, (String string) -&gt; {&#10;    // Write code here that turns the phrase above into concrete actions&#10;    throw new io.cucumber.java8.PendingException();&#10;});&#10;@Then(&quot;element with xpath {string} should be present&quot;)&#10;public void element_with_xpath_should_be_present(String string) {&#10;    // Write code here that turns the phrase above into concrete actions&#10;    throw new io.cucumber.java.PendingException();&#10;}&#10;Then(&quot;element with xpath {string} should be present&quot;, (String string) -&gt; {&#10;    // Write code here that turns the phrase above into concrete actions&#10;    throw new io.cucumber.java8.PendingException();&#10;});&#10;@Then(&quot;I click on element using JavaScript with xpath {string}&quot;)&#10;public void i_click_on_element_using_java_script_with_xpath(String string) {&#10;    // Write code here that turns the phrase above into concrete actions&#10;    throw new io.cucumber.java.PendingException();&#10;}&#10;Then(&quot;I click on element using JavaScript with xpath {string}&quot;, (String string) -&gt; {&#10;    // Write code here that turns the phrase above into concrete actions&#10;    throw new io.cucumber.java8.PendingException();&#10;});&#10;@When(&quot;I type {string} into element with xpath {string}&quot;)&#10;public void i_type_into_element_with_xpath(String string, String string2) {&#10;    // Write code here that turns the phrase above into concrete actions&#10;    throw new io.cucumber.java.PendingException();&#10;}&#10;When(&quot;I type {string} into element with xpath {string}&quot;, (String string, String string2) -&gt; {&#10;    // Write code here that turns the phrase above into concrete actions&#10;    throw new io.cucumber.java8.PendingException();&#10;});&#10;@Then(&quot;I click on element with xpath {string}&quot;)&#10;public void i_click_on_element_with_xpath(String string) {&#10;    // Write code here that turns the phrase above into concrete actions&#10;    throw new io.cucumber.java.PendingException();&#10;}&#10;Then(&quot;I click on element with xpath {string}&quot;, (String string) -&gt; {&#10;    // Write code here that turns the phrase above into concrete actions&#10;    throw new io.cucumber.java8.PendingException();&#10;});&#10;@Then(&quot;I wait for {int} sec&quot;)&#10;public void i_wait_for_sec(Integer int1) {&#10;    // Write code here that turns the phrase above into concrete actions&#10;    throw new io.cucumber.java.PendingException();&#10;}&#10;Then(&quot;I wait for {int} sec&quot;, (Integer int1) -&gt; {&#10;    // Write code here that turns the phrase above into concrete actions&#10;    throw new io.cucumber.java8.PendingException();&#10;});&#10;" type="io.cucumber.junit.UndefinedStepException"><![CDATA[io.cucumber.junit.UndefinedStepException: 
The step 'I open url "https://yandex.com"' and 9 other step(s) are undefined.
You can implement these steps using the snippet(s) below:

@Given("I open url {string}")
public void i_open_url(String string) {
    // Write code here that turns the phrase above into concrete actions
    throw new io.cucumber.java.PendingException();
}
Given("I open url {string}", (String string) -> {
    // Write code here that turns the phrase above into concrete actions
    throw new io.cucumber.java8.PendingException();
});
@Then("I should see page title contains {string}")
public void i_should_see_page_title_contains(String string) {
    // Write code here that turns the phrase above into concrete actions
    throw new io.cucumber.java.PendingException();
}
Then("I should see page title contains {string}", (String string) -> {
    // Write code here that turns the phrase above into concrete actions
    throw new io.cucumber.java8.PendingException();
});
@Then("element with xpath {string} should be present")
public void element_with_xpath_should_be_present(String string) {
    // Write code here that turns the phrase above into concrete actions
    throw new io.cucumber.java.PendingException();
}
Then("element with xpath {string} should be present", (String string) -> {
    // Write code here that turns the phrase above into concrete actions
    throw new io.cucumber.java8.PendingException();
});
@Then("I click on element using JavaScript with xpath {string}")
public void i_click_on_element_using_java_script_with_xpath(String string) {
    // Write code here that turns the phrase above into concrete actions
    throw new io.cucumber.java.PendingException();
}
Then("I click on element using JavaScript with xpath {string}", (String string) -> {
    // Write code here that turns the phrase above into concrete actions
    throw new io.cucumber.java8.PendingException();
});
@When("I type {string} into element with xpath {string}")
public void i_type_into_element_with_xpath(String string, String string2) {
    // Write code here that turns the phrase above into concrete actions
    throw new io.cucumber.java.PendingException();
}
When("I type {string} into element with xpath {string}", (String string, String string2) -> {
    // Write code here that turns the phrase above into concrete actions
    throw new io.cucumber.java8.PendingException();
});
@Then("I click on element with xpath {string}")
public void i_click_on_element_with_xpath(String string) {
    // Write code here that turns the phrase above into concrete actions
    throw new io.cucumber.java.PendingException();
}
Then("I click on element with xpath {string}", (String string) -> {
    // Write code here that turns the phrase above into concrete actions
    throw new io.cucumber.java8.PendingException();
});
@Then("I wait for {int} sec")
public void i_wait_for_sec(Integer int1) {
    // Write code here that turns the phrase above into concrete actions
    throw new io.cucumber.java.PendingException();
}
Then("I wait for {int} sec", (Integer int1) -> {
    // Write code here that turns the phrase above into concrete actions
    throw new io.cucumber.java8.PendingException();
});

]]></error>
    <system-out><![CDATA[e "Behavior Driven Development" into element with xpath "//input[@id='q']"&amp#27;[0m
  &amp#27;[36mThen &amp#27;[0m&amp#27;[36mI click on element with xpath "//input[@id='q']/..//button"&amp#27;[0m
  &amp#27;[36mThen &amp#27;[0m&amp#27;[36mI wait for element with xpath "//section[@class='w-gl w-gl--desktop w-gl--']" to be present&amp#27;[0m
  &amp#27;[36mThen &amp#27;[0m&amp#27;[36melement with xpath "//section[@class='w-gl w-gl--desktop w-gl--']" should contain text "BDD"&amp#27;[0m

@predefined @predefined9
Scenario: Predefined steps for Yandex                                                  INFO 10:09:51:818 wdm.WebDriverManager resolveDriverVersion:1197 Using chromedriver 109.0.5414.74 (resolved driver for Chrome 109)
INFO 10:09:51:827 wdm.WebDriverManager exportDriver:1252 Exporting webdriver.chrome.driver as C:\Users\ilyas\.cache\selenium\chromedriver\win32\109.0.5414.74\chromedriver.exe
          &amp#27;[90m# src/test/resources/features/predefined.feature:82&amp#27;[0m
  &amp#27;[33mGiven &amp#27;[0m&amp#27;[33mI open url "https://yandex.com"&amp#27;[0m
  &amp#27;[36mThen &amp#27;[0m&amp#27;[36mI should see page title contains "Yandex"&amp#27;[0m
  &amp#27;[36mAnd &amp#27;[0m&amp#27;[36melement with xpath "//input[@name='text']" should be present&amp#27;[0m
  &amp#27;[36mThen &amp#27;[0m&amp#27;[36mI click on element using JavaScript with xpath "//button[@data-id='button-all']"&amp#27;[0m
  &amp#27;[36mWhen &amp#27;[0m&amp#27;[36mI type "BDD" into element with xpath "//input[@name='text']"&amp#27;[0m
  &amp#27;[36mThen &amp#27;[0m&amp#27;[36mI click on element]]></system-out>
    <system-err><![CDATA[ChromeDriver was started successfully.
Feb 01, 2023 10:09:54 AM org.openqa.selenium.remote.ProtocolHandshake createSession
INFO: Detected upstream dialect: W3C
Feb 01, 2023 10:09:54 AM org.openqa.selenium.devtools.CdpVersionFinder findNearestMatch
WARNING: Unable to find an exact match for CDP version 109, so returning the closest version found: a no-op implementation
Feb 01, 2023 10:09:54 AM org.openqa.selenium.devtools.CdpVersionFinder findNearestMatch
INFO: Unable to find CDP implementation matching 109.
Feb 01, 2023 10:09:54 AM org.openqa.selenium.chromium.ChromiumDriver lambda$new$3
WARNING: Unable to find version of CDP to use for . You may need to include a dependency on a specific version of the CDP using something similar to `org.seleniumhq.selenium:selenium-devtools-v86:4.2.1` where the version ("v86") matches the version of the chromium-based browser you're using and the version number of the artifact is the same as Selenium's.
]]></system-err>
  </testcase>
  <testcase name="Predefined steps for Boardreader" classname="Smoke steps" time="2.742">
    <error message="The step &apos;I open url &quot;https://boardreader.com&quot;&apos; and 7 other step(s) are undefined.&#10;You can implement these steps using the snippet(s) below:&#10;&#10;@Given(&quot;I open url {string}&quot;)&#10;public void i_open_url(String string) {&#10;    // Write code here that turns the phrase above into concrete actions&#10;    throw new io.cucumber.java.PendingException();&#10;}&#10;Given(&quot;I open url {string}&quot;, (String string) -&gt; {&#10;    // Write code here that turns the phrase above into concrete actions&#10;    throw new io.cucumber.java8.PendingException();&#10;});&#10;@Then(&quot;I should see page title contains {string}&quot;)&#10;public void i_should_see_page_title_contains(String string) {&#10;    // Write code here that turns the phrase above into concrete actions&#10;    throw new io.cucumber.java.PendingException();&#10;}&#10;Then(&quot;I should see page title contains {string}&quot;, (String string) -&gt; {&#10;    // Write code here that turns the phrase above into concrete actions&#10;    throw new io.cucumber.java8.PendingException();&#10;});&#10;@Then(&quot;element with xpath {string} should be present&quot;)&#10;public void element_with_xpath_should_be_present(String string) {&#10;    // Write code here that turns the phrase above into concrete actions&#10;    throw new io.cucumber.java.PendingException();&#10;}&#10;Then(&quot;element with xpath {string} should be present&quot;, (String string) -&gt; {&#10;    // Write code here that turns the phrase above into concrete actions&#10;    throw new io.cucumber.java8.PendingException();&#10;});&#10;@When(&quot;I type {string} into element with xpath {string}&quot;)&#10;public void i_type_into_element_with_xpath(String string, String string2) {&#10;    // Write code here that turns the phrase above into concrete actions&#10;    throw new io.cucumber.java.PendingException();&#10;}&#10;When(&quot;I type {string} into element with xpath {string}&quot;, (String string, String string2) -&gt; {&#10;    // Write code here that turns the phrase above into concrete actions&#10;    throw new io.cucumber.java8.PendingException();&#10;});&#10;@Then(&quot;I click on element with xpath {string}&quot;)&#10;public void i_click_on_element_with_xpath(String string) {&#10;    // Write code here that turns the phrase above into concrete actions&#10;    throw new io.cucumber.java.PendingException();&#10;}&#10;Then(&quot;I click on element with xpath {string}&quot;, (String string) -&gt; {&#10;    // Write code here that turns the phrase above into concrete actions&#10;    throw new io.cucumber.java8.PendingException();&#10;});&#10;@Then(&quot;I wait for {int} sec&quot;)&#10;public void i_wait_for_sec(Integer int1) {&#10;    // Write code here that turns the phrase above into concrete actions&#10;    throw new io.cucumber.java.PendingException();&#10;}&#10;Then(&quot;I wait for {int} sec&quot;, (Integer int1) -&gt; {&#10;    // Write code here that turns the phrase above into concrete actions&#10;    throw new io.cucumber.java8.PendingException();&#10;});&#10;@Then(&quot;I wait for element with xpath {string} to be present&quot;)&#10;public void i_wait_for_element_with_xpath_to_be_present(String string) {&#10;    // Write code here that turns the phrase above into concrete actions&#10;    throw new io.cucumber.java.PendingException();&#10;}&#10;Then(&quot;I wait for element with xpath {string} to be present&quot;, (String string) -&gt; {&#10;    // Write code here that turns the phrase above into concrete actions&#10;    throw new io.cucumber.java8.PendingException();&#10;});&#10;@Then(&quot;element with xpath {string} should contain text {string}&quot;)&#10;public void element_with_xpath_should_contain_text(String string, String string2) {&#10;    // Write code here that turns the phrase above into concrete actions&#10;    throw new io.cucumber.java.PendingException();&#10;}&#10;Then(&quot;element with xpath {string} should contain text {string}&quot;, (String string, String string2) -&gt; {&#10;    // Write code here that turns the phrase above into concrete actions&#10;    throw new io.cucumber.java8.PendingException();&#10;});&#10;" type="io.cucumber.junit.UndefinedStepException"><![CDATA[io.cucumber.junit.UndefinedStepException: 
The step 'I open url "https://boardreader.com"' and 7 other step(s) are undefined.
You can implement these steps using the snippet(s) below:

@Given("I open url {string}")
public void i_open_url(String string) {
    // Write code here that turns the phrase above into concrete actions
    throw new io.cucumber.java.PendingException();
}
Given("I open url {string}", (String string) -> {
    // Write code here that turns the phrase above into concrete actions
    throw new io.cucumber.java8.PendingException();
});
@Then("I should see page title contains {string}")
public void i_should_see_page_title_contains(String string) {
    // Write code here that turns the phrase above into concrete actions
    throw new io.cucumber.java.PendingException();
}
Then("I should see page title contains {string}", (String string) -> {
    // Write code here that turns the phrase above into concrete actions
    throw new io.cucumber.java8.PendingException();
});
@Then("element with xpath {string} should be present")
public void element_with_xpath_should_be_present(String string) {
    // Write code here that turns the phrase above into concrete actions
    throw new io.cucumber.java.PendingException();
}
Then("element with xpath {string} should be present", (String string) -> {
    // Write code here that turns the phrase above into concrete actions
    throw new io.cucumber.java8.PendingException();
});
@When("I type {string} into element with xpath {string}")
public void i_type_into_element_with_xpath(String string, String string2) {
    // Write code here that turns the phrase above into concrete actions
    throw new io.cucumber.java.PendingException();
}
When("I type {string} into element with xpath {string}", (String string, String string2) -> {
    // Write code here that turns the phrase above into concrete actions
    throw new io.cucumber.java8.PendingException();
});
@Then("I click on element with xpath {string}")
public void i_click_on_element_with_xpath(String string) {
    // Write code here that turns the phrase above into concrete actions
    throw new io.cucumber.java.PendingException();
}
Then("I click on element with xpath {string}", (String string) -> {
    // Write code here that turns the phrase above into concrete actions
    throw new io.cucumber.java8.PendingException();
});
@Then("I wait for {int} sec")
public void i_wait_for_sec(Integer int1) {
    // Write code here that turns the phrase above into concrete actions
    throw new io.cucumber.java.PendingException();
}
Then("I wait for {int} sec", (Integer int1) -> {
    // Write code here that turns the phrase above into concrete actions
    throw new io.cucumber.java8.PendingException();
});
@Then("I wait for element with xpath {string} to be present")
public void i_wait_for_element_with_xpath_to_be_present(String string) {
    // Write code here that turns the phrase above into concrete actions
    throw new io.cucumber.java.PendingException();
}
Then("I wait for element with xpath {string} to be present", (String string) -> {
    // Write code here that turns the phrase above into concrete actions
    throw new io.cucumber.java8.PendingException();
});
@Then("element with xpath {string} should contain text {string}")
public void element_with_xpath_should_contain_text(String string, String string2) {
    // Write code here that turns the phrase above into concrete actions
    throw new io.cucumber.java.PendingException();
}
Then("element with xpath {string} should contain text {string}", (String string, String string2) -> {
    // Write code here that turns the phrase above into concrete actions
    throw new io.cucumber.java8.PendingException();
});

]]></error>
    <system-out><![CDATA[ with xpath "//span[contains(text(),'Search')]/.."&amp#27;[0m
  &amp#27;[36mAnd &amp#27;[0m&amp#27;[36mI wait for 3 sec&amp#27;[0m
  &amp#27;[36mThen &amp#27;[0m&amp#27;[36mI click on element using JavaScript with xpath "//div[@class='CheckboxCaptcha-Checkbox']"&amp#27;[0m
  &amp#27;[36mAnd &amp#27;[0m&amp#27;[36mI wait for 3 sec&amp#27;[0m
  &amp#27;[36mThen &amp#27;[0m&amp#27;[36melement with xpath "//input[@name='text']" should be present&amp#27;[0m

@predefined @predefined10
INFO 10:09:54:571 wdm.WebDriverManager resolveDriverVersion:1197 Using chromedriver 109.0.5414.74 (resolved driver for Chrome 109)
INFO 10:09:54:577 wdm.WebDriverManager exportDriver:1252 Exporting webdriver.chrome.driver as C:\Users\ilyas\.cache\selenium\chromedriver\win32\109.0.5414.74\chromedriver.exe
Scenario: Predefined steps for Boardreader                                                                              &amp#27;[90m# src/test/resources/features/predefined.feature:96&amp#27;[0m
  &amp#27;[33mGiven &amp#27;[0m&amp#27;[33mI open url "https://boardreader.com"&amp#27;[0m
  &amp#27;[36mThen &amp#27;[0m&amp#27;[36mI should see page title contains "Boardreader"&amp#27;[0m
  &amp#27;[36mAnd &amp#27;[0m&amp#27;[36melement with xpath "//input[@id='title-query']" should be present&amp#27;[0m
  &amp#27;[36mWhen &amp#27;[0m&amp#27;[36mI type "Behavior Driven Development" into element with xpath "//input[@id='title-query']"&amp#27;[0m
  &amp#27;[36mThen &amp#27;[0m&amp#27;[3]]></system-out>
    <system-err><![CDATA[ChromeDriver was started successfully.
Feb 01, 2023 10:09:57 AM org.openqa.selenium.remote.ProtocolHandshake createSession
INFO: Detected upstream dialect: W3C
Feb 01, 2023 10:09:57 AM org.openqa.selenium.devtools.CdpVersionFinder findNearestMatch
WARNING: Unable to find an exact match for CDP version 109, so returning the closest version found: a no-op implementation
Feb 01, 2023 10:09:57 AM org.openqa.selenium.devtools.CdpVersionFinder findNearestMatch
INFO: Unable to find CDP implementation matching 109.
Feb 01, 2023 10:09:57 AM org.openqa.selenium.chromium.ChromiumDriver lambda$new$3
WARNING: Unable to find version of CDP to use for . You may need to include a dependency on a specific version of the CDP using something similar to `org.seleniumhq.selenium:selenium-devtools-v86:4.2.1` where the version ("v86") matches the version of the chromium-based browser you're using and the version number of the artifact is the same as Selenium's.
]]></system-err>
  </testcase>
  <testcase name="Predefined steps for Ecosia" classname="Smoke steps" time="2.664">
    <error message="The step &apos;I open url &quot;https://www.ecosia.org&quot;&apos; and 9 other step(s) are undefined.&#10;You can implement these steps using the snippet(s) below:&#10;&#10;@Given(&quot;I open url {string}&quot;)&#10;public void i_open_url(String string) {&#10;    // Write code here that turns the phrase above into concrete actions&#10;    throw new io.cucumber.java.PendingException();&#10;}&#10;Given(&quot;I open url {string}&quot;, (String string) -&gt; {&#10;    // Write code here that turns the phrase above into concrete actions&#10;    throw new io.cucumber.java8.PendingException();&#10;});&#10;@Then(&quot;I should see page title contains {string}&quot;)&#10;public void i_should_see_page_title_contains(String string) {&#10;    // Write code here that turns the phrase above into concrete actions&#10;    throw new io.cucumber.java.PendingException();&#10;}&#10;Then(&quot;I should see page title contains {string}&quot;, (String string) -&gt; {&#10;    // Write code here that turns the phrase above into concrete actions&#10;    throw new io.cucumber.java8.PendingException();&#10;});&#10;@Then(&quot;I click on element with xpath {string}&quot;)&#10;public void i_click_on_element_with_xpath(String string) {&#10;    // Write code here that turns the phrase above into concrete actions&#10;    throw new io.cucumber.java.PendingException();&#10;}&#10;Then(&quot;I click on element with xpath {string}&quot;, (String string) -&gt; {&#10;    // Write code here that turns the phrase above into concrete actions&#10;    throw new io.cucumber.java8.PendingException();&#10;});&#10;@Then(&quot;I wait for {int} sec&quot;)&#10;public void i_wait_for_sec(Integer int1) {&#10;    // Write code here that turns the phrase above into concrete actions&#10;    throw new io.cucumber.java.PendingException();&#10;}&#10;Then(&quot;I wait for {int} sec&quot;, (Integer int1) -&gt; {&#10;    // Write code here that turns the phrase above into concrete actions&#10;    throw new io.cucumber.java8.PendingException();&#10;});&#10;@Then(&quot;element with xpath {string} should be present&quot;)&#10;public void element_with_xpath_should_be_present(String string) {&#10;    // Write code here that turns the phrase above into concrete actions&#10;    throw new io.cucumber.java.PendingException();&#10;}&#10;Then(&quot;element with xpath {string} should be present&quot;, (String string) -&gt; {&#10;    // Write code here that turns the phrase above into concrete actions&#10;    throw new io.cucumber.java8.PendingException();&#10;});&#10;@When(&quot;I type {string} into element with xpath {string}&quot;)&#10;public void i_type_into_element_with_xpath(String string, String string2) {&#10;    // Write code here that turns the phrase above into concrete actions&#10;    throw new io.cucumber.java.PendingException();&#10;}&#10;When(&quot;I type {string} into element with xpath {string}&quot;, (String string, String string2) -&gt; {&#10;    // Write code here that turns the phrase above into concrete actions&#10;    throw new io.cucumber.java8.PendingException();&#10;});&#10;@Then(&quot;element with xpath {string} should contain text {string}&quot;)&#10;public void element_with_xpath_should_contain_text(String string, String string2) {&#10;    // Write code here that turns the phrase above into concrete actions&#10;    throw new io.cucumber.java.PendingException();&#10;}&#10;Then(&quot;element with xpath {string} should contain text {string}&quot;, (String string, String string2) -&gt; {&#10;    // Write code here that turns the phrase above into concrete actions&#10;    throw new io.cucumber.java8.PendingException();&#10;});&#10;" type="io.cucumber.junit.UndefinedStepException"><![CDATA[io.cucumber.junit.UndefinedStepException: 
The step 'I open url "https://www.ecosia.org"' and 9 other step(s) are undefined.
You can implement these steps using the snippet(s) below:

@Given("I open url {string}")
public void i_open_url(String string) {
    // Write code here that turns the phrase above into concrete actions
    throw new io.cucumber.java.PendingException();
}
Given("I open url {string}", (String string) -> {
    // Write code here that turns the phrase above into concrete actions
    throw new io.cucumber.java8.PendingException();
});
@Then("I should see page title contains {string}")
public void i_should_see_page_title_contains(String string) {
    // Write code here that turns the phrase above into concrete actions
    throw new io.cucumber.java.PendingException();
}
Then("I should see page title contains {string}", (String string) -> {
    // Write code here that turns the phrase above into concrete actions
    throw new io.cucumber.java8.PendingException();
});
@Then("I click on element with xpath {string}")
public void i_click_on_element_with_xpath(String string) {
    // Write code here that turns the phrase above into concrete actions
    throw new io.cucumber.java.PendingException();
}
Then("I click on element with xpath {string}", (String string) -> {
    // Write code here that turns the phrase above into concrete actions
    throw new io.cucumber.java8.PendingException();
});
@Then("I wait for {int} sec")
public void i_wait_for_sec(Integer int1) {
    // Write code here that turns the phrase above into concrete actions
    throw new io.cucumber.java.PendingException();
}
Then("I wait for {int} sec", (Integer int1) -> {
    // Write code here that turns the phrase above into concrete actions
    throw new io.cucumber.java8.PendingException();
});
@Then("element with xpath {string} should be present")
public void element_with_xpath_should_be_present(String string) {
    // Write code here that turns the phrase above into concrete actions
    throw new io.cucumber.java.PendingException();
}
Then("element with xpath {string} should be present", (String string) -> {
    // Write code here that turns the phrase above into concrete actions
    throw new io.cucumber.java8.PendingException();
});
@When("I type {string} into element with xpath {string}")
public void i_type_into_element_with_xpath(String string, String string2) {
    // Write code here that turns the phrase above into concrete actions
    throw new io.cucumber.java.PendingException();
}
When("I type {string} into element with xpath {string}", (String string, String string2) -> {
    // Write code here that turns the phrase above into concrete actions
    throw new io.cucumber.java8.PendingException();
});
@Then("element with xpath {string} should contain text {string}")
public void element_with_xpath_should_contain_text(String string, String string2) {
    // Write code here that turns the phrase above into concrete actions
    throw new io.cucumber.java.PendingException();
}
Then("element with xpath {string} should contain text {string}", (String string, String string2) -> {
    // Write code here that turns the phrase above into concrete actions
    throw new io.cucumber.java8.PendingException();
});

]]></error>
    <system-out><![CDATA[6mI click on element with xpath "//button[@id='title-submit']"&amp#27;[0m
  &amp#27;[36mThen &amp#27;[0m&amp#27;[36mI wait for 2 sec&amp#27;[0m
  &amp#27;[36mAnd &amp#27;[0m&amp#27;[36mI wait for element with xpath "//div[@class='mdl-cell mdl-cell--12-col searchResultsBlock']" to be present&amp#27;[0m
  &amp#27;[36mThen &amp#27;[0m&amp#27;[36melement with xpath "//div[@class='mdl-cell mdl-cell--12-col searchResultsBlock']" should contain text "Cucumber"&amp#27;[0m

@predefined @predefined11
Scenario: Predefined steps for Ecosia                                                         &amp#27;[90m# src/test/resources/features/predefINFO 10:09:57:314 wdm.WebDriverManager resolveDriverVersion:1197 Using chromedriver 109.0.5414.74 (resolved driver for Chrome 109)
INFO 10:09:57:321 wdm.WebDriverManager exportDriver:1252 Exporting webdriver.chrome.driver as C:\Users\ilyas\.cache\selenium\chromedriver\win32\109.0.5414.74\chromedriver.exe
ined.feature:108&amp#27;[0m
  &amp#27;[33mGiven &amp#27;[0m&amp#27;[33mI open url "https://www.ecosia.org"&amp#27;[0m
  &amp#27;[36mThen &amp#27;[0m&amp#27;[36mI should see page title contains "Ecosia"&amp#27;[0m
  &amp#27;[36mAnd &amp#27;[0m&amp#27;[36mI click on element with xpath "//button[@data-test-id='cookie-notice-accept']"&amp#27;[0m
  &amp#27;[36mThen &amp#27;[0m&amp#27;[36mI wait for 3 sec&amp#27;[0m
  &amp#27;[36mAnd &amp#27;[0m&amp#27;[36melement with xpath "//input[@data-test-id='search-form-input']" should be present&amp#27;[0m
  &amp#27;[36mWhen &amp#27;[0m&amp#27;[36mI type "BDD" into element with xpath "//input[@data-test-id='search-form-input']"&amp#27;[0m
  &amp#27;[36mThen &amp#27;[0m&amp#27;[36mI click on ]]></system-out>
    <system-err><![CDATA[ChromeDriver was started successfully.
Feb 01, 2023 10:09:59 AM org.openqa.selenium.remote.ProtocolHandshake createSession
INFO: Detected upstream dialect: W3C
Feb 01, 2023 10:09:59 AM org.openqa.selenium.devtools.CdpVersionFinder findNearestMatch
WARNING: Unable to find an exact match for CDP version 109, so returning the closest version found: a no-op implementation
Feb 01, 2023 10:09:59 AM org.openqa.selenium.devtools.CdpVersionFinder findNearestMatch
INFO: Unable to find CDP implementation matching 109.
Feb 01, 2023 10:09:59 AM org.openqa.selenium.chromium.ChromiumDriver lambda$new$3
WARNING: Unable to find version of CDP to use for . You may need to include a dependency on a specific version of the CDP using something similar to `org.seleniumhq.selenium:selenium-devtools-v86:4.2.1` where the version ("v86") matches the version of the chromium-based browser you're using and the version number of the artifact is the same as Selenium's.
]]></system-err>
  </testcase>
  <testcase name="Validate responsive UI" classname="Smoke steps" time="2.965">
    <error message="The step &apos;I open url &quot;https://skryabin.com/market/quote.html&quot;&apos; and 15 other step(s) are undefined.&#10;You can implement these steps using the snippet(s) below:&#10;&#10;@Given(&quot;I open url {string}&quot;)&#10;public void i_open_url(String string) {&#10;    // Write code here that turns the phrase above into concrete actions&#10;    throw new io.cucumber.java.PendingException();&#10;}&#10;Given(&quot;I open url {string}&quot;, (String string) -&gt; {&#10;    // Write code here that turns the phrase above into concrete actions&#10;    throw new io.cucumber.java8.PendingException();&#10;});&#10;@When(&quot;I resize window to {int} and {int}&quot;)&#10;public void i_resize_window_to_and(Integer int1, Integer int2) {&#10;    // Write code here that turns the phrase above into concrete actions&#10;    throw new io.cucumber.java.PendingException();&#10;}&#10;When(&quot;I resize window to {int} and {int}&quot;, (Integer int1, Integer int2) -&gt; {&#10;    // Write code here that turns the phrase above into concrete actions&#10;    throw new io.cucumber.java8.PendingException();&#10;});&#10;@Then(&quot;element with xpath {string} should be displayed&quot;)&#10;public void element_with_xpath_should_be_displayed(String string) {&#10;    // Write code here that turns the phrase above into concrete actions&#10;    throw new io.cucumber.java.PendingException();&#10;}&#10;Then(&quot;element with xpath {string} should be displayed&quot;, (String string) -&gt; {&#10;    // Write code here that turns the phrase above into concrete actions&#10;    throw new io.cucumber.java8.PendingException();&#10;});&#10;@Then(&quot;I wait for {int} sec&quot;)&#10;public void i_wait_for_sec(Integer int1) {&#10;    // Write code here that turns the phrase above into concrete actions&#10;    throw new io.cucumber.java.PendingException();&#10;}&#10;Then(&quot;I wait for {int} sec&quot;, (Integer int1) -&gt; {&#10;    // Write code here that turns the phrase above into concrete actions&#10;    throw new io.cucumber.java8.PendingException();&#10;});&#10;@Then(&quot;element with xpath {string} should not be displayed&quot;)&#10;public void element_with_xpath_should_not_be_displayed(String string) {&#10;    // Write code here that turns the phrase above into concrete actions&#10;    throw new io.cucumber.java.PendingException();&#10;}&#10;Then(&quot;element with xpath {string} should not be displayed&quot;, (String string) -&gt; {&#10;    // Write code here that turns the phrase above into concrete actions&#10;    throw new io.cucumber.java8.PendingException();&#10;});&#10;" type="io.cucumber.junit.UndefinedStepException"><![CDATA[io.cucumber.junit.UndefinedStepException: 
The step 'I open url "https://skryabin.com/market/quote.html"' and 15 other step(s) are undefined.
You can implement these steps using the snippet(s) below:

@Given("I open url {string}")
public void i_open_url(String string) {
    // Write code here that turns the phrase above into concrete actions
    throw new io.cucumber.java.PendingException();
}
Given("I open url {string}", (String string) -> {
    // Write code here that turns the phrase above into concrete actions
    throw new io.cucumber.java8.PendingException();
});
@When("I resize window to {int} and {int}")
public void i_resize_window_to_and(Integer int1, Integer int2) {
    // Write code here that turns the phrase above into concrete actions
    throw new io.cucumber.java.PendingException();
}
When("I resize window to {int} and {int}", (Integer int1, Integer int2) -> {
    // Write code here that turns the phrase above into concrete actions
    throw new io.cucumber.java8.PendingException();
});
@Then("element with xpath {string} should be displayed")
public void element_with_xpath_should_be_displayed(String string) {
    // Write code here that turns the phrase above into concrete actions
    throw new io.cucumber.java.PendingException();
}
Then("element with xpath {string} should be displayed", (String string) -> {
    // Write code here that turns the phrase above into concrete actions
    throw new io.cucumber.java8.PendingException();
});
@Then("I wait for {int} sec")
public void i_wait_for_sec(Integer int1) {
    // Write code here that turns the phrase above into concrete actions
    throw new io.cucumber.java.PendingException();
}
Then("I wait for {int} sec", (Integer int1) -> {
    // Write code here that turns the phrase above into concrete actions
    throw new io.cucumber.java8.PendingException();
});
@Then("element with xpath {string} should not be displayed")
public void element_with_xpath_should_not_be_displayed(String string) {
    // Write code here that turns the phrase above into concrete actions
    throw new io.cucumber.java.PendingException();
}
Then("element with xpath {string} should not be displayed", (String string) -> {
    // Write code here that turns the phrase above into concrete actions
    throw new io.cucumber.java8.PendingException();
});

]]></error>
    <system-out><![CDATA[INFO 10:10:00:000 wdm.WebDriverManager resolveDriverVersion:1197 Using chromedriver 109.0.5414.74 (resolved driver for Chrome 109)
INFO 10:10:00:005 wdm.WebDriverManager exportDriver:1252 Exporting webdriver.chrome.driver as C:\Users\ilyas\.cache\selenium\chromedriver\win32\109.0.5414.74\chromedriver.exe
element with xpath "//button[@data-test-id='search-form-submit']"&amp#27;[0m
  &amp#27;[36mAnd &amp#27;[0m&amp#27;[36mI wait for 3 sec&amp#27;[0m
  &amp#27;[36mThen &amp#27;[0m&amp#27;[36mI click on element with xpath "//section[@data-test-id='mainline']"&amp#27;[0m
  &amp#27;[36mAnd &amp#27;[0m&amp#27;[36melement with xpath "//section[@data-test-id='mainline']" should contain text "Cucumber"&amp#27;[0m

@predefined @predefined12 @market @smoke
Scenario: Validate responsive UI                                           &amp#27;[90m# src/test/resources/features/predefined.feature:123&amp#27;[0m
  &amp#27;[33mGiven &amp#27;[0m&amp#27;[33mI open url "https://skryabin.com/market/quote.html"&amp#27;[0m
  &amp#27;[36mWhen &amp#27;[0m&amp#27;[36mI resize window to 993 and 1200&amp#27;[0m
  &amp#27;[36mThen &amp#27;[0m&amp#27;[36melement with xpath "//b[@id='location']" should be displayed&amp#27;[0m
  &amp#27;[36mAnd &amp#27;[0m&amp#27;[36melement with xpath "//b[@id='currentDate']" should be displayed&amp#27;[0m
  &amp#27;[36mThen &amp#27;[0m&amp#27;[36melement with xpath "//b[@id='currentTime']" should be displayed&amp#27;[0m
  &amp#27;[36mAnd &amp#27;[0m&amp#27;[36mI wait for 2 sec&amp#27;[0m
  &amp#27;[36mWhen &amp#27;[0m&amp#27;[36mI resize window to 768 and 1200&amp#27;[0m
  &amp#27;[36mThen &amp#27;[0m&amp#27;[36melement with xpath "//b[@id='location']" should not be displayed&amp#27;[0m
  &amp#27;[36mThen &amp#27;[0m&amp#27;[36melement with xpath "//b[@id='currentDate']" should not be displayed&amp#27;[0m
  &amp#27;[36mThen &amp#27;[0m&amp#27;[36melement with xpath "//b[@id='currentTime']" should not be displayed&amp#27;[0m
  &amp#27;[36mAnd &amp#27;[0m&amp#27;[36mI wait for 2 sec&amp#27;[0m
  &amp#27;[36mWhen &amp#27;[0m&amp#27;[36mI resize window to 767 and 1200&amp#27;[0m
  &amp#27;[36mThen &amp#27;[0m&amp#27;[36melement with xpath "//b[@id='location']" should not be displayed&amp#27;[0m
  &amp#27;[36mAnd &amp#27;[0m&amp#27;[36melement with xpath "//b[@id='currentDate']" should not be displayed&amp#27;[0m
  &amp#27;[36mThen &amp#27;[0m&amp#27;[36melement with xpath "//b[@id='currentTime']" should n]]></system-out>
    <system-err><![CDATA[ChromeDriver was started successfully.
Feb 01, 2023 10:10:02 AM org.openqa.selenium.remote.ProtocolHandshake createSession
INFO: Detected upstream dialect: W3C
Feb 01, 2023 10:10:02 AM org.openqa.selenium.devtools.CdpVersionFinder findNearestMatch
WARNING: Unable to find an exact match for CDP version 109, so returning the closest version found: a no-op implementation
Feb 01, 2023 10:10:02 AM org.openqa.selenium.devtools.CdpVersionFinder findNearestMatch
INFO: Unable to find CDP implementation matching 109.
Feb 01, 2023 10:10:02 AM org.openqa.selenium.chromium.ChromiumDriver lambda$new$3
WARNING: Unable to find version of CDP to use for . You may need to include a dependency on a specific version of the CDP using something similar to `org.seleniumhq.selenium:selenium-devtools-v86:4.2.1` where the version ("v86") matches the version of the chromium-based browser you're using and the version number of the artifact is the same as Selenium's.
]]></system-err>
  </testcase>
  <testcase name="Fill out and validate “Username” field" classname="Smoke steps" time="2.758">
    <error message="The step &apos;I open url &quot;https://skryabin.com/market/quote.html&quot;&apos; and 8 other step(s) are undefined.&#10;You can implement these steps using the snippet(s) below:&#10;&#10;@Given(&quot;I open url {string}&quot;)&#10;public void i_open_url(String string) {&#10;    // Write code here that turns the phrase above into concrete actions&#10;    throw new io.cucumber.java.PendingException();&#10;}&#10;Given(&quot;I open url {string}&quot;, (String string) -&gt; {&#10;    // Write code here that turns the phrase above into concrete actions&#10;    throw new io.cucumber.java8.PendingException();&#10;});&#10;@Then(&quot;element with xpath {string} should be present&quot;)&#10;public void element_with_xpath_should_be_present(String string) {&#10;    // Write code here that turns the phrase above into concrete actions&#10;    throw new io.cucumber.java.PendingException();&#10;}&#10;Then(&quot;element with xpath {string} should be present&quot;, (String string) -&gt; {&#10;    // Write code here that turns the phrase above into concrete actions&#10;    throw new io.cucumber.java8.PendingException();&#10;});&#10;@When(&quot;I type {string} into element with xpath {string}&quot;)&#10;public void i_type_into_element_with_xpath(String string, String string2) {&#10;    // Write code here that turns the phrase above into concrete actions&#10;    throw new io.cucumber.java.PendingException();&#10;}&#10;When(&quot;I type {string} into element with xpath {string}&quot;, (String string, String string2) -&gt; {&#10;    // Write code here that turns the phrase above into concrete actions&#10;    throw new io.cucumber.java8.PendingException();&#10;});&#10;@Then(&quot;I click on element with xpath {string}&quot;)&#10;public void i_click_on_element_with_xpath(String string) {&#10;    // Write code here that turns the phrase above into concrete actions&#10;    throw new io.cucumber.java.PendingException();&#10;}&#10;Then(&quot;I click on element with xpath {string}&quot;, (String string) -&gt; {&#10;    // Write code here that turns the phrase above into concrete actions&#10;    throw new io.cucumber.java8.PendingException();&#10;});&#10;@Then(&quot;I wait for {int} sec&quot;)&#10;public void i_wait_for_sec(Integer int1) {&#10;    // Write code here that turns the phrase above into concrete actions&#10;    throw new io.cucumber.java.PendingException();&#10;}&#10;Then(&quot;I wait for {int} sec&quot;, (Integer int1) -&gt; {&#10;    // Write code here that turns the phrase above into concrete actions&#10;    throw new io.cucumber.java8.PendingException();&#10;});&#10;@Then(&quot;element with xpath {string} should have text as {string}&quot;)&#10;public void element_with_xpath_should_have_text_as(String string, String string2) {&#10;    // Write code here that turns the phrase above into concrete actions&#10;    throw new io.cucumber.java.PendingException();&#10;}&#10;Then(&quot;element with xpath {string} should have text as {string}&quot;, (String string, String string2) -&gt; {&#10;    // Write code here that turns the phrase above into concrete actions&#10;    throw new io.cucumber.java8.PendingException();&#10;});&#10;@Then(&quot;element with xpath {string} should not be displayed&quot;)&#10;public void element_with_xpath_should_not_be_displayed(String string) {&#10;    // Write code here that turns the phrase above into concrete actions&#10;    throw new io.cucumber.java.PendingException();&#10;}&#10;Then(&quot;element with xpath {string} should not be displayed&quot;, (String string) -&gt; {&#10;    // Write code here that turns the phrase above into concrete actions&#10;    throw new io.cucumber.java8.PendingException();&#10;});&#10;" type="io.cucumber.junit.UndefinedStepException"><![CDATA[io.cucumber.junit.UndefinedStepException: 
The step 'I open url "https://skryabin.com/market/quote.html"' and 8 other step(s) are undefined.
You can implement these steps using the snippet(s) below:

@Given("I open url {string}")
public void i_open_url(String string) {
    // Write code here that turns the phrase above into concrete actions
    throw new io.cucumber.java.PendingException();
}
Given("I open url {string}", (String string) -> {
    // Write code here that turns the phrase above into concrete actions
    throw new io.cucumber.java8.PendingException();
});
@Then("element with xpath {string} should be present")
public void element_with_xpath_should_be_present(String string) {
    // Write code here that turns the phrase above into concrete actions
    throw new io.cucumber.java.PendingException();
}
Then("element with xpath {string} should be present", (String string) -> {
    // Write code here that turns the phrase above into concrete actions
    throw new io.cucumber.java8.PendingException();
});
@When("I type {string} into element with xpath {string}")
public void i_type_into_element_with_xpath(String string, String string2) {
    // Write code here that turns the phrase above into concrete actions
    throw new io.cucumber.java.PendingException();
}
When("I type {string} into element with xpath {string}", (String string, String string2) -> {
    // Write code here that turns the phrase above into concrete actions
    throw new io.cucumber.java8.PendingException();
});
@Then("I click on element with xpath {string}")
public void i_click_on_element_with_xpath(String string) {
    // Write code here that turns the phrase above into concrete actions
    throw new io.cucumber.java.PendingException();
}
Then("I click on element with xpath {string}", (String string) -> {
    // Write code here that turns the phrase above into concrete actions
    throw new io.cucumber.java8.PendingException();
});
@Then("I wait for {int} sec")
public void i_wait_for_sec(Integer int1) {
    // Write code here that turns the phrase above into concrete actions
    throw new io.cucumber.java.PendingException();
}
Then("I wait for {int} sec", (Integer int1) -> {
    // Write code here that turns the phrase above into concrete actions
    throw new io.cucumber.java8.PendingException();
});
@Then("element with xpath {string} should have text as {string}")
public void element_with_xpath_should_have_text_as(String string, String string2) {
    // Write code here that turns the phrase above into concrete actions
    throw new io.cucumber.java.PendingException();
}
Then("element with xpath {string} should have text as {string}", (String string, String string2) -> {
    // Write code here that turns the phrase above into concrete actions
    throw new io.cucumber.java8.PendingException();
});
@Then("element with xpath {string} should not be displayed")
public void element_with_xpath_should_not_be_displayed(String string) {
    // Write code here that turns the phrase above into concrete actions
    throw new io.cucumber.java.PendingException();
}
Then("element with xpath {string} should not be displayed", (String string) -> {
    // Write code here that turns the phrase above into concrete actions
    throw new io.cucumber.java8.PendingException();
});

]]></error>
    <system-out><![CDATA[INFO 10:10:02:940 wdm.WebDriverManager resolveDriverVersion:1197 Using chromedriver 109.0.5414.74 (resolved driver for Chrome 109)
INFO 10:10:02:945 wdm.WebDriverManager exportDriver:1252 Exporting webdriver.chrome.driver as C:\Users\ilyas\.cache\selenium\chromedriver\win32\109.0.5414.74\chromedriver.exe
ot be displayed&amp#27;[0m
  &amp#27;[36mAnd &amp#27;[0m&amp#27;[36mI wait for 2 sec&amp#27;[0m

@predefined @predefined13 @smoke @market
Scenario: Fill out and validate “Username” field                                                                    &amp#27;[90m# src/test/resources/features/predefined.feature:144&amp#27;[0m
  &amp#27;[33mGiven &amp#27;[0m&amp#27;[33mI open url "https://skryabin.com/market/quote.html"&amp#27;[0m
  &amp#27;[36mThen &amp#27;[0m&amp#27;[36melement with xpath "//input[@name='username']" should be present&amp#27;[0m
  &amp#27;[36mWhen &amp#27;[0m&amp#27;[36mI type "d" into element with xpath "//input[@name='username']"&amp#27;[0m]]></system-out>
    <system-err><![CDATA[ChromeDriver was started successfully.
Feb 01, 2023 10:10:05 AM org.openqa.selenium.remote.ProtocolHandshake createSession
INFO: Detected upstream dialect: W3C
Feb 01, 2023 10:10:05 AM org.openqa.selenium.devtools.CdpVersionFinder findNearestMatch
WARNING: Unable to find an exact match for CDP version 109, so returning the closest version found: a no-op implementation
Feb 01, 2023 10:10:05 AM org.openqa.selenium.devtools.CdpVersionFinder findNearestMatch
INFO: Unable to find CDP implementation matching 109.
Feb 01, 2023 10:10:05 AM org.openqa.selenium.chromium.ChromiumDriver lambda$new$3
WARNING: Unable to find version of CDP to use for . You may need to include a dependency on a specific version of the CDP using something similar to `org.seleniumhq.selenium:selenium-devtools-v86:4.2.1` where the version ("v86") matches the version of the chromium-based browser you're using and the version number of the artifact is the same as Selenium's.
]]></system-err>
  </testcase>
  <testcase name="Validate “Email” field behavior" classname="Smoke steps" time="3.092">
    <error message="The step &apos;I open url &quot;https://skryabin.com/market/quote.html&quot;&apos; and 19 other step(s) are undefined.&#10;You can implement these steps using the snippet(s) below:&#10;&#10;@Given(&quot;I open url {string}&quot;)&#10;public void i_open_url(String string) {&#10;    // Write code here that turns the phrase above into concrete actions&#10;    throw new io.cucumber.java.PendingException();&#10;}&#10;Given(&quot;I open url {string}&quot;, (String string) -&gt; {&#10;    // Write code here that turns the phrase above into concrete actions&#10;    throw new io.cucumber.java8.PendingException();&#10;});&#10;@Then(&quot;element with xpath {string} should be present&quot;)&#10;public void element_with_xpath_should_be_present(String string) {&#10;    // Write code here that turns the phrase above into concrete actions&#10;    throw new io.cucumber.java.PendingException();&#10;}&#10;Then(&quot;element with xpath {string} should be present&quot;, (String string) -&gt; {&#10;    // Write code here that turns the phrase above into concrete actions&#10;    throw new io.cucumber.java8.PendingException();&#10;});&#10;@When(&quot;I type {string} into element with xpath {string}&quot;)&#10;public void i_type_into_element_with_xpath(String string, String string2) {&#10;    // Write code here that turns the phrase above into concrete actions&#10;    throw new io.cucumber.java.PendingException();&#10;}&#10;When(&quot;I type {string} into element with xpath {string}&quot;, (String string, String string2) -&gt; {&#10;    // Write code here that turns the phrase above into concrete actions&#10;    throw new io.cucumber.java8.PendingException();&#10;});&#10;@Then(&quot;I click on element with xpath {string}&quot;)&#10;public void i_click_on_element_with_xpath(String string) {&#10;    // Write code here that turns the phrase above into concrete actions&#10;    throw new io.cucumber.java.PendingException();&#10;}&#10;Then(&quot;I click on element with xpath {string}&quot;, (String string) -&gt; {&#10;    // Write code here that turns the phrase above into concrete actions&#10;    throw new io.cucumber.java8.PendingException();&#10;});&#10;@Then(&quot;I wait for {int} sec&quot;)&#10;public void i_wait_for_sec(Integer int1) {&#10;    // Write code here that turns the phrase above into concrete actions&#10;    throw new io.cucumber.java.PendingException();&#10;}&#10;Then(&quot;I wait for {int} sec&quot;, (Integer int1) -&gt; {&#10;    // Write code here that turns the phrase above into concrete actions&#10;    throw new io.cucumber.java8.PendingException();&#10;});&#10;@Then(&quot;element with xpath {string} should have text as {string}&quot;)&#10;public void element_with_xpath_should_have_text_as(String string, String string2) {&#10;    // Write code here that turns the phrase above into concrete actions&#10;    throw new io.cucumber.java.PendingException();&#10;}&#10;Then(&quot;element with xpath {string} should have text as {string}&quot;, (String string, String string2) -&gt; {&#10;    // Write code here that turns the phrase above into concrete actions&#10;    throw new io.cucumber.java8.PendingException();&#10;});&#10;@When(&quot;I clear element with xpath {string}&quot;)&#10;public void i_clear_element_with_xpath(String string) {&#10;    // Write code here that turns the phrase above into concrete actions&#10;    throw new io.cucumber.java.PendingException();&#10;}&#10;When(&quot;I clear element with xpath {string}&quot;, (String string) -&gt; {&#10;    // Write code here that turns the phrase above into concrete actions&#10;    throw new io.cucumber.java8.PendingException();&#10;});&#10;@Then(&quot;element with xpath {string} should not be displayed&quot;)&#10;public void element_with_xpath_should_not_be_displayed(String string) {&#10;    // Write code here that turns the phrase above into concrete actions&#10;    throw new io.cucumber.java.PendingException();&#10;}&#10;Then(&quot;element with xpath {string} should not be displayed&quot;, (String string) -&gt; {&#10;    // Write code here that turns the phrase above into concrete actions&#10;    throw new io.cucumber.java8.PendingException();&#10;});&#10;" type="io.cucumber.junit.UndefinedStepException"><![CDATA[io.cucumber.junit.UndefinedStepException: 
The step 'I open url "https://skryabin.com/market/quote.html"' and 19 other step(s) are undefined.
You can implement these steps using the snippet(s) below:

@Given("I open url {string}")
public void i_open_url(String string) {
    // Write code here that turns the phrase above into concrete actions
    throw new io.cucumber.java.PendingException();
}
Given("I open url {string}", (String string) -> {
    // Write code here that turns the phrase above into concrete actions
    throw new io.cucumber.java8.PendingException();
});
@Then("element with xpath {string} should be present")
public void element_with_xpath_should_be_present(String string) {
    // Write code here that turns the phrase above into concrete actions
    throw new io.cucumber.java.PendingException();
}
Then("element with xpath {string} should be present", (String string) -> {
    // Write code here that turns the phrase above into concrete actions
    throw new io.cucumber.java8.PendingException();
});
@When("I type {string} into element with xpath {string}")
public void i_type_into_element_with_xpath(String string, String string2) {
    // Write code here that turns the phrase above into concrete actions
    throw new io.cucumber.java.PendingException();
}
When("I type {string} into element with xpath {string}", (String string, String string2) -> {
    // Write code here that turns the phrase above into concrete actions
    throw new io.cucumber.java8.PendingException();
});
@Then("I click on element with xpath {string}")
public void i_click_on_element_with_xpath(String string) {
    // Write code here that turns the phrase above into concrete actions
    throw new io.cucumber.java.PendingException();
}
Then("I click on element with xpath {string}", (String string) -> {
    // Write code here that turns the phrase above into concrete actions
    throw new io.cucumber.java8.PendingException();
});
@Then("I wait for {int} sec")
public void i_wait_for_sec(Integer int1) {
    // Write code here that turns the phrase above into concrete actions
    throw new io.cucumber.java.PendingException();
}
Then("I wait for {int} sec", (Integer int1) -> {
    // Write code here that turns the phrase above into concrete actions
    throw new io.cucumber.java8.PendingException();
});
@Then("element with xpath {string} should have text as {string}")
public void element_with_xpath_should_have_text_as(String string, String string2) {
    // Write code here that turns the phrase above into concrete actions
    throw new io.cucumber.java.PendingException();
}
Then("element with xpath {string} should have text as {string}", (String string, String string2) -> {
    // Write code here that turns the phrase above into concrete actions
    throw new io.cucumber.java8.PendingException();
});
@When("I clear element with xpath {string}")
public void i_clear_element_with_xpath(String string) {
    // Write code here that turns the phrase above into concrete actions
    throw new io.cucumber.java.PendingException();
}
When("I clear element with xpath {string}", (String string) -> {
    // Write code here that turns the phrase above into concrete actions
    throw new io.cucumber.java8.PendingException();
});
@Then("element with xpath {string} should not be displayed")
public void element_with_xpath_should_not_be_displayed(String string) {
    // Write code here that turns the phrase above into concrete actions
    throw new io.cucumber.java.PendingException();
}
Then("element with xpath {string} should not be displayed", (String string) -> {
    // Write code here that turns the phrase above into concrete actions
    throw new io.cucumber.java8.PendingException();
});

]]></error>
    <system-out><![CDATA[
  &amp#27;[36mThen &amp#27;[0m&amp#27;[36mI click on element with xpath "//label[@for='username'][@class='required']"&amp#27;[0m
  &amp#27;[36mAnd &amp#27;[0m&amp#27;[36mI wait for 1 sec&amp#27;[0m
  &amp#27;[36mThen &amp#27;[0m&amp#27;[36melement with xpath "//label[@id='username-error']" should have text as "Please enter at least 2 characters."&amp#27;[0m
  &amp#27;[36mWhen &amp#27;[0m&amp#27;[36mI type "o" into element with xpath "//input[@name='username']"&amp#27;[0m
  &amp#27;[36mThen &amp#27;[0m&amp#27;[36mI wait for 1 sec&amp#27;[0m
  &amp#27;[36mAnd &amp#27;[0m&amp#27;[36melement with xpath "//label[@id='username-error']" should not be displayed&amp#27;[0m

@predefined @predefined14 @smoke INFO 10:10:05:715 wdm.WebDriverManager resolveDriverVersion:1197 Using chromedriver 109.0.5414.74 (resolved driver for Chrome 109)
INFO 10:10:05:722 wdm.WebDriverManager exportDriver:1252 Exporting webdriver.chrome.driver as C:\Users\ilyas\.cache\selenium\chromedriver\win32\109.0.5414.74\chromedriver.exe
@market
Scenario: Validate “Email” field behavior                                                                        &amp#27;[90m# src/test/resources/features/predefined.feature:158&amp#27;[0m
  &amp#27;[33mGiven &amp#27;[0m&amp#27;[33mI open url "https://skryabin.com/market/quote.html"&amp#27;[0m
  &amp#27;[36mThen &amp#27;[0m&amp#27;[36melement with xpath "//input[@name='email']" should be present&amp#27;[0m
  &amp#27;[36mWhen &amp#27;[0m&amp#27;[36mI type "lenapost.com" into element with xpath "//input[@name='email']"&amp#27;[0m
  &amp#27;[36mThen &amp#27;[0m&amp#27;[36mI click on element with xpath "//label[@for='email'][@class='required']"&amp#27;[0m
  &amp#27;[36mAnd &amp#27;[0m&amp#27;[36mI wait for 1 sec&amp#27;[0m
  &amp#27;[36mThen &amp#27;[0m&amp#27;[36melement with xpath "//label[@id='email-error']" should have text as "Please enter a valid email address."&amp#27;[0m
  &amp#27;[36mWhen &amp#27;[0m&amp#27;[36mI clear element with xpath "//input[@name='email']"&amp#27;[0m
  &amp#27;[36mWhen &amp#27;[0m&amp#27;[36mI type "lenapost@" into element with xpath "//input[@name='email']"&amp#27;[0m
  &amp#27;[36mThen &amp#27;[0m&amp#27;[36mI click on element with xpath "//label[@for='email'][@class='required']"&amp#27;[0m
  &amp#27;[36mAnd &amp#27;[0m&amp#27;[36mI wait for 1 sec&amp#27;[0m
  &amp#27;[36mThen &amp#27;[0m&amp#27;[36melement with xpath "//label[@id='email-error']" should have text as "Please enter a valid email address."&amp#27;[0m
  &amp#27;[36mWhen &amp#27;[0m&amp#27;[36mI clear element with xpath "//input[@name='email']"&amp#27;[0m
  &amp#27;[36mWhen &amp#27;[0m&amp#27;[36mI type "@mail.com" into element with xpath "//input[@name='email']"&amp#27;[0m
  &amp#27;[36mThen &amp#27;[0m&amp#27;[36mI click on element with xpath "//label[@for='email'][@class='required']"&amp#27;[0m
  &amp#27;[36mAnd &amp#27;[0m&amp#27;[36mI wait for 1 sec&amp#27;[0m
  &amp#27;[36mThen &amp#27;[0m&amp#27;[36melement with xpath "//label[@id='email-error']" should have text as "Please enter a valid email address."&amp#27;[0m
  &amp#27;[36mWhen &amp#27;[0m&amp#27;[36mI]]></system-out>
    <system-err><![CDATA[ChromeDriver was started successfully.
Feb 01, 2023 10:10:08 AM org.openqa.selenium.remote.ProtocolHandshake createSession
INFO: Detected upstream dialect: W3C
Feb 01, 2023 10:10:08 AM org.openqa.selenium.devtools.CdpVersionFinder findNearestMatch
WARNING: Unable to find an exact match for CDP version 109, so returning the closest version found: a no-op implementation
Feb 01, 2023 10:10:08 AM org.openqa.selenium.devtools.CdpVersionFinder findNearestMatch
INFO: Unable to find CDP implementation matching 109.
Feb 01, 2023 10:10:08 AM org.openqa.selenium.chromium.ChromiumDriver lambda$new$3
WARNING: Unable to find version of CDP to use for . You may need to include a dependency on a specific version of the CDP using something similar to `org.seleniumhq.selenium:selenium-devtools-v86:4.2.1` where the version ("v86") matches the version of the chromium-based browser you're using and the version number of the artifact is the same as Selenium's.
]]></system-err>
  </testcase>
  <testcase name="Fill out and validate “Password” set of fields" classname="Smoke steps" time="3.008">
    <error message="The step &apos;I open url &quot;https://skryabin.com/market/quote.html&quot;&apos; and 19 other step(s) are undefined.&#10;You can implement these steps using the snippet(s) below:&#10;&#10;@Given(&quot;I open url {string}&quot;)&#10;public void i_open_url(String string) {&#10;    // Write code here that turns the phrase above into concrete actions&#10;    throw new io.cucumber.java.PendingException();&#10;}&#10;Given(&quot;I open url {string}&quot;, (String string) -&gt; {&#10;    // Write code here that turns the phrase above into concrete actions&#10;    throw new io.cucumber.java8.PendingException();&#10;});&#10;@Then(&quot;element with xpath {string} should be present&quot;)&#10;public void element_with_xpath_should_be_present(String string) {&#10;    // Write code here that turns the phrase above into concrete actions&#10;    throw new io.cucumber.java.PendingException();&#10;}&#10;Then(&quot;element with xpath {string} should be present&quot;, (String string) -&gt; {&#10;    // Write code here that turns the phrase above into concrete actions&#10;    throw new io.cucumber.java8.PendingException();&#10;});&#10;@When(&quot;I click on element with xpath {string}&quot;)&#10;public void i_click_on_element_with_xpath(String string) {&#10;    // Write code here that turns the phrase above into concrete actions&#10;    throw new io.cucumber.java.PendingException();&#10;}&#10;When(&quot;I click on element with xpath {string}&quot;, (String string) -&gt; {&#10;    // Write code here that turns the phrase above into concrete actions&#10;    throw new io.cucumber.java8.PendingException();&#10;});&#10;@Then(&quot;element with xpath {string} should be disabled&quot;)&#10;public void element_with_xpath_should_be_disabled(String string) {&#10;    // Write code here that turns the phrase above into concrete actions&#10;    throw new io.cucumber.java.PendingException();&#10;}&#10;Then(&quot;element with xpath {string} should be disabled&quot;, (String string) -&gt; {&#10;    // Write code here that turns the phrase above into concrete actions&#10;    throw new io.cucumber.java8.PendingException();&#10;});&#10;@When(&quot;I type {string} into element with xpath {string}&quot;)&#10;public void i_type_into_element_with_xpath(String string, String string2) {&#10;    // Write code here that turns the phrase above into concrete actions&#10;    throw new io.cucumber.java.PendingException();&#10;}&#10;When(&quot;I type {string} into element with xpath {string}&quot;, (String string, String string2) -&gt; {&#10;    // Write code here that turns the phrase above into concrete actions&#10;    throw new io.cucumber.java8.PendingException();&#10;});&#10;@Then(&quot;element with xpath {string} should have text as {string}&quot;)&#10;public void element_with_xpath_should_have_text_as(String string, String string2) {&#10;    // Write code here that turns the phrase above into concrete actions&#10;    throw new io.cucumber.java.PendingException();&#10;}&#10;Then(&quot;element with xpath {string} should have text as {string}&quot;, (String string, String string2) -&gt; {&#10;    // Write code here that turns the phrase above into concrete actions&#10;    throw new io.cucumber.java8.PendingException();&#10;});&#10;@Then(&quot;element with xpath {string} should be enabled&quot;)&#10;public void element_with_xpath_should_be_enabled(String string) {&#10;    // Write code here that turns the phrase above into concrete actions&#10;    throw new io.cucumber.java.PendingException();&#10;}&#10;Then(&quot;element with xpath {string} should be enabled&quot;, (String string) -&gt; {&#10;    // Write code here that turns the phrase above into concrete actions&#10;    throw new io.cucumber.java8.PendingException();&#10;});&#10;@Then(&quot;I click on element with xpath {string}&quot;)&#10;public void i_click_on_element_with_xpath(String string) {&#10;    // Write code here that turns the phrase above into concrete actions&#10;    throw new io.cucumber.java.PendingException();&#10;}&#10;Then(&quot;I click on element with xpath {string}&quot;, (String string) -&gt; {&#10;    // Write code here that turns the phrase above into concrete actions&#10;    throw new io.cucumber.java8.PendingException();&#10;});&#10;@When(&quot;I clear element with xpath {string}&quot;)&#10;public void i_clear_element_with_xpath(String string) {&#10;    // Write code here that turns the phrase above into concrete actions&#10;    throw new io.cucumber.java.PendingException();&#10;}&#10;When(&quot;I clear element with xpath {string}&quot;, (String string) -&gt; {&#10;    // Write code here that turns the phrase above into concrete actions&#10;    throw new io.cucumber.java8.PendingException();&#10;});&#10;@Then(&quot;element with xpath {string} should not be displayed&quot;)&#10;public void element_with_xpath_should_not_be_displayed(String string) {&#10;    // Write code here that turns the phrase above into concrete actions&#10;    throw new io.cucumber.java.PendingException();&#10;}&#10;Then(&quot;element with xpath {string} should not be displayed&quot;, (String string) -&gt; {&#10;    // Write code here that turns the phrase above into concrete actions&#10;    throw new io.cucumber.java8.PendingException();&#10;});&#10;" type="io.cucumber.junit.UndefinedStepException"><![CDATA[io.cucumber.junit.UndefinedStepException: 
The step 'I open url "https://skryabin.com/market/quote.html"' and 19 other step(s) are undefined.
You can implement these steps using the snippet(s) below:

@Given("I open url {string}")
public void i_open_url(String string) {
    // Write code here that turns the phrase above into concrete actions
    throw new io.cucumber.java.PendingException();
}
Given("I open url {string}", (String string) -> {
    // Write code here that turns the phrase above into concrete actions
    throw new io.cucumber.java8.PendingException();
});
@Then("element with xpath {string} should be present")
public void element_with_xpath_should_be_present(String string) {
    // Write code here that turns the phrase above into concrete actions
    throw new io.cucumber.java.PendingException();
}
Then("element with xpath {string} should be present", (String string) -> {
    // Write code here that turns the phrase above into concrete actions
    throw new io.cucumber.java8.PendingException();
});
@When("I click on element with xpath {string}")
public void i_click_on_element_with_xpath(String string) {
    // Write code here that turns the phrase above into concrete actions
    throw new io.cucumber.java.PendingException();
}
When("I click on element with xpath {string}", (String string) -> {
    // Write code here that turns the phrase above into concrete actions
    throw new io.cucumber.java8.PendingException();
});
@Then("element with xpath {string} should be disabled")
public void element_with_xpath_should_be_disabled(String string) {
    // Write code here that turns the phrase above into concrete actions
    throw new io.cucumber.java.PendingException();
}
Then("element with xpath {string} should be disabled", (String string) -> {
    // Write code here that turns the phrase above into concrete actions
    throw new io.cucumber.java8.PendingException();
});
@When("I type {string} into element with xpath {string}")
public void i_type_into_element_with_xpath(String string, String string2) {
    // Write code here that turns the phrase above into concrete actions
    throw new io.cucumber.java.PendingException();
}
When("I type {string} into element with xpath {string}", (String string, String string2) -> {
    // Write code here that turns the phrase above into concrete actions
    throw new io.cucumber.java8.PendingException();
});
@Then("element with xpath {string} should have text as {string}")
public void element_with_xpath_should_have_text_as(String string, String string2) {
    // Write code here that turns the phrase above into concrete actions
    throw new io.cucumber.java.PendingException();
}
Then("element with xpath {string} should have text as {string}", (String string, String string2) -> {
    // Write code here that turns the phrase above into concrete actions
    throw new io.cucumber.java8.PendingException();
});
@Then("element with xpath {string} should be enabled")
public void element_with_xpath_should_be_enabled(String string) {
    // Write code here that turns the phrase above into concrete actions
    throw new io.cucumber.java.PendingException();
}
Then("element with xpath {string} should be enabled", (String string) -> {
    // Write code here that turns the phrase above into concrete actions
    throw new io.cucumber.java8.PendingException();
});
@Then("I click on element with xpath {string}")
public void i_click_on_element_with_xpath(String string) {
    // Write code here that turns the phrase above into concrete actions
    throw new io.cucumber.java.PendingException();
}
Then("I click on element with xpath {string}", (String string) -> {
    // Write code here that turns the phrase above into concrete actions
    throw new io.cucumber.java8.PendingException();
});
@When("I clear element with xpath {string}")
public void i_clear_element_with_xpath(String string) {
    // Write code here that turns the phrase above into concrete actions
    throw new io.cucumber.java.PendingException();
}
When("I clear element with xpath {string}", (String string) -> {
    // Write code here that turns the phrase above into concrete actions
    throw new io.cucumber.java8.PendingException();
});
@Then("element with xpath {string} should not be displayed")
public void element_with_xpath_should_not_be_displayed(String string) {
    // Write code here that turns the phrase above into concrete actions
    throw new io.cucumber.java.PendingException();
}
Then("element with xpath {string} should not be displayed", (String string) -> {
    // Write code here that turns the phrase above into concrete actions
    throw new io.cucumber.java8.PendingException();
});

]]></error>
    <system-out><![CDATA[ clear element with xpath "//input[@name='email']"&amp#27;[0m
  &amp#27;[36mWhen &amp#27;[0m&amp#27;[36mI type "lenapost@mail.com" into element with xpath "//input[@name='email']"&amp#27;[0m
  &amp#27;[36mThen &amp#27;[0m&amp#27;[36mI wait for 1 sec&amp#27;[0m
  &amp#27;[36mAnd &amp#27;[0m&amp#27;[36melement with xpath "//label[@id='email-error']" should not be displayed&amp#27;[0m

@predefined @predefined15 @smoke
INFO 10:10:08:805 wdm.WebDriverManager resolveDriverVersion:1197 Using chromedriver 109.0.5414.74 (resolved driver for Chrome 109)
INFO 10:10:08:809 wdm.WebDriverManager exportDriver:1252 Exporting webdriver.chrome.driver as C:\Users\ilyas\.cache\selenium\chromedriver\win32\109.0.5414.74\chromedriver.exe
Scenario: Fill out and validate “Password” set of fields                                                                  &amp#27;[90m# src/test/resources/features/predefined.feature:181&amp#27;[0m
  &amp#27;[33mGiven &amp#27;[0m&amp#27;[33mI open url "https://skryabin.com/market/quote.html"&amp#27;[0m
  &amp#27;[36mThen &amp#27;[0m&amp#27;[36melement with xpath "//input[@name='password']" should be present&amp#27;[0m
  &amp#27;[36mAnd &amp#27;[0m&amp#27;[36melement with xpath "//input[@name='confirmPassword']" should be present&amp#27;[0m
  &amp#27;[36mWhen &amp#27;[0m&amp#27;[36mI click on element with xpath "//input[@name='password']"&amp#27;[0m
  &amp#27;[36mThen &amp#27;[0m&amp#27;[36melement with xpath "//input[@name='confirmPassword']" should be disabled&amp#27;[0m
  &amp#27;[36mWhen &amp#27;[0m&amp#27;[36mI type "1234" into element with xpath "//input[@name='password']"&amp#27;[0m
  &amp#27;[36mWhen &amp#27;[0m&amp#27;[36mI click on element with xpath "//label[@class='required'][@for='password']"&amp#27;[0m
  &amp#27;[36mThen &amp#27;[0m&amp#27;[36melement with xpath "//label[@id='password-error']" should have text as "Please enter at least 5 characters."&amp#27;[0m
  &amp#27;[36mAnd &amp#27;[0m&amp#27;[36melement with xpath "//input[@name='confirmPassword']" should be enabled&amp#27;[0m
  &amp#27;[36mWhen &amp#27;[0m&amp#27;[36mI type "abcdefg" into element with xpath "//input[@name='confirmPassword']"&amp#27;[0m
  &amp#27;[36mThen &amp#27;[0m&amp#27;[36mI click on element with xpath "//label[@for='confirmPassword'][@class='required']"&amp#27;[0m
  &amp#27;[36mAnd &amp#27;[0m&amp#27;[36melement with xpath "//label[@id='confirmPassword-error']" should have text as "Passwords do not match!"&amp#27;[0m
  &amp#27;[36mWhen &amp#27;[0m&amp#27;[36mI clear element with xpath "//input[@name='confirmPassword']"&amp#27;[0m
  &amp#27;[36mWhen &amp#27;[0m&amp#27;[36mI type "1234" into element with xpath "//input[@name='confirmPassword']"&amp#27;[0m
  &amp#27;[36mThen &amp#27;[0m&amp#27;[36mI click on element with xpath "//label[@for='confirmPassword'][@class='required']"&amp#27;[0m
  &amp#27;[36mAnd &amp#27;[0m&amp#27;[36melement with xpath "//label[@id='confirmPassword-error']" should have text as "Please enter at least 5 characters."&amp#27;[0m
  &amp#27;[36mWhen &amp#27;[0m&amp#27;[36mI type "5" into element with xpath "//input[@name='password']"&amp#27;[0m
  &amp#27;[36mThen &amp#27;[0m&amp#27;[36melement with xpath "//label[@id='password-error']" should not be displayed&amp#27;[0m
  &amp#27;[36mWhen &amp#27;[0m&amp#27;[36mI type "5" into element with xpath "//input[@name='confirmPassword']"&amp#27;[0m
  &amp#27;[36mThen &amp#27;[0m&amp#27;[36melement with xpath "//label[@id='confirmPassword-error']" should no]]></system-out>
    <system-err><![CDATA[ChromeDriver was started successfully.
Feb 01, 2023 10:10:11 AM org.openqa.selenium.remote.ProtocolHandshake createSession
INFO: Detected upstream dialect: W3C
Feb 01, 2023 10:10:11 AM org.openqa.selenium.devtools.CdpVersionFinder findNearestMatch
WARNING: Unable to find an exact match for CDP version 109, so returning the closest version found: a no-op implementation
Feb 01, 2023 10:10:11 AM org.openqa.selenium.devtools.CdpVersionFinder findNearestMatch
INFO: Unable to find CDP implementation matching 109.
Feb 01, 2023 10:10:11 AM org.openqa.selenium.chromium.ChromiumDriver lambda$new$3
WARNING: Unable to find version of CDP to use for . You may need to include a dependency on a specific version of the CDP using something similar to `org.seleniumhq.selenium:selenium-devtools-v86:4.2.1` where the version ("v86") matches the version of the chromium-based browser you're using and the version number of the artifact is the same as Selenium's.
]]></system-err>
  </testcase>
  <testcase name="Validate “Name” field behavior" classname="Smoke steps" time="2.979">
    <error message="The step &apos;I open url &quot;https://skryabin.com/market/quote.html&quot;&apos; and 9 other step(s) are undefined.&#10;You can implement these steps using the snippet(s) below:&#10;&#10;@Given(&quot;I open url {string}&quot;)&#10;public void i_open_url(String string) {&#10;    // Write code here that turns the phrase above into concrete actions&#10;    throw new io.cucumber.java.PendingException();&#10;}&#10;Given(&quot;I open url {string}&quot;, (String string) -&gt; {&#10;    // Write code here that turns the phrase above into concrete actions&#10;    throw new io.cucumber.java8.PendingException();&#10;});&#10;@Then(&quot;element with xpath {string} should be present&quot;)&#10;public void element_with_xpath_should_be_present(String string) {&#10;    // Write code here that turns the phrase above into concrete actions&#10;    throw new io.cucumber.java.PendingException();&#10;}&#10;Then(&quot;element with xpath {string} should be present&quot;, (String string) -&gt; {&#10;    // Write code here that turns the phrase above into concrete actions&#10;    throw new io.cucumber.java8.PendingException();&#10;});&#10;@When(&quot;I click on element with xpath {string}&quot;)&#10;public void i_click_on_element_with_xpath(String string) {&#10;    // Write code here that turns the phrase above into concrete actions&#10;    throw new io.cucumber.java.PendingException();&#10;}&#10;When(&quot;I click on element with xpath {string}&quot;, (String string) -&gt; {&#10;    // Write code here that turns the phrase above into concrete actions&#10;    throw new io.cucumber.java8.PendingException();&#10;});&#10;@Then(&quot;element with xpath {string} should be displayed&quot;)&#10;public void element_with_xpath_should_be_displayed(String string) {&#10;    // Write code here that turns the phrase above into concrete actions&#10;    throw new io.cucumber.java.PendingException();&#10;}&#10;Then(&quot;element with xpath {string} should be displayed&quot;, (String string) -&gt; {&#10;    // Write code here that turns the phrase above into concrete actions&#10;    throw new io.cucumber.java8.PendingException();&#10;});&#10;@When(&quot;I type {string} into element with xpath {string}&quot;)&#10;public void i_type_into_element_with_xpath(String string, String string2) {&#10;    // Write code here that turns the phrase above into concrete actions&#10;    throw new io.cucumber.java.PendingException();&#10;}&#10;When(&quot;I type {string} into element with xpath {string}&quot;, (String string, String string2) -&gt; {&#10;    // Write code here that turns the phrase above into concrete actions&#10;    throw new io.cucumber.java8.PendingException();&#10;});&#10;@Then(&quot;element with xpath {string} should not be displayed&quot;)&#10;public void element_with_xpath_should_not_be_displayed(String string) {&#10;    // Write code here that turns the phrase above into concrete actions&#10;    throw new io.cucumber.java.PendingException();&#10;}&#10;Then(&quot;element with xpath {string} should not be displayed&quot;, (String string) -&gt; {&#10;    // Write code here that turns the phrase above into concrete actions&#10;    throw new io.cucumber.java8.PendingException();&#10;});&#10;@Then(&quot;element with xpath {string} should have attribute {string} as {string}&quot;)&#10;public void element_with_xpath_should_have_attribute_as(String string, String string2, String string3) {&#10;    // Write code here that turns the phrase above into concrete actions&#10;    throw new io.cucumber.java.PendingException();&#10;}&#10;Then(&quot;element with xpath {string} should have attribute {string} as {string}&quot;, (String string, String string2, String string3) -&gt; {&#10;    // Write code here that turns the phrase above into concrete actions&#10;    throw new io.cucumber.java8.PendingException();&#10;});&#10;" type="io.cucumber.junit.UndefinedStepException"><![CDATA[io.cucumber.junit.UndefinedStepException: 
The step 'I open url "https://skryabin.com/market/quote.html"' and 9 other step(s) are undefined.
You can implement these steps using the snippet(s) below:

@Given("I open url {string}")
public void i_open_url(String string) {
    // Write code here that turns the phrase above into concrete actions
    throw new io.cucumber.java.PendingException();
}
Given("I open url {string}", (String string) -> {
    // Write code here that turns the phrase above into concrete actions
    throw new io.cucumber.java8.PendingException();
});
@Then("element with xpath {string} should be present")
public void element_with_xpath_should_be_present(String string) {
    // Write code here that turns the phrase above into concrete actions
    throw new io.cucumber.java.PendingException();
}
Then("element with xpath {string} should be present", (String string) -> {
    // Write code here that turns the phrase above into concrete actions
    throw new io.cucumber.java8.PendingException();
});
@When("I click on element with xpath {string}")
public void i_click_on_element_with_xpath(String string) {
    // Write code here that turns the phrase above into concrete actions
    throw new io.cucumber.java.PendingException();
}
When("I click on element with xpath {string}", (String string) -> {
    // Write code here that turns the phrase above into concrete actions
    throw new io.cucumber.java8.PendingException();
});
@Then("element with xpath {string} should be displayed")
public void element_with_xpath_should_be_displayed(String string) {
    // Write code here that turns the phrase above into concrete actions
    throw new io.cucumber.java.PendingException();
}
Then("element with xpath {string} should be displayed", (String string) -> {
    // Write code here that turns the phrase above into concrete actions
    throw new io.cucumber.java8.PendingException();
});
@When("I type {string} into element with xpath {string}")
public void i_type_into_element_with_xpath(String string, String string2) {
    // Write code here that turns the phrase above into concrete actions
    throw new io.cucumber.java.PendingException();
}
When("I type {string} into element with xpath {string}", (String string, String string2) -> {
    // Write code here that turns the phrase above into concrete actions
    throw new io.cucumber.java8.PendingException();
});
@Then("element with xpath {string} should not be displayed")
public void element_with_xpath_should_not_be_displayed(String string) {
    // Write code here that turns the phrase above into concrete actions
    throw new io.cucumber.java.PendingException();
}
Then("element with xpath {string} should not be displayed", (String string) -> {
    // Write code here that turns the phrase above into concrete actions
    throw new io.cucumber.java8.PendingException();
});
@Then("element with xpath {string} should have attribute {string} as {string}")
public void element_with_xpath_should_have_attribute_as(String string, String string2, String string3) {
    // Write code here that turns the phrase above into concrete actions
    throw new io.cucumber.java.PendingException();
}
Then("element with xpath {string} should have attribute {string} as {string}", (String string, String string2, String string3) -> {
    // Write code here that turns the phrase above into concrete actions
    throw new io.cucumber.java8.PendingException();
});

]]></error>
    <system-out><![CDATA[INFO 10:10:11:810 wdm.WebDriverManager resolveDriverVersion:1197 Using chromedriver 109.0.5414.74 (resolved driver for Chrome 109)
INFO 10:10:11:819 wdm.WebDriverManager exportDriver:1252 Exporting webdriver.chrome.driver as C:\Users\ilyas\.cache\selenium\chromedriver\win32\109.0.5414.74\chromedriver.exe
t be displayed&amp#27;[0m

@predefined @predefined16 @smoke
Scenario: Validate “Name” field behavior                                                                    &amp#27;[90m# src/test/resources/features/predefined.feature:204&amp#27;[0m
  &amp#27;[33mGiven &amp#27;[0m&amp#27;[33mI open url "https://skryabin.com/market/quote.html"&amp#27;[0m
  &amp#27;[36mThen &amp#27;[0m&amp#27;[36melement with xpath "//input[@id='name']" should be present&amp#27;[0m
  &amp#27;[36mWhen &amp#27;[0m&amp#27;[36mI click on element with xpath "//input[@id='name']"&amp#27;[0m
  &amp#27;[36mThen &amp#27;[0m&amp#27;[36melement with xpath "//div[@aria-describedby='nameDialog']" should be displayed&amp#27;[0m
  &amp#27;[36mWhen &amp#27;[0m&amp#27;[36mI type "Elena" into element with xpath "//input[@id='firstName']"&amp#27;[0m
  &amp#27;[36mWhen &amp#27;[0m&amp#27;[36mI type "Evgenyevna" into element with xpath "//input[@id='middleName']"&amp#27;[0m
  &amp#27;[36mWhen &amp#27;[0m&amp#27;[36mI type "Mutykova" into element with xpath "//input[@id='lastName']"&amp#27;[0m
  &amp#27;[36mWhen &amp#27;[0m&amp#27;[36mI click on element with xpath "//span[contains(text(), 'Save')]/."&amp#27;[0m
  &amp#27;[36mThen &amp#27;[0m&amp#27;[36melement with xpath "//div[@aria-describedby='nameDialog']" should not be displayed&amp#27;[0m
  &amp#27;[36mAnd &amp#27;[0m&amp#27;[36melement with xpath "//input]]></system-out>
    <system-err><![CDATA[ChromeDriver was started successfully.
Feb 01, 2023 10:10:14 AM org.openqa.selenium.remote.ProtocolHandshake createSession
INFO: Detected upstream dialect: W3C
Feb 01, 2023 10:10:14 AM org.openqa.selenium.devtools.CdpVersionFinder findNearestMatch
WARNING: Unable to find an exact match for CDP version 109, so returning the closest version found: a no-op implementation
Feb 01, 2023 10:10:14 AM org.openqa.selenium.devtools.CdpVersionFinder findNearestMatch
INFO: Unable to find CDP implementation matching 109.
Feb 01, 2023 10:10:14 AM org.openqa.selenium.chromium.ChromiumDriver lambda$new$3
WARNING: Unable to find version of CDP to use for . You may need to include a dependency on a specific version of the CDP using something similar to `org.seleniumhq.selenium:selenium-devtools-v86:4.2.1` where the version ("v86") matches the version of the chromium-based browser you're using and the version number of the artifact is the same as Selenium's.
]]></system-err>
  </testcase>
  <testcase name="Validate that Accepting Privacy Policy is required to" classname="Smoke steps" time="2.872">
    <error message="The step &apos;I open url &quot;https://skryabin.com/market/quote.html&quot;&apos; and 6 other step(s) are undefined.&#10;You can implement these steps using the snippet(s) below:&#10;&#10;@Given(&quot;I open url {string}&quot;)&#10;public void i_open_url(String string) {&#10;    // Write code here that turns the phrase above into concrete actions&#10;    throw new io.cucumber.java.PendingException();&#10;}&#10;Given(&quot;I open url {string}&quot;, (String string) -&gt; {&#10;    // Write code here that turns the phrase above into concrete actions&#10;    throw new io.cucumber.java8.PendingException();&#10;});&#10;@When(&quot;I click on element with xpath {string}&quot;)&#10;public void i_click_on_element_with_xpath(String string) {&#10;    // Write code here that turns the phrase above into concrete actions&#10;    throw new io.cucumber.java.PendingException();&#10;}&#10;When(&quot;I click on element with xpath {string}&quot;, (String string) -&gt; {&#10;    // Write code here that turns the phrase above into concrete actions&#10;    throw new io.cucumber.java8.PendingException();&#10;});&#10;@When(&quot;I wait for {int} sec&quot;)&#10;public void i_wait_for_sec(Integer int1) {&#10;    // Write code here that turns the phrase above into concrete actions&#10;    throw new io.cucumber.java.PendingException();&#10;}&#10;When(&quot;I wait for {int} sec&quot;, (Integer int1) -&gt; {&#10;    // Write code here that turns the phrase above into concrete actions&#10;    throw new io.cucumber.java8.PendingException();&#10;});&#10;@Then(&quot;element with xpath {string} should contain text {string}&quot;)&#10;public void element_with_xpath_should_contain_text(String string, String string2) {&#10;    // Write code here that turns the phrase above into concrete actions&#10;    throw new io.cucumber.java.PendingException();&#10;}&#10;Then(&quot;element with xpath {string} should contain text {string}&quot;, (String string, String string2) -&gt; {&#10;    // Write code here that turns the phrase above into concrete actions&#10;    throw new io.cucumber.java8.PendingException();&#10;});&#10;@Then(&quot;element with xpath {string} should be selected&quot;)&#10;public void element_with_xpath_should_be_selected(String string) {&#10;    // Write code here that turns the phrase above into concrete actions&#10;    throw new io.cucumber.java.PendingException();&#10;}&#10;Then(&quot;element with xpath {string} should be selected&quot;, (String string) -&gt; {&#10;    // Write code here that turns the phrase above into concrete actions&#10;    throw new io.cucumber.java8.PendingException();&#10;});&#10;@Then(&quot;element with xpath {string} should not be displayed&quot;)&#10;public void element_with_xpath_should_not_be_displayed(String string) {&#10;    // Write code here that turns the phrase above into concrete actions&#10;    throw new io.cucumber.java.PendingException();&#10;}&#10;Then(&quot;element with xpath {string} should not be displayed&quot;, (String string) -&gt; {&#10;    // Write code here that turns the phrase above into concrete actions&#10;    throw new io.cucumber.java8.PendingException();&#10;});&#10;" type="io.cucumber.junit.UndefinedStepException"><![CDATA[io.cucumber.junit.UndefinedStepException: 
The step 'I open url "https://skryabin.com/market/quote.html"' and 6 other step(s) are undefined.
You can implement these steps using the snippet(s) below:

@Given("I open url {string}")
public void i_open_url(String string) {
    // Write code here that turns the phrase above into concrete actions
    throw new io.cucumber.java.PendingException();
}
Given("I open url {string}", (String string) -> {
    // Write code here that turns the phrase above into concrete actions
    throw new io.cucumber.java8.PendingException();
});
@When("I click on element with xpath {string}")
public void i_click_on_element_with_xpath(String string) {
    // Write code here that turns the phrase above into concrete actions
    throw new io.cucumber.java.PendingException();
}
When("I click on element with xpath {string}", (String string) -> {
    // Write code here that turns the phrase above into concrete actions
    throw new io.cucumber.java8.PendingException();
});
@When("I wait for {int} sec")
public void i_wait_for_sec(Integer int1) {
    // Write code here that turns the phrase above into concrete actions
    throw new io.cucumber.java.PendingException();
}
When("I wait for {int} sec", (Integer int1) -> {
    // Write code here that turns the phrase above into concrete actions
    throw new io.cucumber.java8.PendingException();
});
@Then("element with xpath {string} should contain text {string}")
public void element_with_xpath_should_contain_text(String string, String string2) {
    // Write code here that turns the phrase above into concrete actions
    throw new io.cucumber.java.PendingException();
}
Then("element with xpath {string} should contain text {string}", (String string, String string2) -> {
    // Write code here that turns the phrase above into concrete actions
    throw new io.cucumber.java8.PendingException();
});
@Then("element with xpath {string} should be selected")
public void element_with_xpath_should_be_selected(String string) {
    // Write code here that turns the phrase above into concrete actions
    throw new io.cucumber.java.PendingException();
}
Then("element with xpath {string} should be selected", (String string) -> {
    // Write code here that turns the phrase above into concrete actions
    throw new io.cucumber.java8.PendingException();
});
@Then("element with xpath {string} should not be displayed")
public void element_with_xpath_should_not_be_displayed(String string) {
    // Write code here that turns the phrase above into concrete actions
    throw new io.cucumber.java.PendingException();
}
Then("element with xpath {string} should not be displayed", (String string) -> {
    // Write code here that turns the phrase above into concrete actions
    throw new io.cucumber.java8.PendingException();
});

]]></error>
    <system-out><![CDATA[INFO 10:10:14:790 wdm.WebDriverManager resolveDriverVersion:1197 Using chromedriver 109.0.5414.74 (resolved driver for Chrome 109)
INFO 10:10:14:798 wdm.WebDriverManager exportDriver:1252 Exporting webdriver.chrome.driver as C:\Users\ilyas\.cache\selenium\chromedriver\win32\109.0.5414.74\chromedriver.exe
[@id='name']" should have attribute "value" as "Elena Evgenyevna Mutykova"&amp#27;[0m

@predefined @predefined17 @smoke
Scenario: Validate that Accepting Privacy Policy is required to                                          &amp#27;[90m# src/test/resources/features/predefined.feature:217&amp#27;[0m
  &amp#27;[33mGiven &amp#27;[0m&amp#27;[33mI open url "https://skryabin.com/market/quote.html"&amp#27;[0m
  &amp#27;[36mWhen &amp#27;[0m&amp#27;[36mI click on element with xpath "//button[@id='formSubmit']"&amp#27;[0m
  &amp#27;[36mAnd &amp#27;[0m&amp#27;[36mI wait for 2 sec&amp#27;[0m
  &amp#27;[36mThen &amp#27;[0m&amp#27;[36melement with xpath "//label[@id='agreedToPriv]]></system-out>
    <system-err><![CDATA[ChromeDriver was started successfully.
Feb 01, 2023 10:10:17 AM org.openqa.selenium.remote.ProtocolHandshake createSession
INFO: Detected upstream dialect: W3C
Feb 01, 2023 10:10:17 AM org.openqa.selenium.devtools.CdpVersionFinder findNearestMatch
WARNING: Unable to find an exact match for CDP version 109, so returning the closest version found: a no-op implementation
Feb 01, 2023 10:10:17 AM org.openqa.selenium.devtools.CdpVersionFinder findNearestMatch
INFO: Unable to find CDP implementation matching 109.
Feb 01, 2023 10:10:17 AM org.openqa.selenium.chromium.ChromiumDriver lambda$new$3
WARNING: Unable to find version of CDP to use for . You may need to include a dependency on a specific version of the CDP using something similar to `org.seleniumhq.selenium:selenium-devtools-v86:4.2.1` where the version ("v86") matches the version of the chromium-based browser you're using and the version number of the artifact is the same as Selenium's.
]]></system-err>
  </testcase>
  <testcase name="Try entering the following non-required fields in the order:" classname="Smoke steps" time="3.017">
    <error message="The step &apos;I open url &quot;https://skryabin.com/market/quote.html&quot;&apos; and 16 other step(s) are undefined.&#10;You can implement these steps using the snippet(s) below:&#10;&#10;@Given(&quot;I open url {string}&quot;)&#10;public void i_open_url(String string) {&#10;    // Write code here that turns the phrase above into concrete actions&#10;    throw new io.cucumber.java.PendingException();&#10;}&#10;Given(&quot;I open url {string}&quot;, (String string) -&gt; {&#10;    // Write code here that turns the phrase above into concrete actions&#10;    throw new io.cucumber.java8.PendingException();&#10;});&#10;@Then(&quot;I wait for {int} sec&quot;)&#10;public void i_wait_for_sec(Integer int1) {&#10;    // Write code here that turns the phrase above into concrete actions&#10;    throw new io.cucumber.java.PendingException();&#10;}&#10;Then(&quot;I wait for {int} sec&quot;, (Integer int1) -&gt; {&#10;    // Write code here that turns the phrase above into concrete actions&#10;    throw new io.cucumber.java8.PendingException();&#10;});&#10;@When(&quot;I type {string} into element with xpath {string}&quot;)&#10;public void i_type_into_element_with_xpath(String string, String string2) {&#10;    // Write code here that turns the phrase above into concrete actions&#10;    throw new io.cucumber.java.PendingException();&#10;}&#10;When(&quot;I type {string} into element with xpath {string}&quot;, (String string, String string2) -&gt; {&#10;    // Write code here that turns the phrase above into concrete actions&#10;    throw new io.cucumber.java8.PendingException();&#10;});&#10;@When(&quot;I click on element with xpath {string}&quot;)&#10;public void i_click_on_element_with_xpath(String string) {&#10;    // Write code here that turns the phrase above into concrete actions&#10;    throw new io.cucumber.java.PendingException();&#10;}&#10;When(&quot;I click on element with xpath {string}&quot;, (String string) -&gt; {&#10;    // Write code here that turns the phrase above into concrete actions&#10;    throw new io.cucumber.java8.PendingException();&#10;});&#10;@Then(&quot;element with xpath {string} should have attribute {string} as {string}&quot;)&#10;public void element_with_xpath_should_have_attribute_as(String string, String string2, String string3) {&#10;    // Write code here that turns the phrase above into concrete actions&#10;    throw new io.cucumber.java.PendingException();&#10;}&#10;Then(&quot;element with xpath {string} should have attribute {string} as {string}&quot;, (String string, String string2, String string3) -&gt; {&#10;    // Write code here that turns the phrase above into concrete actions&#10;    throw new io.cucumber.java8.PendingException();&#10;});&#10;@Then(&quot;element with xpath {string} should be displayed&quot;)&#10;public void element_with_xpath_should_be_displayed(String string) {&#10;    // Write code here that turns the phrase above into concrete actions&#10;    throw new io.cucumber.java.PendingException();&#10;}&#10;Then(&quot;element with xpath {string} should be displayed&quot;, (String string) -&gt; {&#10;    // Write code here that turns the phrase above into concrete actions&#10;    throw new io.cucumber.java8.PendingException();&#10;});&#10;" type="io.cucumber.junit.UndefinedStepException"><![CDATA[io.cucumber.junit.UndefinedStepException: 
The step 'I open url "https://skryabin.com/market/quote.html"' and 16 other step(s) are undefined.
You can implement these steps using the snippet(s) below:

@Given("I open url {string}")
public void i_open_url(String string) {
    // Write code here that turns the phrase above into concrete actions
    throw new io.cucumber.java.PendingException();
}
Given("I open url {string}", (String string) -> {
    // Write code here that turns the phrase above into concrete actions
    throw new io.cucumber.java8.PendingException();
});
@Then("I wait for {int} sec")
public void i_wait_for_sec(Integer int1) {
    // Write code here that turns the phrase above into concrete actions
    throw new io.cucumber.java.PendingException();
}
Then("I wait for {int} sec", (Integer int1) -> {
    // Write code here that turns the phrase above into concrete actions
    throw new io.cucumber.java8.PendingException();
});
@When("I type {string} into element with xpath {string}")
public void i_type_into_element_with_xpath(String string, String string2) {
    // Write code here that turns the phrase above into concrete actions
    throw new io.cucumber.java.PendingException();
}
When("I type {string} into element with xpath {string}", (String string, String string2) -> {
    // Write code here that turns the phrase above into concrete actions
    throw new io.cucumber.java8.PendingException();
});
@When("I click on element with xpath {string}")
public void i_click_on_element_with_xpath(String string) {
    // Write code here that turns the phrase above into concrete actions
    throw new io.cucumber.java.PendingException();
}
When("I click on element with xpath {string}", (String string) -> {
    // Write code here that turns the phrase above into concrete actions
    throw new io.cucumber.java8.PendingException();
});
@Then("element with xpath {string} should have attribute {string} as {string}")
public void element_with_xpath_should_have_attribute_as(String string, String string2, String string3) {
    // Write code here that turns the phrase above into concrete actions
    throw new io.cucumber.java.PendingException();
}
Then("element with xpath {string} should have attribute {string} as {string}", (String string, String string2, String string3) -> {
    // Write code here that turns the phrase above into concrete actions
    throw new io.cucumber.java8.PendingException();
});
@Then("element with xpath {string} should be displayed")
public void element_with_xpath_should_be_displayed(String string) {
    // Write code here that turns the phrase above into concrete actions
    throw new io.cucumber.java.PendingException();
}
Then("element with xpath {string} should be displayed", (String string) -> {
    // Write code here that turns the phrase above into concrete actions
    throw new io.cucumber.java8.PendingException();
});

]]></error>
    <system-out><![CDATA[acyPolicy-error']" should contain text "Must check!"&amp#27;[0m
  &amp#27;[36mWhen &amp#27;[0m&amp#27;[36mI click on element with xpath "//input[@name='agreedToPrivacyPolicy']"&amp#27;[0m
  &amp#27;[36mThen &amp#27;[0m&amp#27;[36melement with xpath "//input[@name='agreedToPrivacyPolicy']" should be selected&amp#27;[0m
  &amp#27;[36mAnd &amp#27;[0m&amp#27;[36melement with xpath "//label[@id='agreedToPrivacyPolicy-error']" should not be displayed&amp#27;[0m

@predefined @predefined18 @smoke
Scenario: Try entering the following non-required fields in the order:                                    &amp#27;[90m# src/test/resources/features/predeINFO 10:10:17:658 wdm.WebDriverManager resolveDriverVersion:1197 Using chromedriver 109.0.5414.74 (resolved driver for Chrome 109)
INFO 10:10:17:663 wdm.WebDriverManager exportDriver:1252 Exporting webdriver.chrome.driver as C:\Users\ilyas\.cache\selenium\chromedriver\win32\109.0.5414.74\chromedriver.exe
fined.feature:228&amp#27;[0m
  &amp#27;[33mGiven &amp#27;[0m&amp#27;[33mI open url "https://skryabin.com/market/quote.html"&amp#27;[0m
  &amp#27;[36mThen &amp#27;[0m&amp#27;[36mI wait for 3 sec&amp#27;[0m
  &amp#27;[36mWhen &amp#27;[0m&amp#27;[36mI type "+1213232424" into element with xpath "//input[@name='phone']"&amp#27;[0m
  &amp#27;[36mWhen &amp#27;[0m&amp#27;[36mI click on element with xpath "//select[@name='countryOfOrigin']/option[@value='Russia']"&amp#27;[0m
  &amp#27;[36mWhen &amp#27;[0m&amp#27;[36mI click on element with xpath "//input[@name='gender'][@value='female']"&amp#27;[0m
  &amp#27;[36mWhen &amp#27;[0m&amp#27;[36mI click on element with xpath "//input[@name='allowedToContact']"&amp#27;[0m
  &amp#27;[36mWhen &amp#27;[0m&amp#27;[36mI type "2344 Budapest Andrassy 122, 2/A" into element with xpath "//textarea[@id='address']"&amp#27;[0m
  &amp#27;[36mWhen &amp#27;[0m&amp#27;[36mI click on element with xpath "//select[@name='carMake']/option[@value='BMW']"&amp#27;[0m
  &amp#27;[36mWhen &amp#27;[0m&amp#27;[36mI click on element with xpath "//button[@onclick='thirdPartyAlert()']"&amp#27;[0m
  &amp#27;[36mThen &amp#27;[0m&amp#27;[36mI wait for 3 sec&amp#27;[0m
  &amp#27;[36mAnd &amp#27;[0m&amp#27;[36melement with xpath "//input[@id='thirdPartyAgreement']" should have attribute "value" as "accepted"&amp#27;[0m
  &amp#27;[36mWhen &amp#27;[0m&amp#27;[36mI click on element with xpath "//input[@id='dateOfBi]]></system-out>
    <system-err><![CDATA[ChromeDriver was started successfully.
Feb 01, 2023 10:10:20 AM org.openqa.selenium.remote.ProtocolHandshake createSession
INFO: Detected upstream dialect: W3C
Feb 01, 2023 10:10:20 AM org.openqa.selenium.devtools.CdpVersionFinder findNearestMatch
WARNING: Unable to find an exact match for CDP version 109, so returning the closest version found: a no-op implementation
Feb 01, 2023 10:10:20 AM org.openqa.selenium.devtools.CdpVersionFinder findNearestMatch
INFO: Unable to find CDP implementation matching 109.
Feb 01, 2023 10:10:20 AM org.openqa.selenium.chromium.ChromiumDriver lambda$new$3
WARNING: Unable to find version of CDP to use for . You may need to include a dependency on a specific version of the CDP using something similar to `org.seleniumhq.selenium:selenium-devtools-v86:4.2.1` where the version ("v86") matches the version of the chromium-based browser you're using and the version number of the artifact is the same as Selenium's.
]]></system-err>
  </testcase>
  <testcase name="Submit the form and verify the data." classname="Smoke steps" time="2.708">
    <error message="The step &apos;I open url &quot;https://skryabin.com/market/quote.html&quot;&apos; and 39 other step(s) are undefined.&#10;You can implement these steps using the snippet(s) below:&#10;&#10;@Given(&quot;I open url {string}&quot;)&#10;public void i_open_url(String string) {&#10;    // Write code here that turns the phrase above into concrete actions&#10;    throw new io.cucumber.java.PendingException();&#10;}&#10;Given(&quot;I open url {string}&quot;, (String string) -&gt; {&#10;    // Write code here that turns the phrase above into concrete actions&#10;    throw new io.cucumber.java8.PendingException();&#10;});&#10;@Then(&quot;I wait for {int} sec&quot;)&#10;public void i_wait_for_sec(Integer int1) {&#10;    // Write code here that turns the phrase above into concrete actions&#10;    throw new io.cucumber.java.PendingException();&#10;}&#10;Then(&quot;I wait for {int} sec&quot;, (Integer int1) -&gt; {&#10;    // Write code here that turns the phrase above into concrete actions&#10;    throw new io.cucumber.java8.PendingException();&#10;});&#10;@When(&quot;I type {string} into element with xpath {string}&quot;)&#10;public void i_type_into_element_with_xpath(String string, String string2) {&#10;    // Write code here that turns the phrase above into concrete actions&#10;    throw new io.cucumber.java.PendingException();&#10;}&#10;When(&quot;I type {string} into element with xpath {string}&quot;, (String string, String string2) -&gt; {&#10;    // Write code here that turns the phrase above into concrete actions&#10;    throw new io.cucumber.java8.PendingException();&#10;});&#10;@When(&quot;I click on element with xpath {string}&quot;)&#10;public void i_click_on_element_with_xpath(String string) {&#10;    // Write code here that turns the phrase above into concrete actions&#10;    throw new io.cucumber.java.PendingException();&#10;}&#10;When(&quot;I click on element with xpath {string}&quot;, (String string) -&gt; {&#10;    // Write code here that turns the phrase above into concrete actions&#10;    throw new io.cucumber.java8.PendingException();&#10;});&#10;@Then(&quot;element with xpath {string} should be displayed&quot;)&#10;public void element_with_xpath_should_be_displayed(String string) {&#10;    // Write code here that turns the phrase above into concrete actions&#10;    throw new io.cucumber.java.PendingException();&#10;}&#10;Then(&quot;element with xpath {string} should be displayed&quot;, (String string) -&gt; {&#10;    // Write code here that turns the phrase above into concrete actions&#10;    throw new io.cucumber.java8.PendingException();&#10;});&#10;@Then(&quot;element with xpath {string} should have attribute {string} as {string}&quot;)&#10;public void element_with_xpath_should_have_attribute_as(String string, String string2, String string3) {&#10;    // Write code here that turns the phrase above into concrete actions&#10;    throw new io.cucumber.java.PendingException();&#10;}&#10;Then(&quot;element with xpath {string} should have attribute {string} as {string}&quot;, (String string, String string2, String string3) -&gt; {&#10;    // Write code here that turns the phrase above into concrete actions&#10;    throw new io.cucumber.java8.PendingException();&#10;});&#10;@Then(&quot;element with xpath {string} should be present&quot;)&#10;public void element_with_xpath_should_be_present(String string) {&#10;    // Write code here that turns the phrase above into concrete actions&#10;    throw new io.cucumber.java.PendingException();&#10;}&#10;Then(&quot;element with xpath {string} should be present&quot;, (String string) -&gt; {&#10;    // Write code here that turns the phrase above into concrete actions&#10;    throw new io.cucumber.java8.PendingException();&#10;});&#10;@Then(&quot;element with xpath {string} should not be displayed&quot;)&#10;public void element_with_xpath_should_not_be_displayed(String string) {&#10;    // Write code here that turns the phrase above into concrete actions&#10;    throw new io.cucumber.java.PendingException();&#10;}&#10;Then(&quot;element with xpath {string} should not be displayed&quot;, (String string) -&gt; {&#10;    // Write code here that turns the phrase above into concrete actions&#10;    throw new io.cucumber.java8.PendingException();&#10;});&#10;@Then(&quot;element with xpath {string} should have text as {string}&quot;)&#10;public void element_with_xpath_should_have_text_as(String string, String string2) {&#10;    // Write code here that turns the phrase above into concrete actions&#10;    throw new io.cucumber.java.PendingException();&#10;}&#10;Then(&quot;element with xpath {string} should have text as {string}&quot;, (String string, String string2) -&gt; {&#10;    // Write code here that turns the phrase above into concrete actions&#10;    throw new io.cucumber.java8.PendingException();&#10;});&#10;" type="io.cucumber.junit.UndefinedStepException"><![CDATA[io.cucumber.junit.UndefinedStepException: 
The step 'I open url "https://skryabin.com/market/quote.html"' and 39 other step(s) are undefined.
You can implement these steps using the snippet(s) below:

@Given("I open url {string}")
public void i_open_url(String string) {
    // Write code here that turns the phrase above into concrete actions
    throw new io.cucumber.java.PendingException();
}
Given("I open url {string}", (String string) -> {
    // Write code here that turns the phrase above into concrete actions
    throw new io.cucumber.java8.PendingException();
});
@Then("I wait for {int} sec")
public void i_wait_for_sec(Integer int1) {
    // Write code here that turns the phrase above into concrete actions
    throw new io.cucumber.java.PendingException();
}
Then("I wait for {int} sec", (Integer int1) -> {
    // Write code here that turns the phrase above into concrete actions
    throw new io.cucumber.java8.PendingException();
});
@When("I type {string} into element with xpath {string}")
public void i_type_into_element_with_xpath(String string, String string2) {
    // Write code here that turns the phrase above into concrete actions
    throw new io.cucumber.java.PendingException();
}
When("I type {string} into element with xpath {string}", (String string, String string2) -> {
    // Write code here that turns the phrase above into concrete actions
    throw new io.cucumber.java8.PendingException();
});
@When("I click on element with xpath {string}")
public void i_click_on_element_with_xpath(String string) {
    // Write code here that turns the phrase above into concrete actions
    throw new io.cucumber.java.PendingException();
}
When("I click on element with xpath {string}", (String string) -> {
    // Write code here that turns the phrase above into concrete actions
    throw new io.cucumber.java8.PendingException();
});
@Then("element with xpath {string} should be displayed")
public void element_with_xpath_should_be_displayed(String string) {
    // Write code here that turns the phrase above into concrete actions
    throw new io.cucumber.java.PendingException();
}
Then("element with xpath {string} should be displayed", (String string) -> {
    // Write code here that turns the phrase above into concrete actions
    throw new io.cucumber.java8.PendingException();
});
@Then("element with xpath {string} should have attribute {string} as {string}")
public void element_with_xpath_should_have_attribute_as(String string, String string2, String string3) {
    // Write code here that turns the phrase above into concrete actions
    throw new io.cucumber.java.PendingException();
}
Then("element with xpath {string} should have attribute {string} as {string}", (String string, String string2, String string3) -> {
    // Write code here that turns the phrase above into concrete actions
    throw new io.cucumber.java8.PendingException();
});
@Then("element with xpath {string} should be present")
public void element_with_xpath_should_be_present(String string) {
    // Write code here that turns the phrase above into concrete actions
    throw new io.cucumber.java.PendingException();
}
Then("element with xpath {string} should be present", (String string) -> {
    // Write code here that turns the phrase above into concrete actions
    throw new io.cucumber.java8.PendingException();
});
@Then("element with xpath {string} should not be displayed")
public void element_with_xpath_should_not_be_displayed(String string) {
    // Write code here that turns the phrase above into concrete actions
    throw new io.cucumber.java.PendingException();
}
Then("element with xpath {string} should not be displayed", (String string) -> {
    // Write code here that turns the phrase above into concrete actions
    throw new io.cucumber.java8.PendingException();
});
@Then("element with xpath {string} should have text as {string}")
public void element_with_xpath_should_have_text_as(String string, String string2) {
    // Write code here that turns the phrase above into concrete actions
    throw new io.cucumber.java.PendingException();
}
Then("element with xpath {string} should have text as {string}", (String string, String string2) -> {
    // Write code here that turns the phrase above into concrete actions
    throw new io.cucumber.java8.PendingException();
});

]]></error>
    <system-out><![CDATA[rth']"&amp#27;[0m
  &amp#27;[36mThen &amp#27;[0m&amp#27;[36melement with xpath "//div[@id='ui-datepicker-div']" should be displayed&amp#27;[0m
  &amp#27;[36mWhen &amp#27;[0m&amp#27;[36mI click on element with xpath "//select[@data-handler='selectMonth']/option[@value='2']"&amp#27;[0m
  &amp#27;[36mWhen &amp#27;[0m&amp#27;[36mI click on element with xpath "//select[@data-handler='selectYear']/option[@value='1993']"&amp#27;[0m
  &amp#27;[36mWhen &amp#27;[0m&amp#27;[36mI click on element with xpath "//a[contains(text(),'16')]"&amp#27;[0m
  &amp#27;[36mThen &amp#27;[0m&amp#27;[36mI wait for 3 sec&amp#27;[0m

@predefined @predefined19 @smoke
Scenario: Submit the form and verify the data.     INFO 10:10:20:706 wdm.WebDriverManager resolveDriverVersion:1197 Using chromedriver 109.0.5414.74 (resolved driver for Chrome 109)
INFO 10:10:20:712 wdm.WebDriverManager exportDriver:1252 Exporting webdriver.chrome.driver as C:\Users\ilyas\.cache\selenium\chromedriver\win32\109.0.5414.74\chromedriver.exe
                                                                       &amp#27;[90m# src/test/resources/features/predefined.feature:258&amp#27;[0m
  &amp#27;[33mGiven &amp#27;[0m&amp#27;[33mI open url "https://skryabin.com/market/quote.html"&amp#27;[0m
  &amp#27;[36mThen &amp#27;[0m&amp#27;[36mI wait for 3 sec&amp#27;[0m
  &amp#27;[36mWhen &amp#27;[0m&amp#27;[36mI type "lenapost@mail.com" into element with xpath "//input[@name='email']"&amp#27;[0m
  &amp#27;[36mWhen &amp#27;[0m&amp#27;[36mI type "lena001" into element with xpath "//input[@name='username']"&amp#27;[0m
  &amp#27;[36mWhen &amp#27;[0m&amp#27;[36mI click on element with xpath "//input[@id='name']"&amp#27;[0m
  &amp#27;[36mThen &amp#27;[0m&amp#27;[36melement with xpath "//div[@aria-describedby='nameDialog']" should be displayed&amp#27;[0m
  &amp#27;[36mWhen &amp#27;[0m&amp#27;[36mI type "Elena" into element with xpath "//input[@id='firstName']"&amp#27;[0m
  &amp#27;[36mWhen &amp#27;[0m&amp#27;[36mI type "Evgenyevna" into element with xpath "//input[@id='middleName']"&amp#27;[0m
  &amp#27;[36mWhen &amp#27;[0m&amp#27;[36mI type "Mutykova" into element with xpath "//input[@id='lastName']"&amp#27;[0m
  &amp#27;[36mWhen &amp#27;[0m&amp#27;[36mI click on element with xpath "//span[contains(text(), 'Save')]/."&amp#27;[0m
  &amp#27;[36mWhen &amp#27;[0m&amp#27;[36mI type "+1213232424" into element with xpath "//input[@name='phone']"&amp#27;[0m
  &amp#27;[36mWhen &amp#27;[0m&amp#27;[36mI click on element with xpath "//select[@name='countryOfOrigin']/option[@value='Russia']"&amp#27;[0m
  &amp#27;[36mWhen &amp#27;[0m&amp#27;[36mI click on element with xpath "//input[@name='gender'][@value='female']"&amp#27;[0m
  &amp#27;[36mWhen &amp#27;[0m&amp#27;[36mI click on element with xpath "//input[@name='allowedToContact']"&amp#27;[0m
  &amp#27;[36mWhen &amp#27;[0m&amp#27;[36mI type "2344 Budapest Andrassy 122, 2/A" into element with xpath "//textarea[@id='address']"&amp#27;[0m
  &amp#27;[36mWhen &amp#27;[0m&amp#27;[36mI click on element with xpath "//select[@name='carMake']/option[@value='BMW']"&amp#27;[0m
  &amp#27;[36mWhen &amp#27;[0m&amp#27;[36mI click on element with xpath "//button[@onclick='thirdPartyAlert()']"&amp#27;[0m
  &amp#27;[36mThen &amp#27;[0m&amp#27;[36mI wait for 3 sec&amp#27;[0m
  &amp#27;[36mThen &amp#27;[0m&amp#27;[36melement with xpath "//input[@id='thirdPartyAgreement']" should have attribute "value" as "accepted"&amp#27;[0m
  &amp#27;[36mWhen &amp#27;[0m&amp#27;[36mI click on element with xpath "//input[@id='dateOfBirth']"&amp#27;[0m
  &amp#27;[36mThen &amp#27;[0m&amp#27;[36melement with xpath "//div[@id='ui-datepicker-div']" should be displayed&amp#27;[0m
  &amp#27;[36mWhen &amp#27;[0m&amp#27;[36mI click on element with xpath "//select[@data-handler='selectMonth']/option[@value='2']"&amp#27;[0m
  &amp#27;[36mWhen &amp#27;[0m&amp#27;[36mI click on element with xpath "//select[@data-handler='selectYear']/option[@value='1993']"&amp#27;[0m
  &amp#27;[36mWhen &amp#27;[0m&amp#27;[36mI click on element with xpath "//a[contains(text(),'16')]"&amp#27;[0m
  &amp#27;[36mThen &amp#27;[0m&amp#27;[36mI wait for 2 sec&amp#27;[0m
  &amp#27;[36mWhen &amp#27;[0m&amp#27;[36mI click on element with xpath "//button[@id='formSubmit']"&amp#27;[0m
  &amp#27;[36mThen &amp#27;[0m&amp#27;[36melement with xpath "//label[@id='password-error'][contains(text(),'This field is required.')]" should be displayed&amp#27;[0m
  &amp#27;[36mAnd &amp#27;[0m&amp#27;[36melement with xpath "//div[@id='quotePageResult']" should be present&amp#27;[0m
  &amp#27;[36mAnd &amp#27;[0m&amp#27;[36melement with xpath "//b[@name='password']" should not be displayed&amp#27;[0m
  &amp#27;[36mAnd &amp#27;[0m&amp#27;[36melement with xpath "//b[@name='name']" should have text as "Elena Evgenyevna Mutykova"&amp#27;[0m
  &amp#27;[36mAnd &amp#27;[0m&amp#27;[36melement with xpath "//legend/../section" should have text as "1213232424"&amp#27;[0m
  &amp#27;[36mAnd &amp#27;[0m&amp#27;[36melement with xpath "//b[@name='username'][contains(text(),'lena001')]" should be present&amp#27;[0m
  &amp#27;[36mAnd &amp#27;[0m&amp#27;[36melement with xpath "//b[@name='email'][contains(text(),'lenapost@mail.com')]" should be present&amp#27;[0m
  &amp#27;[36mAnd &amp#27;[0m&amp#27;[36melement with xpath "//b[@name='dateOfBirth'][contains(text(),'03/16/1993')]" should be present&amp#27;[0m
  &amp#27;[36mAnd &amp#27;[0m&amp#27;[36melement with xpath "//b[@name='countryOfOrigin'][contains(text(),'Russia')]" should be present&amp#27;[0m
  &amp#27;[36mAnd &amp#27;[0m&amp#27;[36melement with xpath "//b[@name='gender'][contains(text(),'female')]" should be present&amp#27;[0m
  &amp#27;[36mAnd &amp#27;[0m&amp#27;[36melement with xpath "//b[@name='address'][contains(text(),'2344 Budapest Andrassy 122, 2/A')]" should be present&amp#27;[0m
  &amp#27;[36mAnd &amp#27;[0m&amp#27;[36melement with xpath "//b[@name='carMake'][contains(text(),'BMW')]" s]]></system-out>
    <system-err><![CDATA[ChromeDriver was started successfully.
Feb 01, 2023 10:10:23 AM org.openqa.selenium.remote.ProtocolHandshake createSession
INFO: Detected upstream dialect: W3C
Feb 01, 2023 10:10:23 AM org.openqa.selenium.devtools.CdpVersionFinder findNearestMatch
WARNING: Unable to find an exact match for CDP version 109, so returning the closest version found: a no-op implementation
Feb 01, 2023 10:10:23 AM org.openqa.selenium.devtools.CdpVersionFinder findNearestMatch
INFO: Unable to find CDP implementation matching 109.
Feb 01, 2023 10:10:23 AM org.openqa.selenium.chromium.ChromiumDriver lambda$new$3
WARNING: Unable to find version of CDP to use for . You may need to include a dependency on a specific version of the CDP using something similar to `org.seleniumhq.selenium:selenium-devtools-v86:4.2.1` where the version ("v86") matches the version of the chromium-based browser you're using and the version number of the artifact is the same as Selenium's.
]]></system-err>
  </testcase>
</testsuite>